[0.117s] [35m[1mScanning dependencies of target hmi_node_client[0m
[0.143s] [ 20%] [32m[1mLinking CXX executable hmi_node_server[0m
[0.149s] [ 40%] [32mBuilding CXX object CMakeFiles/hmi_node_client.dir/src/client.cpp.o[0m
[0.391s] CMakeFiles/hmi_node_server.dir/src/EthernetPrimitives.cpp.o: In function `CommunicationPrimitives::get_socket_fd_()':
[0.391s] EthernetPrimitives.cpp:(.text+0x1b4): multiple definition of `CommunicationPrimitives::get_socket_fd_()'
[0.391s] CMakeFiles/hmi_node_server.dir/src/main.cpp.o:main.cpp:(.text+0xa6): first defined here
[0.391s] collect2: error: ld returned 1 exit status
[0.392s] CMakeFiles/hmi_node_server.dir/build.make:171: recipe for target 'hmi_node_server' failed
[0.392s] make[2]: *** [hmi_node_server] Error 1
[0.393s] CMakeFiles/Makefile2:131: recipe for target 'CMakeFiles/hmi_node_server.dir/all' failed
[0.393s] make[1]: *** [CMakeFiles/hmi_node_server.dir/all] Error 2
[0.393s] make[1]: *** Waiting for unfinished jobs....
[0.890s] In file included from [01m[K/home/riccardochiaretti/alba_v2_hmi/src/hmi_node/src/client.cpp:1:0[m[K:
[0.890s] [01m[K/home/riccardochiaretti/alba_v2_hmi/src/hmi_node/src/client.h:10:10:[m[K [01;31m[Kerror: [m[Kconflicting return type specified for ‘[01m[Kvirtual void Client::hmi_send()[m[K’
[0.890s]      void [01;31m[Khmi_send[m[K();
[0.890s]           [01;31m[K^~~~~~~~[m[K
[0.890s] In file included from [01m[K/home/riccardochiaretti/alba_v2_hmi/src/hmi_node/src/client.h:3:0[m[K,
[0.890s]                  from [01m[K/home/riccardochiaretti/alba_v2_hmi/src/hmi_node/src/client.cpp:1[m[K:
[0.891s] [01m[K/home/riccardochiaretti/alba_v2_hmi/src/hmi_node/src/communication_primitives.hpp:15:18:[m[K [01;31m[Kerror: [m[K  overriding ‘[01m[Kvirtual bool CommunicationPrimitives::hmi_send()[m[K’
[0.891s]      virtual bool [01;31m[Khmi_send[m[K(void);
[0.891s]                   [01;31m[K^~~~~~~~[m[K
[1.016s] CMakeFiles/hmi_node_client.dir/build.make:62: recipe for target 'CMakeFiles/hmi_node_client.dir/src/client.cpp.o' failed
[1.016s] make[2]: *** [CMakeFiles/hmi_node_client.dir/src/client.cpp.o] Error 1
[1.017s] make[1]: *** [CMakeFiles/hmi_node_client.dir/all] Error 2
[1.017s] make: *** [all] Error 2
[1.017s] CMakeFiles/Makefile2:168: recipe for target 'CMakeFiles/hmi_node_client.dir/all' failed
[1.017s] Makefile:140: recipe for target 'all' failed
