[0.119s] [35m[1mScanning dependencies of target hmi_node[0m
[0.158s] [ 33%] [32mBuilding CXX object CMakeFiles/hmi_node.dir/src/EthernetPrimitives.cpp.o[0m
[0.916s] [01m[K/home/riccardochiaretti/alba_v2_hmi/src/hmi_node/src/EthernetPrimitives.cpp:[m[K In member function ‘[01m[Kvoid EthernetPrimitives::wait_for_data()[m[K’:
[0.916s] [01m[K/home/riccardochiaretti/alba_v2_hmi/src/hmi_node/src/EthernetPrimitives.cpp:52:9:[m[K [01;35m[Kwarning: [m[Kunused variable ‘[01m[Kmax_fd[m[K’ [[01;35m[K-Wunused-variable[m[K]
[0.916s]      int [01;35m[Kmax_fd[m[K;
[0.916s]          [01;35m[K^~~~~~[m[K
[1.174s] [ 66%] [32m[1mLinking CXX executable hmi_node[0m
[1.384s] [100%] Built target hmi_node
[1.580s] [100%] Built target hmi_node
[1.615s] [36mInstall the project...[0m
[1.630s] -- Install configuration: ""
[1.631s] -- Execute custom install script
[1.631s] -- Up-to-date symlink: /home/riccardochiaretti/alba_v2_hmi/install/hmi_node/lib/hmi_node/hmi_node
[1.632s] -- Up-to-date symlink: /home/riccardochiaretti/alba_v2_hmi/install/hmi_node/share/ament_index/resource_index/package_run_dependencies/hmi_node
[1.632s] -- Up-to-date symlink: /home/riccardochiaretti/alba_v2_hmi/install/hmi_node/share/ament_index/resource_index/parent_prefix_path/hmi_node
[1.632s] -- Up-to-date symlink: /home/riccardochiaretti/alba_v2_hmi/install/hmi_node/share/hmi_node/environment/ament_prefix_path.sh
[1.632s] -- Up-to-date symlink: /home/riccardochiaretti/alba_v2_hmi/install/hmi_node/share/hmi_node/environment/ament_prefix_path.dsv
[1.633s] -- Up-to-date symlink: /home/riccardochiaretti/alba_v2_hmi/install/hmi_node/share/hmi_node/environment/path.sh
[1.633s] -- Up-to-date symlink: /home/riccardochiaretti/alba_v2_hmi/install/hmi_node/share/hmi_node/environment/path.dsv
[1.633s] -- Up-to-date symlink: /home/riccardochiaretti/alba_v2_hmi/install/hmi_node/share/hmi_node/local_setup.bash
[1.633s] -- Up-to-date symlink: /home/riccardochiaretti/alba_v2_hmi/install/hmi_node/share/hmi_node/local_setup.sh
[1.633s] -- Up-to-date symlink: /home/riccardochiaretti/alba_v2_hmi/install/hmi_node/share/hmi_node/local_setup.zsh
[1.634s] -- Up-to-date symlink: /home/riccardochiaretti/alba_v2_hmi/install/hmi_node/share/hmi_node/local_setup.dsv
[1.634s] -- Symlinking: /home/riccardochiaretti/alba_v2_hmi/install/hmi_node/share/hmi_node/package.dsv
[1.650s] -- Up-to-date symlink: /home/riccardochiaretti/alba_v2_hmi/install/hmi_node/share/ament_index/resource_index/packages/hmi_node
[1.651s] -- Up-to-date symlink: /home/riccardochiaretti/alba_v2_hmi/install/hmi_node/share/hmi_node/cmake/hmi_nodeConfig.cmake
[1.651s] -- Up-to-date symlink: /home/riccardochiaretti/alba_v2_hmi/install/hmi_node/share/hmi_node/cmake/hmi_nodeConfig-version.cmake
[1.651s] -- Up-to-date symlink: /home/riccardochiaretti/alba_v2_hmi/install/hmi_node/share/hmi_node/package.xml
