[0.224s] DEBUG:colcon:Command line arguments: ['/usr/bin/colcon', 'build', '--symlink-install']
[0.224s] DEBUG:colcon:Parsed command line arguments: Namespace(ament_cmake_args=None, base_paths=['.'], build_base='build', catkin_cmake_args=None, catkin_skip_building_tests=False, cmake_args=None, cmake_clean_cache=False, cmake_clean_first=False, cmake_force_configure=False, cmake_target=None, cmake_target_skip_unavailable=False, continue_on_error=False, event_handlers=None, executor='parallel', ignore_user_meta=False, install_base='install', log_base=None, log_level=None, main=<bound method BuildVerb.main of <colcon_core.verb.build.BuildVerb object at 0x7f596b4c0400>>, merge_install=False, metas=['./colcon.meta'], packages_above=None, packages_above_depth=None, packages_end=None, packages_ignore=None, packages_ignore_regex=None, packages_select=None, packages_select_build_failed=False, packages_select_by_dep=None, packages_select_regex=None, packages_select_test_failures=False, packages_skip=None, packages_skip_build_finished=False, packages_skip_by_dep=None, packages_skip_regex=None, packages_skip_test_passed=False, packages_skip_up_to=None, packages_start=None, packages_up_to=None, parallel_workers=12, paths=None, symlink_install=True, test_result_base=None, verb_extension=<colcon_core.verb.build.BuildVerb object at 0x7f596b4c0400>, verb_name='build', verb_parser=<colcon_defaults.argument_parser.defaults.DefaultArgumentsDecorator object at 0x7f596b4c0780>)
[0.279s] Level 1:colcon.colcon_core.package_discovery:discover_packages(colcon_meta) check parameters
[0.279s] Level 1:colcon.colcon_core.package_discovery:discover_packages(recursive) check parameters
[0.279s] Level 1:colcon.colcon_core.package_discovery:discover_packages(ignore) check parameters
[0.279s] Level 1:colcon.colcon_core.package_discovery:discover_packages(path) check parameters
[0.279s] Level 1:colcon.colcon_core.package_discovery:discover_packages(colcon_meta) discover
[0.280s] Level 1:colcon.colcon_core.package_discovery:discover_packages(recursive) discover
[0.280s] INFO:colcon.colcon_core.package_discovery:Crawling recursively for packages in '/home/riccardochiaretti/alba_v2_hmi'
[0.280s] Level 1:colcon.colcon_core.package_identification:_identify(.) by extensions ['ignore', 'ignore_ament_install']
[0.280s] Level 1:colcon.colcon_core.package_identification:_identify(.) by extension 'ignore'
[0.280s] Level 1:colcon.colcon_core.package_identification:_identify(.) by extension 'ignore_ament_install'
[0.280s] Level 1:colcon.colcon_core.package_identification:_identify(.) by extensions ['colcon_pkg']
[0.280s] Level 1:colcon.colcon_core.package_identification:_identify(.) by extension 'colcon_pkg'
[0.280s] Level 1:colcon.colcon_core.package_identification:_identify(.) by extensions ['colcon_meta']
[0.280s] Level 1:colcon.colcon_core.package_identification:_identify(.) by extension 'colcon_meta'
[0.280s] Level 1:colcon.colcon_core.package_identification:_identify(.) by extensions ['ros']
[0.280s] Level 1:colcon.colcon_core.package_identification:_identify(.) by extension 'ros'
[0.291s] Level 1:colcon.colcon_core.package_identification:_identify(.) by extensions ['cmake', 'python']
[0.291s] Level 1:colcon.colcon_core.package_identification:_identify(.) by extension 'cmake'
[0.292s] Level 1:colcon.colcon_core.package_identification:_identify(.) by extension 'python'
[0.292s] Level 1:colcon.colcon_core.package_identification:_identify(.) by extensions ['python_setup_py']
[0.292s] Level 1:colcon.colcon_core.package_identification:_identify(.) by extension 'python_setup_py'
[0.292s] Level 1:colcon.colcon_core.package_identification:_identify(build) by extensions ['ignore', 'ignore_ament_install']
[0.292s] Level 1:colcon.colcon_core.package_identification:_identify(build) by extension 'ignore'
[0.292s] Level 1:colcon.colcon_core.package_identification:_identify(build) ignored
[0.292s] Level 1:colcon.colcon_core.package_identification:_identify(install) by extensions ['ignore', 'ignore_ament_install']
[0.292s] Level 1:colcon.colcon_core.package_identification:_identify(install) by extension 'ignore'
[0.292s] Level 1:colcon.colcon_core.package_identification:_identify(install) ignored
[0.292s] Level 1:colcon.colcon_core.package_identification:_identify(log) by extensions ['ignore', 'ignore_ament_install']
[0.292s] Level 1:colcon.colcon_core.package_identification:_identify(log) by extension 'ignore'
[0.293s] Level 1:colcon.colcon_core.package_identification:_identify(log) ignored
[0.293s] Level 1:colcon.colcon_core.package_identification:_identify(src) by extensions ['ignore', 'ignore_ament_install']
[0.293s] Level 1:colcon.colcon_core.package_identification:_identify(src) by extension 'ignore'
[0.293s] Level 1:colcon.colcon_core.package_identification:_identify(src) by extension 'ignore_ament_install'
[0.293s] Level 1:colcon.colcon_core.package_identification:_identify(src) by extensions ['colcon_pkg']
[0.293s] Level 1:colcon.colcon_core.package_identification:_identify(src) by extension 'colcon_pkg'
[0.293s] Level 1:colcon.colcon_core.package_identification:_identify(src) by extensions ['colcon_meta']
[0.293s] Level 1:colcon.colcon_core.package_identification:_identify(src) by extension 'colcon_meta'
[0.293s] Level 1:colcon.colcon_core.package_identification:_identify(src) by extensions ['ros']
[0.293s] Level 1:colcon.colcon_core.package_identification:_identify(src) by extension 'ros'
[0.293s] Level 1:colcon.colcon_core.package_identification:_identify(src) by extensions ['cmake', 'python']
[0.293s] Level 1:colcon.colcon_core.package_identification:_identify(src) by extension 'cmake'
[0.293s] Level 1:colcon.colcon_core.package_identification:_identify(src) by extension 'python'
[0.293s] Level 1:colcon.colcon_core.package_identification:_identify(src) by extensions ['python_setup_py']
[0.293s] Level 1:colcon.colcon_core.package_identification:_identify(src) by extension 'python_setup_py'
[0.293s] Level 1:colcon.colcon_core.package_identification:_identify(src/build-hmi_node-Desktop-Debug) by extensions ['ignore', 'ignore_ament_install']
[0.293s] Level 1:colcon.colcon_core.package_identification:_identify(src/build-hmi_node-Desktop-Debug) by extension 'ignore'
[0.293s] Level 1:colcon.colcon_core.package_identification:_identify(src/build-hmi_node-Desktop-Debug) by extension 'ignore_ament_install'
[0.293s] Level 1:colcon.colcon_core.package_identification:_identify(src/build-hmi_node-Desktop-Debug) by extensions ['colcon_pkg']
[0.293s] Level 1:colcon.colcon_core.package_identification:_identify(src/build-hmi_node-Desktop-Debug) by extension 'colcon_pkg'
[0.293s] Level 1:colcon.colcon_core.package_identification:_identify(src/build-hmi_node-Desktop-Debug) by extensions ['colcon_meta']
[0.294s] Level 1:colcon.colcon_core.package_identification:_identify(src/build-hmi_node-Desktop-Debug) by extension 'colcon_meta'
[0.294s] Level 1:colcon.colcon_core.package_identification:_identify(src/build-hmi_node-Desktop-Debug) by extensions ['ros']
[0.294s] Level 1:colcon.colcon_core.package_identification:_identify(src/build-hmi_node-Desktop-Debug) by extension 'ros'
[0.294s] Level 1:colcon.colcon_core.package_identification:_identify(src/build-hmi_node-Desktop-Debug) by extensions ['cmake', 'python']
[0.294s] Level 1:colcon.colcon_core.package_identification:_identify(src/build-hmi_node-Desktop-Debug) by extension 'cmake'
[0.294s] Level 1:colcon.colcon_core.package_identification:_identify(src/build-hmi_node-Desktop-Debug) by extension 'python'
[0.294s] Level 1:colcon.colcon_core.package_identification:_identify(src/build-hmi_node-Desktop-Debug) by extensions ['python_setup_py']
[0.294s] Level 1:colcon.colcon_core.package_identification:_identify(src/build-hmi_node-Desktop-Debug) by extension 'python_setup_py'
[0.294s] Level 1:colcon.colcon_core.package_identification:_identify(src/build-hmi_node-Desktop-Debug/CMakeFiles) by extensions ['ignore', 'ignore_ament_install']
[0.294s] Level 1:colcon.colcon_core.package_identification:_identify(src/build-hmi_node-Desktop-Debug/CMakeFiles) by extension 'ignore'
[0.294s] Level 1:colcon.colcon_core.package_identification:_identify(src/build-hmi_node-Desktop-Debug/CMakeFiles) by extension 'ignore_ament_install'
[0.294s] Level 1:colcon.colcon_core.package_identification:_identify(src/build-hmi_node-Desktop-Debug/CMakeFiles) by extensions ['colcon_pkg']
[0.294s] Level 1:colcon.colcon_core.package_identification:_identify(src/build-hmi_node-Desktop-Debug/CMakeFiles) by extension 'colcon_pkg'
[0.294s] Level 1:colcon.colcon_core.package_identification:_identify(src/build-hmi_node-Desktop-Debug/CMakeFiles) by extensions ['colcon_meta']
[0.294s] Level 1:colcon.colcon_core.package_identification:_identify(src/build-hmi_node-Desktop-Debug/CMakeFiles) by extension 'colcon_meta'
[0.294s] Level 1:colcon.colcon_core.package_identification:_identify(src/build-hmi_node-Desktop-Debug/CMakeFiles) by extensions ['ros']
[0.294s] Level 1:colcon.colcon_core.package_identification:_identify(src/build-hmi_node-Desktop-Debug/CMakeFiles) by extension 'ros'
[0.294s] Level 1:colcon.colcon_core.package_identification:_identify(src/build-hmi_node-Desktop-Debug/CMakeFiles) by extensions ['cmake', 'python']
[0.294s] Level 1:colcon.colcon_core.package_identification:_identify(src/build-hmi_node-Desktop-Debug/CMakeFiles) by extension 'cmake'
[0.294s] Level 1:colcon.colcon_core.package_identification:_identify(src/build-hmi_node-Desktop-Debug/CMakeFiles) by extension 'python'
[0.294s] Level 1:colcon.colcon_core.package_identification:_identify(src/build-hmi_node-Desktop-Debug/CMakeFiles) by extensions ['python_setup_py']
[0.294s] Level 1:colcon.colcon_core.package_identification:_identify(src/build-hmi_node-Desktop-Debug/CMakeFiles) by extension 'python_setup_py'
[0.295s] Level 1:colcon.colcon_core.package_identification:_identify(src/build-hmi_node-Desktop-Debug/CMakeFiles/3.10.2) by extensions ['ignore', 'ignore_ament_install']
[0.295s] Level 1:colcon.colcon_core.package_identification:_identify(src/build-hmi_node-Desktop-Debug/CMakeFiles/3.10.2) by extension 'ignore'
[0.295s] Level 1:colcon.colcon_core.package_identification:_identify(src/build-hmi_node-Desktop-Debug/CMakeFiles/3.10.2) by extension 'ignore_ament_install'
[0.295s] Level 1:colcon.colcon_core.package_identification:_identify(src/build-hmi_node-Desktop-Debug/CMakeFiles/3.10.2) by extensions ['colcon_pkg']
[0.295s] Level 1:colcon.colcon_core.package_identification:_identify(src/build-hmi_node-Desktop-Debug/CMakeFiles/3.10.2) by extension 'colcon_pkg'
[0.295s] Level 1:colcon.colcon_core.package_identification:_identify(src/build-hmi_node-Desktop-Debug/CMakeFiles/3.10.2) by extensions ['colcon_meta']
[0.295s] Level 1:colcon.colcon_core.package_identification:_identify(src/build-hmi_node-Desktop-Debug/CMakeFiles/3.10.2) by extension 'colcon_meta'
[0.295s] Level 1:colcon.colcon_core.package_identification:_identify(src/build-hmi_node-Desktop-Debug/CMakeFiles/3.10.2) by extensions ['ros']
[0.295s] Level 1:colcon.colcon_core.package_identification:_identify(src/build-hmi_node-Desktop-Debug/CMakeFiles/3.10.2) by extension 'ros'
[0.295s] Level 1:colcon.colcon_core.package_identification:_identify(src/build-hmi_node-Desktop-Debug/CMakeFiles/3.10.2) by extensions ['cmake', 'python']
[0.295s] Level 1:colcon.colcon_core.package_identification:_identify(src/build-hmi_node-Desktop-Debug/CMakeFiles/3.10.2) by extension 'cmake'
[0.295s] Level 1:colcon.colcon_core.package_identification:_identify(src/build-hmi_node-Desktop-Debug/CMakeFiles/3.10.2) by extension 'python'
[0.295s] Level 1:colcon.colcon_core.package_identification:_identify(src/build-hmi_node-Desktop-Debug/CMakeFiles/3.10.2) by extensions ['python_setup_py']
[0.295s] Level 1:colcon.colcon_core.package_identification:_identify(src/build-hmi_node-Desktop-Debug/CMakeFiles/3.10.2) by extension 'python_setup_py'
[0.295s] Level 1:colcon.colcon_core.package_identification:_identify(src/build-hmi_node-Desktop-Debug/CMakeFiles/3.10.2/CompilerIdC) by extensions ['ignore', 'ignore_ament_install']
[0.295s] Level 1:colcon.colcon_core.package_identification:_identify(src/build-hmi_node-Desktop-Debug/CMakeFiles/3.10.2/CompilerIdC) by extension 'ignore'
[0.295s] Level 1:colcon.colcon_core.package_identification:_identify(src/build-hmi_node-Desktop-Debug/CMakeFiles/3.10.2/CompilerIdC) by extension 'ignore_ament_install'
[0.295s] Level 1:colcon.colcon_core.package_identification:_identify(src/build-hmi_node-Desktop-Debug/CMakeFiles/3.10.2/CompilerIdC) by extensions ['colcon_pkg']
[0.295s] Level 1:colcon.colcon_core.package_identification:_identify(src/build-hmi_node-Desktop-Debug/CMakeFiles/3.10.2/CompilerIdC) by extension 'colcon_pkg'
[0.295s] Level 1:colcon.colcon_core.package_identification:_identify(src/build-hmi_node-Desktop-Debug/CMakeFiles/3.10.2/CompilerIdC) by extensions ['colcon_meta']
[0.295s] Level 1:colcon.colcon_core.package_identification:_identify(src/build-hmi_node-Desktop-Debug/CMakeFiles/3.10.2/CompilerIdC) by extension 'colcon_meta'
[0.296s] Level 1:colcon.colcon_core.package_identification:_identify(src/build-hmi_node-Desktop-Debug/CMakeFiles/3.10.2/CompilerIdC) by extensions ['ros']
[0.296s] Level 1:colcon.colcon_core.package_identification:_identify(src/build-hmi_node-Desktop-Debug/CMakeFiles/3.10.2/CompilerIdC) by extension 'ros'
[0.296s] Level 1:colcon.colcon_core.package_identification:_identify(src/build-hmi_node-Desktop-Debug/CMakeFiles/3.10.2/CompilerIdC) by extensions ['cmake', 'python']
[0.296s] Level 1:colcon.colcon_core.package_identification:_identify(src/build-hmi_node-Desktop-Debug/CMakeFiles/3.10.2/CompilerIdC) by extension 'cmake'
[0.296s] Level 1:colcon.colcon_core.package_identification:_identify(src/build-hmi_node-Desktop-Debug/CMakeFiles/3.10.2/CompilerIdC) by extension 'python'
[0.296s] Level 1:colcon.colcon_core.package_identification:_identify(src/build-hmi_node-Desktop-Debug/CMakeFiles/3.10.2/CompilerIdC) by extensions ['python_setup_py']
[0.296s] Level 1:colcon.colcon_core.package_identification:_identify(src/build-hmi_node-Desktop-Debug/CMakeFiles/3.10.2/CompilerIdC) by extension 'python_setup_py'
[0.296s] Level 1:colcon.colcon_core.package_identification:_identify(src/build-hmi_node-Desktop-Debug/CMakeFiles/3.10.2/CompilerIdC/tmp) by extensions ['ignore', 'ignore_ament_install']
[0.296s] Level 1:colcon.colcon_core.package_identification:_identify(src/build-hmi_node-Desktop-Debug/CMakeFiles/3.10.2/CompilerIdC/tmp) by extension 'ignore'
[0.296s] Level 1:colcon.colcon_core.package_identification:_identify(src/build-hmi_node-Desktop-Debug/CMakeFiles/3.10.2/CompilerIdC/tmp) by extension 'ignore_ament_install'
[0.296s] Level 1:colcon.colcon_core.package_identification:_identify(src/build-hmi_node-Desktop-Debug/CMakeFiles/3.10.2/CompilerIdC/tmp) by extensions ['colcon_pkg']
[0.296s] Level 1:colcon.colcon_core.package_identification:_identify(src/build-hmi_node-Desktop-Debug/CMakeFiles/3.10.2/CompilerIdC/tmp) by extension 'colcon_pkg'
[0.296s] Level 1:colcon.colcon_core.package_identification:_identify(src/build-hmi_node-Desktop-Debug/CMakeFiles/3.10.2/CompilerIdC/tmp) by extensions ['colcon_meta']
[0.296s] Level 1:colcon.colcon_core.package_identification:_identify(src/build-hmi_node-Desktop-Debug/CMakeFiles/3.10.2/CompilerIdC/tmp) by extension 'colcon_meta'
[0.296s] Level 1:colcon.colcon_core.package_identification:_identify(src/build-hmi_node-Desktop-Debug/CMakeFiles/3.10.2/CompilerIdC/tmp) by extensions ['ros']
[0.296s] Level 1:colcon.colcon_core.package_identification:_identify(src/build-hmi_node-Desktop-Debug/CMakeFiles/3.10.2/CompilerIdC/tmp) by extension 'ros'
[0.296s] Level 1:colcon.colcon_core.package_identification:_identify(src/build-hmi_node-Desktop-Debug/CMakeFiles/3.10.2/CompilerIdC/tmp) by extensions ['cmake', 'python']
[0.296s] Level 1:colcon.colcon_core.package_identification:_identify(src/build-hmi_node-Desktop-Debug/CMakeFiles/3.10.2/CompilerIdC/tmp) by extension 'cmake'
[0.296s] Level 1:colcon.colcon_core.package_identification:_identify(src/build-hmi_node-Desktop-Debug/CMakeFiles/3.10.2/CompilerIdC/tmp) by extension 'python'
[0.296s] Level 1:colcon.colcon_core.package_identification:_identify(src/build-hmi_node-Desktop-Debug/CMakeFiles/3.10.2/CompilerIdC/tmp) by extensions ['python_setup_py']
[0.296s] Level 1:colcon.colcon_core.package_identification:_identify(src/build-hmi_node-Desktop-Debug/CMakeFiles/3.10.2/CompilerIdC/tmp) by extension 'python_setup_py'
[0.296s] Level 1:colcon.colcon_core.package_identification:_identify(src/build-hmi_node-Desktop-Debug/CMakeFiles/3.10.2/CompilerIdCXX) by extensions ['ignore', 'ignore_ament_install']
[0.297s] Level 1:colcon.colcon_core.package_identification:_identify(src/build-hmi_node-Desktop-Debug/CMakeFiles/3.10.2/CompilerIdCXX) by extension 'ignore'
[0.297s] Level 1:colcon.colcon_core.package_identification:_identify(src/build-hmi_node-Desktop-Debug/CMakeFiles/3.10.2/CompilerIdCXX) by extension 'ignore_ament_install'
[0.297s] Level 1:colcon.colcon_core.package_identification:_identify(src/build-hmi_node-Desktop-Debug/CMakeFiles/3.10.2/CompilerIdCXX) by extensions ['colcon_pkg']
[0.297s] Level 1:colcon.colcon_core.package_identification:_identify(src/build-hmi_node-Desktop-Debug/CMakeFiles/3.10.2/CompilerIdCXX) by extension 'colcon_pkg'
[0.297s] Level 1:colcon.colcon_core.package_identification:_identify(src/build-hmi_node-Desktop-Debug/CMakeFiles/3.10.2/CompilerIdCXX) by extensions ['colcon_meta']
[0.297s] Level 1:colcon.colcon_core.package_identification:_identify(src/build-hmi_node-Desktop-Debug/CMakeFiles/3.10.2/CompilerIdCXX) by extension 'colcon_meta'
[0.297s] Level 1:colcon.colcon_core.package_identification:_identify(src/build-hmi_node-Desktop-Debug/CMakeFiles/3.10.2/CompilerIdCXX) by extensions ['ros']
[0.297s] Level 1:colcon.colcon_core.package_identification:_identify(src/build-hmi_node-Desktop-Debug/CMakeFiles/3.10.2/CompilerIdCXX) by extension 'ros'
[0.297s] Level 1:colcon.colcon_core.package_identification:_identify(src/build-hmi_node-Desktop-Debug/CMakeFiles/3.10.2/CompilerIdCXX) by extensions ['cmake', 'python']
[0.297s] Level 1:colcon.colcon_core.package_identification:_identify(src/build-hmi_node-Desktop-Debug/CMakeFiles/3.10.2/CompilerIdCXX) by extension 'cmake'
[0.297s] Level 1:colcon.colcon_core.package_identification:_identify(src/build-hmi_node-Desktop-Debug/CMakeFiles/3.10.2/CompilerIdCXX) by extension 'python'
[0.297s] Level 1:colcon.colcon_core.package_identification:_identify(src/build-hmi_node-Desktop-Debug/CMakeFiles/3.10.2/CompilerIdCXX) by extensions ['python_setup_py']
[0.297s] Level 1:colcon.colcon_core.package_identification:_identify(src/build-hmi_node-Desktop-Debug/CMakeFiles/3.10.2/CompilerIdCXX) by extension 'python_setup_py'
[0.297s] Level 1:colcon.colcon_core.package_identification:_identify(src/build-hmi_node-Desktop-Debug/CMakeFiles/3.10.2/CompilerIdCXX/tmp) by extensions ['ignore', 'ignore_ament_install']
[0.297s] Level 1:colcon.colcon_core.package_identification:_identify(src/build-hmi_node-Desktop-Debug/CMakeFiles/3.10.2/CompilerIdCXX/tmp) by extension 'ignore'
[0.297s] Level 1:colcon.colcon_core.package_identification:_identify(src/build-hmi_node-Desktop-Debug/CMakeFiles/3.10.2/CompilerIdCXX/tmp) by extension 'ignore_ament_install'
[0.297s] Level 1:colcon.colcon_core.package_identification:_identify(src/build-hmi_node-Desktop-Debug/CMakeFiles/3.10.2/CompilerIdCXX/tmp) by extensions ['colcon_pkg']
[0.297s] Level 1:colcon.colcon_core.package_identification:_identify(src/build-hmi_node-Desktop-Debug/CMakeFiles/3.10.2/CompilerIdCXX/tmp) by extension 'colcon_pkg'
[0.297s] Level 1:colcon.colcon_core.package_identification:_identify(src/build-hmi_node-Desktop-Debug/CMakeFiles/3.10.2/CompilerIdCXX/tmp) by extensions ['colcon_meta']
[0.297s] Level 1:colcon.colcon_core.package_identification:_identify(src/build-hmi_node-Desktop-Debug/CMakeFiles/3.10.2/CompilerIdCXX/tmp) by extension 'colcon_meta'
[0.297s] Level 1:colcon.colcon_core.package_identification:_identify(src/build-hmi_node-Desktop-Debug/CMakeFiles/3.10.2/CompilerIdCXX/tmp) by extensions ['ros']
[0.297s] Level 1:colcon.colcon_core.package_identification:_identify(src/build-hmi_node-Desktop-Debug/CMakeFiles/3.10.2/CompilerIdCXX/tmp) by extension 'ros'
[0.297s] Level 1:colcon.colcon_core.package_identification:_identify(src/build-hmi_node-Desktop-Debug/CMakeFiles/3.10.2/CompilerIdCXX/tmp) by extensions ['cmake', 'python']
[0.297s] Level 1:colcon.colcon_core.package_identification:_identify(src/build-hmi_node-Desktop-Debug/CMakeFiles/3.10.2/CompilerIdCXX/tmp) by extension 'cmake'
[0.298s] Level 1:colcon.colcon_core.package_identification:_identify(src/build-hmi_node-Desktop-Debug/CMakeFiles/3.10.2/CompilerIdCXX/tmp) by extension 'python'
[0.298s] Level 1:colcon.colcon_core.package_identification:_identify(src/build-hmi_node-Desktop-Debug/CMakeFiles/3.10.2/CompilerIdCXX/tmp) by extensions ['python_setup_py']
[0.298s] Level 1:colcon.colcon_core.package_identification:_identify(src/build-hmi_node-Desktop-Debug/CMakeFiles/3.10.2/CompilerIdCXX/tmp) by extension 'python_setup_py'
[0.298s] Level 1:colcon.colcon_core.package_identification:_identify(src/build-hmi_node-Desktop-Debug/CMakeFiles/CMakeTmp) by extensions ['ignore', 'ignore_ament_install']
[0.298s] Level 1:colcon.colcon_core.package_identification:_identify(src/build-hmi_node-Desktop-Debug/CMakeFiles/CMakeTmp) by extension 'ignore'
[0.298s] Level 1:colcon.colcon_core.package_identification:_identify(src/build-hmi_node-Desktop-Debug/CMakeFiles/CMakeTmp) by extension 'ignore_ament_install'
[0.298s] Level 1:colcon.colcon_core.package_identification:_identify(src/build-hmi_node-Desktop-Debug/CMakeFiles/CMakeTmp) by extensions ['colcon_pkg']
[0.298s] Level 1:colcon.colcon_core.package_identification:_identify(src/build-hmi_node-Desktop-Debug/CMakeFiles/CMakeTmp) by extension 'colcon_pkg'
[0.298s] Level 1:colcon.colcon_core.package_identification:_identify(src/build-hmi_node-Desktop-Debug/CMakeFiles/CMakeTmp) by extensions ['colcon_meta']
[0.298s] Level 1:colcon.colcon_core.package_identification:_identify(src/build-hmi_node-Desktop-Debug/CMakeFiles/CMakeTmp) by extension 'colcon_meta'
[0.298s] Level 1:colcon.colcon_core.package_identification:_identify(src/build-hmi_node-Desktop-Debug/CMakeFiles/CMakeTmp) by extensions ['ros']
[0.298s] Level 1:colcon.colcon_core.package_identification:_identify(src/build-hmi_node-Desktop-Debug/CMakeFiles/CMakeTmp) by extension 'ros'
[0.298s] Level 1:colcon.colcon_core.package_identification:_identify(src/build-hmi_node-Desktop-Debug/CMakeFiles/CMakeTmp) by extensions ['cmake', 'python']
[0.298s] Level 1:colcon.colcon_core.package_identification:_identify(src/build-hmi_node-Desktop-Debug/CMakeFiles/CMakeTmp) by extension 'cmake'
[0.298s] Level 1:colcon.colcon_core.package_identification:_identify(src/build-hmi_node-Desktop-Debug/CMakeFiles/CMakeTmp) by extension 'python'
[0.298s] Level 1:colcon.colcon_core.package_identification:_identify(src/build-hmi_node-Desktop-Debug/CMakeFiles/CMakeTmp) by extensions ['python_setup_py']
[0.298s] Level 1:colcon.colcon_core.package_identification:_identify(src/build-hmi_node-Desktop-Debug/CMakeFiles/CMakeTmp) by extension 'python_setup_py'
[0.298s] Level 1:colcon.colcon_core.package_identification:_identify(src/build-hmi_node-Desktop-Debug/CMakeFiles/hmi_node.dir) by extensions ['ignore', 'ignore_ament_install']
[0.298s] Level 1:colcon.colcon_core.package_identification:_identify(src/build-hmi_node-Desktop-Debug/CMakeFiles/hmi_node.dir) by extension 'ignore'
[0.298s] Level 1:colcon.colcon_core.package_identification:_identify(src/build-hmi_node-Desktop-Debug/CMakeFiles/hmi_node.dir) by extension 'ignore_ament_install'
[0.299s] Level 1:colcon.colcon_core.package_identification:_identify(src/build-hmi_node-Desktop-Debug/CMakeFiles/hmi_node.dir) by extensions ['colcon_pkg']
[0.299s] Level 1:colcon.colcon_core.package_identification:_identify(src/build-hmi_node-Desktop-Debug/CMakeFiles/hmi_node.dir) by extension 'colcon_pkg'
[0.299s] Level 1:colcon.colcon_core.package_identification:_identify(src/build-hmi_node-Desktop-Debug/CMakeFiles/hmi_node.dir) by extensions ['colcon_meta']
[0.299s] Level 1:colcon.colcon_core.package_identification:_identify(src/build-hmi_node-Desktop-Debug/CMakeFiles/hmi_node.dir) by extension 'colcon_meta'
[0.299s] Level 1:colcon.colcon_core.package_identification:_identify(src/build-hmi_node-Desktop-Debug/CMakeFiles/hmi_node.dir) by extensions ['ros']
[0.299s] Level 1:colcon.colcon_core.package_identification:_identify(src/build-hmi_node-Desktop-Debug/CMakeFiles/hmi_node.dir) by extension 'ros'
[0.299s] Level 1:colcon.colcon_core.package_identification:_identify(src/build-hmi_node-Desktop-Debug/CMakeFiles/hmi_node.dir) by extensions ['cmake', 'python']
[0.299s] Level 1:colcon.colcon_core.package_identification:_identify(src/build-hmi_node-Desktop-Debug/CMakeFiles/hmi_node.dir) by extension 'cmake'
[0.299s] Level 1:colcon.colcon_core.package_identification:_identify(src/build-hmi_node-Desktop-Debug/CMakeFiles/hmi_node.dir) by extension 'python'
[0.299s] Level 1:colcon.colcon_core.package_identification:_identify(src/build-hmi_node-Desktop-Debug/CMakeFiles/hmi_node.dir) by extensions ['python_setup_py']
[0.299s] Level 1:colcon.colcon_core.package_identification:_identify(src/build-hmi_node-Desktop-Debug/CMakeFiles/hmi_node.dir) by extension 'python_setup_py'
[0.299s] Level 1:colcon.colcon_core.package_identification:_identify(src/build-hmi_node-Desktop-Debug/CMakeFiles/hmi_node.dir/src) by extensions ['ignore', 'ignore_ament_install']
[0.299s] Level 1:colcon.colcon_core.package_identification:_identify(src/build-hmi_node-Desktop-Debug/CMakeFiles/hmi_node.dir/src) by extension 'ignore'
[0.299s] Level 1:colcon.colcon_core.package_identification:_identify(src/build-hmi_node-Desktop-Debug/CMakeFiles/hmi_node.dir/src) by extension 'ignore_ament_install'
[0.299s] Level 1:colcon.colcon_core.package_identification:_identify(src/build-hmi_node-Desktop-Debug/CMakeFiles/hmi_node.dir/src) by extensions ['colcon_pkg']
[0.299s] Level 1:colcon.colcon_core.package_identification:_identify(src/build-hmi_node-Desktop-Debug/CMakeFiles/hmi_node.dir/src) by extension 'colcon_pkg'
[0.299s] Level 1:colcon.colcon_core.package_identification:_identify(src/build-hmi_node-Desktop-Debug/CMakeFiles/hmi_node.dir/src) by extensions ['colcon_meta']
[0.299s] Level 1:colcon.colcon_core.package_identification:_identify(src/build-hmi_node-Desktop-Debug/CMakeFiles/hmi_node.dir/src) by extension 'colcon_meta'
[0.299s] Level 1:colcon.colcon_core.package_identification:_identify(src/build-hmi_node-Desktop-Debug/CMakeFiles/hmi_node.dir/src) by extensions ['ros']
[0.299s] Level 1:colcon.colcon_core.package_identification:_identify(src/build-hmi_node-Desktop-Debug/CMakeFiles/hmi_node.dir/src) by extension 'ros'
[0.299s] Level 1:colcon.colcon_core.package_identification:_identify(src/build-hmi_node-Desktop-Debug/CMakeFiles/hmi_node.dir/src) by extensions ['cmake', 'python']
[0.299s] Level 1:colcon.colcon_core.package_identification:_identify(src/build-hmi_node-Desktop-Debug/CMakeFiles/hmi_node.dir/src) by extension 'cmake'
[0.299s] Level 1:colcon.colcon_core.package_identification:_identify(src/build-hmi_node-Desktop-Debug/CMakeFiles/hmi_node.dir/src) by extension 'python'
[0.299s] Level 1:colcon.colcon_core.package_identification:_identify(src/build-hmi_node-Desktop-Debug/CMakeFiles/hmi_node.dir/src) by extensions ['python_setup_py']
[0.300s] Level 1:colcon.colcon_core.package_identification:_identify(src/build-hmi_node-Desktop-Debug/CMakeFiles/hmi_node.dir/src) by extension 'python_setup_py'
[0.300s] Level 1:colcon.colcon_core.package_identification:_identify(src/build-hmi_node-Desktop-Debug/CMakeFiles/hmi_node_uninstall.dir) by extensions ['ignore', 'ignore_ament_install']
[0.300s] Level 1:colcon.colcon_core.package_identification:_identify(src/build-hmi_node-Desktop-Debug/CMakeFiles/hmi_node_uninstall.dir) by extension 'ignore'
[0.300s] Level 1:colcon.colcon_core.package_identification:_identify(src/build-hmi_node-Desktop-Debug/CMakeFiles/hmi_node_uninstall.dir) by extension 'ignore_ament_install'
[0.300s] Level 1:colcon.colcon_core.package_identification:_identify(src/build-hmi_node-Desktop-Debug/CMakeFiles/hmi_node_uninstall.dir) by extensions ['colcon_pkg']
[0.300s] Level 1:colcon.colcon_core.package_identification:_identify(src/build-hmi_node-Desktop-Debug/CMakeFiles/hmi_node_uninstall.dir) by extension 'colcon_pkg'
[0.300s] Level 1:colcon.colcon_core.package_identification:_identify(src/build-hmi_node-Desktop-Debug/CMakeFiles/hmi_node_uninstall.dir) by extensions ['colcon_meta']
[0.300s] Level 1:colcon.colcon_core.package_identification:_identify(src/build-hmi_node-Desktop-Debug/CMakeFiles/hmi_node_uninstall.dir) by extension 'colcon_meta'
[0.300s] Level 1:colcon.colcon_core.package_identification:_identify(src/build-hmi_node-Desktop-Debug/CMakeFiles/hmi_node_uninstall.dir) by extensions ['ros']
[0.300s] Level 1:colcon.colcon_core.package_identification:_identify(src/build-hmi_node-Desktop-Debug/CMakeFiles/hmi_node_uninstall.dir) by extension 'ros'
[0.300s] Level 1:colcon.colcon_core.package_identification:_identify(src/build-hmi_node-Desktop-Debug/CMakeFiles/hmi_node_uninstall.dir) by extensions ['cmake', 'python']
[0.300s] Level 1:colcon.colcon_core.package_identification:_identify(src/build-hmi_node-Desktop-Debug/CMakeFiles/hmi_node_uninstall.dir) by extension 'cmake'
[0.300s] Level 1:colcon.colcon_core.package_identification:_identify(src/build-hmi_node-Desktop-Debug/CMakeFiles/hmi_node_uninstall.dir) by extension 'python'
[0.300s] Level 1:colcon.colcon_core.package_identification:_identify(src/build-hmi_node-Desktop-Debug/CMakeFiles/hmi_node_uninstall.dir) by extensions ['python_setup_py']
[0.300s] Level 1:colcon.colcon_core.package_identification:_identify(src/build-hmi_node-Desktop-Debug/CMakeFiles/hmi_node_uninstall.dir) by extension 'python_setup_py'
[0.300s] Level 1:colcon.colcon_core.package_identification:_identify(src/build-hmi_node-Desktop-Debug/CMakeFiles/uninstall.dir) by extensions ['ignore', 'ignore_ament_install']
[0.300s] Level 1:colcon.colcon_core.package_identification:_identify(src/build-hmi_node-Desktop-Debug/CMakeFiles/uninstall.dir) by extension 'ignore'
[0.300s] Level 1:colcon.colcon_core.package_identification:_identify(src/build-hmi_node-Desktop-Debug/CMakeFiles/uninstall.dir) by extension 'ignore_ament_install'
[0.300s] Level 1:colcon.colcon_core.package_identification:_identify(src/build-hmi_node-Desktop-Debug/CMakeFiles/uninstall.dir) by extensions ['colcon_pkg']
[0.300s] Level 1:colcon.colcon_core.package_identification:_identify(src/build-hmi_node-Desktop-Debug/CMakeFiles/uninstall.dir) by extension 'colcon_pkg'
[0.300s] Level 1:colcon.colcon_core.package_identification:_identify(src/build-hmi_node-Desktop-Debug/CMakeFiles/uninstall.dir) by extensions ['colcon_meta']
[0.300s] Level 1:colcon.colcon_core.package_identification:_identify(src/build-hmi_node-Desktop-Debug/CMakeFiles/uninstall.dir) by extension 'colcon_meta'
[0.301s] Level 1:colcon.colcon_core.package_identification:_identify(src/build-hmi_node-Desktop-Debug/CMakeFiles/uninstall.dir) by extensions ['ros']
[0.301s] Level 1:colcon.colcon_core.package_identification:_identify(src/build-hmi_node-Desktop-Debug/CMakeFiles/uninstall.dir) by extension 'ros'
[0.301s] Level 1:colcon.colcon_core.package_identification:_identify(src/build-hmi_node-Desktop-Debug/CMakeFiles/uninstall.dir) by extensions ['cmake', 'python']
[0.301s] Level 1:colcon.colcon_core.package_identification:_identify(src/build-hmi_node-Desktop-Debug/CMakeFiles/uninstall.dir) by extension 'cmake'
[0.301s] Level 1:colcon.colcon_core.package_identification:_identify(src/build-hmi_node-Desktop-Debug/CMakeFiles/uninstall.dir) by extension 'python'
[0.301s] Level 1:colcon.colcon_core.package_identification:_identify(src/build-hmi_node-Desktop-Debug/CMakeFiles/uninstall.dir) by extensions ['python_setup_py']
[0.301s] Level 1:colcon.colcon_core.package_identification:_identify(src/build-hmi_node-Desktop-Debug/CMakeFiles/uninstall.dir) by extension 'python_setup_py'
[0.301s] Level 1:colcon.colcon_core.package_identification:_identify(src/build-hmi_node-Desktop-Debug/ament_cmake_core) by extensions ['ignore', 'ignore_ament_install']
[0.301s] Level 1:colcon.colcon_core.package_identification:_identify(src/build-hmi_node-Desktop-Debug/ament_cmake_core) by extension 'ignore'
[0.301s] Level 1:colcon.colcon_core.package_identification:_identify(src/build-hmi_node-Desktop-Debug/ament_cmake_core) by extension 'ignore_ament_install'
[0.301s] Level 1:colcon.colcon_core.package_identification:_identify(src/build-hmi_node-Desktop-Debug/ament_cmake_core) by extensions ['colcon_pkg']
[0.301s] Level 1:colcon.colcon_core.package_identification:_identify(src/build-hmi_node-Desktop-Debug/ament_cmake_core) by extension 'colcon_pkg'
[0.301s] Level 1:colcon.colcon_core.package_identification:_identify(src/build-hmi_node-Desktop-Debug/ament_cmake_core) by extensions ['colcon_meta']
[0.301s] Level 1:colcon.colcon_core.package_identification:_identify(src/build-hmi_node-Desktop-Debug/ament_cmake_core) by extension 'colcon_meta'
[0.301s] Level 1:colcon.colcon_core.package_identification:_identify(src/build-hmi_node-Desktop-Debug/ament_cmake_core) by extensions ['ros']
[0.301s] Level 1:colcon.colcon_core.package_identification:_identify(src/build-hmi_node-Desktop-Debug/ament_cmake_core) by extension 'ros'
[0.301s] Level 1:colcon.colcon_core.package_identification:_identify(src/build-hmi_node-Desktop-Debug/ament_cmake_core) by extensions ['cmake', 'python']
[0.301s] Level 1:colcon.colcon_core.package_identification:_identify(src/build-hmi_node-Desktop-Debug/ament_cmake_core) by extension 'cmake'
[0.301s] Level 1:colcon.colcon_core.package_identification:_identify(src/build-hmi_node-Desktop-Debug/ament_cmake_core) by extension 'python'
[0.301s] Level 1:colcon.colcon_core.package_identification:_identify(src/build-hmi_node-Desktop-Debug/ament_cmake_core) by extensions ['python_setup_py']
[0.301s] Level 1:colcon.colcon_core.package_identification:_identify(src/build-hmi_node-Desktop-Debug/ament_cmake_core) by extension 'python_setup_py'
[0.301s] Level 1:colcon.colcon_core.package_identification:_identify(src/build-hmi_node-Desktop-Debug/ament_cmake_core/stamps) by extensions ['ignore', 'ignore_ament_install']
[0.302s] Level 1:colcon.colcon_core.package_identification:_identify(src/build-hmi_node-Desktop-Debug/ament_cmake_core/stamps) by extension 'ignore'
[0.302s] Level 1:colcon.colcon_core.package_identification:_identify(src/build-hmi_node-Desktop-Debug/ament_cmake_core/stamps) by extension 'ignore_ament_install'
[0.302s] Level 1:colcon.colcon_core.package_identification:_identify(src/build-hmi_node-Desktop-Debug/ament_cmake_core/stamps) by extensions ['colcon_pkg']
[0.302s] Level 1:colcon.colcon_core.package_identification:_identify(src/build-hmi_node-Desktop-Debug/ament_cmake_core/stamps) by extension 'colcon_pkg'
[0.302s] Level 1:colcon.colcon_core.package_identification:_identify(src/build-hmi_node-Desktop-Debug/ament_cmake_core/stamps) by extensions ['colcon_meta']
[0.302s] Level 1:colcon.colcon_core.package_identification:_identify(src/build-hmi_node-Desktop-Debug/ament_cmake_core/stamps) by extension 'colcon_meta'
[0.302s] Level 1:colcon.colcon_core.package_identification:_identify(src/build-hmi_node-Desktop-Debug/ament_cmake_core/stamps) by extensions ['ros']
[0.302s] Level 1:colcon.colcon_core.package_identification:_identify(src/build-hmi_node-Desktop-Debug/ament_cmake_core/stamps) by extension 'ros'
[0.302s] Level 1:colcon.colcon_core.package_identification:_identify(src/build-hmi_node-Desktop-Debug/ament_cmake_core/stamps) by extensions ['cmake', 'python']
[0.302s] Level 1:colcon.colcon_core.package_identification:_identify(src/build-hmi_node-Desktop-Debug/ament_cmake_core/stamps) by extension 'cmake'
[0.302s] Level 1:colcon.colcon_core.package_identification:_identify(src/build-hmi_node-Desktop-Debug/ament_cmake_core/stamps) by extension 'python'
[0.302s] Level 1:colcon.colcon_core.package_identification:_identify(src/build-hmi_node-Desktop-Debug/ament_cmake_core/stamps) by extensions ['python_setup_py']
[0.302s] Level 1:colcon.colcon_core.package_identification:_identify(src/build-hmi_node-Desktop-Debug/ament_cmake_core/stamps) by extension 'python_setup_py'
[0.302s] Level 1:colcon.colcon_core.package_identification:_identify(src/build-hmi_node-Desktop-Debug/ament_cmake_environment_hooks) by extensions ['ignore', 'ignore_ament_install']
[0.302s] Level 1:colcon.colcon_core.package_identification:_identify(src/build-hmi_node-Desktop-Debug/ament_cmake_environment_hooks) by extension 'ignore'
[0.302s] Level 1:colcon.colcon_core.package_identification:_identify(src/build-hmi_node-Desktop-Debug/ament_cmake_environment_hooks) by extension 'ignore_ament_install'
[0.302s] Level 1:colcon.colcon_core.package_identification:_identify(src/build-hmi_node-Desktop-Debug/ament_cmake_environment_hooks) by extensions ['colcon_pkg']
[0.302s] Level 1:colcon.colcon_core.package_identification:_identify(src/build-hmi_node-Desktop-Debug/ament_cmake_environment_hooks) by extension 'colcon_pkg'
[0.302s] Level 1:colcon.colcon_core.package_identification:_identify(src/build-hmi_node-Desktop-Debug/ament_cmake_environment_hooks) by extensions ['colcon_meta']
[0.302s] Level 1:colcon.colcon_core.package_identification:_identify(src/build-hmi_node-Desktop-Debug/ament_cmake_environment_hooks) by extension 'colcon_meta'
[0.302s] Level 1:colcon.colcon_core.package_identification:_identify(src/build-hmi_node-Desktop-Debug/ament_cmake_environment_hooks) by extensions ['ros']
[0.302s] Level 1:colcon.colcon_core.package_identification:_identify(src/build-hmi_node-Desktop-Debug/ament_cmake_environment_hooks) by extension 'ros'
[0.303s] Level 1:colcon.colcon_core.package_identification:_identify(src/build-hmi_node-Desktop-Debug/ament_cmake_environment_hooks) by extensions ['cmake', 'python']
[0.303s] Level 1:colcon.colcon_core.package_identification:_identify(src/build-hmi_node-Desktop-Debug/ament_cmake_environment_hooks) by extension 'cmake'
[0.303s] Level 1:colcon.colcon_core.package_identification:_identify(src/build-hmi_node-Desktop-Debug/ament_cmake_environment_hooks) by extension 'python'
[0.303s] Level 1:colcon.colcon_core.package_identification:_identify(src/build-hmi_node-Desktop-Debug/ament_cmake_environment_hooks) by extensions ['python_setup_py']
[0.303s] Level 1:colcon.colcon_core.package_identification:_identify(src/build-hmi_node-Desktop-Debug/ament_cmake_environment_hooks) by extension 'python_setup_py'
[0.303s] Level 1:colcon.colcon_core.package_identification:_identify(src/build-hmi_node-Desktop-Debug/ament_cmake_index) by extensions ['ignore', 'ignore_ament_install']
[0.303s] Level 1:colcon.colcon_core.package_identification:_identify(src/build-hmi_node-Desktop-Debug/ament_cmake_index) by extension 'ignore'
[0.303s] Level 1:colcon.colcon_core.package_identification:_identify(src/build-hmi_node-Desktop-Debug/ament_cmake_index) by extension 'ignore_ament_install'
[0.303s] Level 1:colcon.colcon_core.package_identification:_identify(src/build-hmi_node-Desktop-Debug/ament_cmake_index) by extensions ['colcon_pkg']
[0.303s] Level 1:colcon.colcon_core.package_identification:_identify(src/build-hmi_node-Desktop-Debug/ament_cmake_index) by extension 'colcon_pkg'
[0.303s] Level 1:colcon.colcon_core.package_identification:_identify(src/build-hmi_node-Desktop-Debug/ament_cmake_index) by extensions ['colcon_meta']
[0.303s] Level 1:colcon.colcon_core.package_identification:_identify(src/build-hmi_node-Desktop-Debug/ament_cmake_index) by extension 'colcon_meta'
[0.303s] Level 1:colcon.colcon_core.package_identification:_identify(src/build-hmi_node-Desktop-Debug/ament_cmake_index) by extensions ['ros']
[0.303s] Level 1:colcon.colcon_core.package_identification:_identify(src/build-hmi_node-Desktop-Debug/ament_cmake_index) by extension 'ros'
[0.303s] Level 1:colcon.colcon_core.package_identification:_identify(src/build-hmi_node-Desktop-Debug/ament_cmake_index) by extensions ['cmake', 'python']
[0.303s] Level 1:colcon.colcon_core.package_identification:_identify(src/build-hmi_node-Desktop-Debug/ament_cmake_index) by extension 'cmake'
[0.303s] Level 1:colcon.colcon_core.package_identification:_identify(src/build-hmi_node-Desktop-Debug/ament_cmake_index) by extension 'python'
[0.303s] Level 1:colcon.colcon_core.package_identification:_identify(src/build-hmi_node-Desktop-Debug/ament_cmake_index) by extensions ['python_setup_py']
[0.303s] Level 1:colcon.colcon_core.package_identification:_identify(src/build-hmi_node-Desktop-Debug/ament_cmake_index) by extension 'python_setup_py'
[0.303s] Level 1:colcon.colcon_core.package_identification:_identify(src/build-hmi_node-Desktop-Debug/ament_cmake_index/share) by extensions ['ignore', 'ignore_ament_install']
[0.303s] Level 1:colcon.colcon_core.package_identification:_identify(src/build-hmi_node-Desktop-Debug/ament_cmake_index/share) by extension 'ignore'
[0.303s] Level 1:colcon.colcon_core.package_identification:_identify(src/build-hmi_node-Desktop-Debug/ament_cmake_index/share) by extension 'ignore_ament_install'
[0.304s] Level 1:colcon.colcon_core.package_identification:_identify(src/build-hmi_node-Desktop-Debug/ament_cmake_index/share) by extensions ['colcon_pkg']
[0.304s] Level 1:colcon.colcon_core.package_identification:_identify(src/build-hmi_node-Desktop-Debug/ament_cmake_index/share) by extension 'colcon_pkg'
[0.304s] Level 1:colcon.colcon_core.package_identification:_identify(src/build-hmi_node-Desktop-Debug/ament_cmake_index/share) by extensions ['colcon_meta']
[0.304s] Level 1:colcon.colcon_core.package_identification:_identify(src/build-hmi_node-Desktop-Debug/ament_cmake_index/share) by extension 'colcon_meta'
[0.304s] Level 1:colcon.colcon_core.package_identification:_identify(src/build-hmi_node-Desktop-Debug/ament_cmake_index/share) by extensions ['ros']
[0.304s] Level 1:colcon.colcon_core.package_identification:_identify(src/build-hmi_node-Desktop-Debug/ament_cmake_index/share) by extension 'ros'
[0.304s] Level 1:colcon.colcon_core.package_identification:_identify(src/build-hmi_node-Desktop-Debug/ament_cmake_index/share) by extensions ['cmake', 'python']
[0.304s] Level 1:colcon.colcon_core.package_identification:_identify(src/build-hmi_node-Desktop-Debug/ament_cmake_index/share) by extension 'cmake'
[0.304s] Level 1:colcon.colcon_core.package_identification:_identify(src/build-hmi_node-Desktop-Debug/ament_cmake_index/share) by extension 'python'
[0.304s] Level 1:colcon.colcon_core.package_identification:_identify(src/build-hmi_node-Desktop-Debug/ament_cmake_index/share) by extensions ['python_setup_py']
[0.304s] Level 1:colcon.colcon_core.package_identification:_identify(src/build-hmi_node-Desktop-Debug/ament_cmake_index/share) by extension 'python_setup_py'
[0.304s] Level 1:colcon.colcon_core.package_identification:_identify(src/build-hmi_node-Desktop-Debug/ament_cmake_index/share/ament_index) by extensions ['ignore', 'ignore_ament_install']
[0.304s] Level 1:colcon.colcon_core.package_identification:_identify(src/build-hmi_node-Desktop-Debug/ament_cmake_index/share/ament_index) by extension 'ignore'
[0.304s] Level 1:colcon.colcon_core.package_identification:_identify(src/build-hmi_node-Desktop-Debug/ament_cmake_index/share/ament_index) by extension 'ignore_ament_install'
[0.304s] Level 1:colcon.colcon_core.package_identification:_identify(src/build-hmi_node-Desktop-Debug/ament_cmake_index/share/ament_index) by extensions ['colcon_pkg']
[0.304s] Level 1:colcon.colcon_core.package_identification:_identify(src/build-hmi_node-Desktop-Debug/ament_cmake_index/share/ament_index) by extension 'colcon_pkg'
[0.304s] Level 1:colcon.colcon_core.package_identification:_identify(src/build-hmi_node-Desktop-Debug/ament_cmake_index/share/ament_index) by extensions ['colcon_meta']
[0.304s] Level 1:colcon.colcon_core.package_identification:_identify(src/build-hmi_node-Desktop-Debug/ament_cmake_index/share/ament_index) by extension 'colcon_meta'
[0.304s] Level 1:colcon.colcon_core.package_identification:_identify(src/build-hmi_node-Desktop-Debug/ament_cmake_index/share/ament_index) by extensions ['ros']
[0.304s] Level 1:colcon.colcon_core.package_identification:_identify(src/build-hmi_node-Desktop-Debug/ament_cmake_index/share/ament_index) by extension 'ros'
[0.304s] Level 1:colcon.colcon_core.package_identification:_identify(src/build-hmi_node-Desktop-Debug/ament_cmake_index/share/ament_index) by extensions ['cmake', 'python']
[0.304s] Level 1:colcon.colcon_core.package_identification:_identify(src/build-hmi_node-Desktop-Debug/ament_cmake_index/share/ament_index) by extension 'cmake'
[0.304s] Level 1:colcon.colcon_core.package_identification:_identify(src/build-hmi_node-Desktop-Debug/ament_cmake_index/share/ament_index) by extension 'python'
[0.304s] Level 1:colcon.colcon_core.package_identification:_identify(src/build-hmi_node-Desktop-Debug/ament_cmake_index/share/ament_index) by extensions ['python_setup_py']
[0.304s] Level 1:colcon.colcon_core.package_identification:_identify(src/build-hmi_node-Desktop-Debug/ament_cmake_index/share/ament_index) by extension 'python_setup_py'
[0.305s] Level 1:colcon.colcon_core.package_identification:_identify(src/build-hmi_node-Desktop-Debug/ament_cmake_index/share/ament_index/resource_index) by extensions ['ignore', 'ignore_ament_install']
[0.305s] Level 1:colcon.colcon_core.package_identification:_identify(src/build-hmi_node-Desktop-Debug/ament_cmake_index/share/ament_index/resource_index) by extension 'ignore'
[0.305s] Level 1:colcon.colcon_core.package_identification:_identify(src/build-hmi_node-Desktop-Debug/ament_cmake_index/share/ament_index/resource_index) by extension 'ignore_ament_install'
[0.305s] Level 1:colcon.colcon_core.package_identification:_identify(src/build-hmi_node-Desktop-Debug/ament_cmake_index/share/ament_index/resource_index) by extensions ['colcon_pkg']
[0.305s] Level 1:colcon.colcon_core.package_identification:_identify(src/build-hmi_node-Desktop-Debug/ament_cmake_index/share/ament_index/resource_index) by extension 'colcon_pkg'
[0.305s] Level 1:colcon.colcon_core.package_identification:_identify(src/build-hmi_node-Desktop-Debug/ament_cmake_index/share/ament_index/resource_index) by extensions ['colcon_meta']
[0.305s] Level 1:colcon.colcon_core.package_identification:_identify(src/build-hmi_node-Desktop-Debug/ament_cmake_index/share/ament_index/resource_index) by extension 'colcon_meta'
[0.305s] Level 1:colcon.colcon_core.package_identification:_identify(src/build-hmi_node-Desktop-Debug/ament_cmake_index/share/ament_index/resource_index) by extensions ['ros']
[0.305s] Level 1:colcon.colcon_core.package_identification:_identify(src/build-hmi_node-Desktop-Debug/ament_cmake_index/share/ament_index/resource_index) by extension 'ros'
[0.305s] Level 1:colcon.colcon_core.package_identification:_identify(src/build-hmi_node-Desktop-Debug/ament_cmake_index/share/ament_index/resource_index) by extensions ['cmake', 'python']
[0.305s] Level 1:colcon.colcon_core.package_identification:_identify(src/build-hmi_node-Desktop-Debug/ament_cmake_index/share/ament_index/resource_index) by extension 'cmake'
[0.305s] Level 1:colcon.colcon_core.package_identification:_identify(src/build-hmi_node-Desktop-Debug/ament_cmake_index/share/ament_index/resource_index) by extension 'python'
[0.305s] Level 1:colcon.colcon_core.package_identification:_identify(src/build-hmi_node-Desktop-Debug/ament_cmake_index/share/ament_index/resource_index) by extensions ['python_setup_py']
[0.305s] Level 1:colcon.colcon_core.package_identification:_identify(src/build-hmi_node-Desktop-Debug/ament_cmake_index/share/ament_index/resource_index) by extension 'python_setup_py'
[0.305s] Level 1:colcon.colcon_core.package_identification:_identify(src/build-hmi_node-Desktop-Debug/ament_cmake_index/share/ament_index/resource_index/package_run_dependencies) by extensions ['ignore', 'ignore_ament_install']
[0.305s] Level 1:colcon.colcon_core.package_identification:_identify(src/build-hmi_node-Desktop-Debug/ament_cmake_index/share/ament_index/resource_index/package_run_dependencies) by extension 'ignore'
[0.305s] Level 1:colcon.colcon_core.package_identification:_identify(src/build-hmi_node-Desktop-Debug/ament_cmake_index/share/ament_index/resource_index/package_run_dependencies) by extension 'ignore_ament_install'
[0.305s] Level 1:colcon.colcon_core.package_identification:_identify(src/build-hmi_node-Desktop-Debug/ament_cmake_index/share/ament_index/resource_index/package_run_dependencies) by extensions ['colcon_pkg']
[0.305s] Level 1:colcon.colcon_core.package_identification:_identify(src/build-hmi_node-Desktop-Debug/ament_cmake_index/share/ament_index/resource_index/package_run_dependencies) by extension 'colcon_pkg'
[0.305s] Level 1:colcon.colcon_core.package_identification:_identify(src/build-hmi_node-Desktop-Debug/ament_cmake_index/share/ament_index/resource_index/package_run_dependencies) by extensions ['colcon_meta']
[0.305s] Level 1:colcon.colcon_core.package_identification:_identify(src/build-hmi_node-Desktop-Debug/ament_cmake_index/share/ament_index/resource_index/package_run_dependencies) by extension 'colcon_meta'
[0.306s] Level 1:colcon.colcon_core.package_identification:_identify(src/build-hmi_node-Desktop-Debug/ament_cmake_index/share/ament_index/resource_index/package_run_dependencies) by extensions ['ros']
[0.306s] Level 1:colcon.colcon_core.package_identification:_identify(src/build-hmi_node-Desktop-Debug/ament_cmake_index/share/ament_index/resource_index/package_run_dependencies) by extension 'ros'
[0.306s] Level 1:colcon.colcon_core.package_identification:_identify(src/build-hmi_node-Desktop-Debug/ament_cmake_index/share/ament_index/resource_index/package_run_dependencies) by extensions ['cmake', 'python']
[0.306s] Level 1:colcon.colcon_core.package_identification:_identify(src/build-hmi_node-Desktop-Debug/ament_cmake_index/share/ament_index/resource_index/package_run_dependencies) by extension 'cmake'
[0.306s] Level 1:colcon.colcon_core.package_identification:_identify(src/build-hmi_node-Desktop-Debug/ament_cmake_index/share/ament_index/resource_index/package_run_dependencies) by extension 'python'
[0.306s] Level 1:colcon.colcon_core.package_identification:_identify(src/build-hmi_node-Desktop-Debug/ament_cmake_index/share/ament_index/resource_index/package_run_dependencies) by extensions ['python_setup_py']
[0.306s] Level 1:colcon.colcon_core.package_identification:_identify(src/build-hmi_node-Desktop-Debug/ament_cmake_index/share/ament_index/resource_index/package_run_dependencies) by extension 'python_setup_py'
[0.306s] Level 1:colcon.colcon_core.package_identification:_identify(src/build-hmi_node-Desktop-Debug/ament_cmake_index/share/ament_index/resource_index/packages) by extensions ['ignore', 'ignore_ament_install']
[0.306s] Level 1:colcon.colcon_core.package_identification:_identify(src/build-hmi_node-Desktop-Debug/ament_cmake_index/share/ament_index/resource_index/packages) by extension 'ignore'
[0.306s] Level 1:colcon.colcon_core.package_identification:_identify(src/build-hmi_node-Desktop-Debug/ament_cmake_index/share/ament_index/resource_index/packages) by extension 'ignore_ament_install'
[0.306s] Level 1:colcon.colcon_core.package_identification:_identify(src/build-hmi_node-Desktop-Debug/ament_cmake_index/share/ament_index/resource_index/packages) by extensions ['colcon_pkg']
[0.306s] Level 1:colcon.colcon_core.package_identification:_identify(src/build-hmi_node-Desktop-Debug/ament_cmake_index/share/ament_index/resource_index/packages) by extension 'colcon_pkg'
[0.306s] Level 1:colcon.colcon_core.package_identification:_identify(src/build-hmi_node-Desktop-Debug/ament_cmake_index/share/ament_index/resource_index/packages) by extensions ['colcon_meta']
[0.306s] Level 1:colcon.colcon_core.package_identification:_identify(src/build-hmi_node-Desktop-Debug/ament_cmake_index/share/ament_index/resource_index/packages) by extension 'colcon_meta'
[0.306s] Level 1:colcon.colcon_core.package_identification:_identify(src/build-hmi_node-Desktop-Debug/ament_cmake_index/share/ament_index/resource_index/packages) by extensions ['ros']
[0.306s] Level 1:colcon.colcon_core.package_identification:_identify(src/build-hmi_node-Desktop-Debug/ament_cmake_index/share/ament_index/resource_index/packages) by extension 'ros'
[0.306s] Level 1:colcon.colcon_core.package_identification:_identify(src/build-hmi_node-Desktop-Debug/ament_cmake_index/share/ament_index/resource_index/packages) by extensions ['cmake', 'python']
[0.306s] Level 1:colcon.colcon_core.package_identification:_identify(src/build-hmi_node-Desktop-Debug/ament_cmake_index/share/ament_index/resource_index/packages) by extension 'cmake'
[0.306s] Level 1:colcon.colcon_core.package_identification:_identify(src/build-hmi_node-Desktop-Debug/ament_cmake_index/share/ament_index/resource_index/packages) by extension 'python'
[0.306s] Level 1:colcon.colcon_core.package_identification:_identify(src/build-hmi_node-Desktop-Debug/ament_cmake_index/share/ament_index/resource_index/packages) by extensions ['python_setup_py']
[0.306s] Level 1:colcon.colcon_core.package_identification:_identify(src/build-hmi_node-Desktop-Debug/ament_cmake_index/share/ament_index/resource_index/packages) by extension 'python_setup_py'
[0.307s] Level 1:colcon.colcon_core.package_identification:_identify(src/build-hmi_node-Desktop-Debug/ament_cmake_index/share/ament_index/resource_index/parent_prefix_path) by extensions ['ignore', 'ignore_ament_install']
[0.307s] Level 1:colcon.colcon_core.package_identification:_identify(src/build-hmi_node-Desktop-Debug/ament_cmake_index/share/ament_index/resource_index/parent_prefix_path) by extension 'ignore'
[0.307s] Level 1:colcon.colcon_core.package_identification:_identify(src/build-hmi_node-Desktop-Debug/ament_cmake_index/share/ament_index/resource_index/parent_prefix_path) by extension 'ignore_ament_install'
[0.307s] Level 1:colcon.colcon_core.package_identification:_identify(src/build-hmi_node-Desktop-Debug/ament_cmake_index/share/ament_index/resource_index/parent_prefix_path) by extensions ['colcon_pkg']
[0.307s] Level 1:colcon.colcon_core.package_identification:_identify(src/build-hmi_node-Desktop-Debug/ament_cmake_index/share/ament_index/resource_index/parent_prefix_path) by extension 'colcon_pkg'
[0.307s] Level 1:colcon.colcon_core.package_identification:_identify(src/build-hmi_node-Desktop-Debug/ament_cmake_index/share/ament_index/resource_index/parent_prefix_path) by extensions ['colcon_meta']
[0.307s] Level 1:colcon.colcon_core.package_identification:_identify(src/build-hmi_node-Desktop-Debug/ament_cmake_index/share/ament_index/resource_index/parent_prefix_path) by extension 'colcon_meta'
[0.307s] Level 1:colcon.colcon_core.package_identification:_identify(src/build-hmi_node-Desktop-Debug/ament_cmake_index/share/ament_index/resource_index/parent_prefix_path) by extensions ['ros']
[0.307s] Level 1:colcon.colcon_core.package_identification:_identify(src/build-hmi_node-Desktop-Debug/ament_cmake_index/share/ament_index/resource_index/parent_prefix_path) by extension 'ros'
[0.307s] Level 1:colcon.colcon_core.package_identification:_identify(src/build-hmi_node-Desktop-Debug/ament_cmake_index/share/ament_index/resource_index/parent_prefix_path) by extensions ['cmake', 'python']
[0.307s] Level 1:colcon.colcon_core.package_identification:_identify(src/build-hmi_node-Desktop-Debug/ament_cmake_index/share/ament_index/resource_index/parent_prefix_path) by extension 'cmake'
[0.307s] Level 1:colcon.colcon_core.package_identification:_identify(src/build-hmi_node-Desktop-Debug/ament_cmake_index/share/ament_index/resource_index/parent_prefix_path) by extension 'python'
[0.307s] Level 1:colcon.colcon_core.package_identification:_identify(src/build-hmi_node-Desktop-Debug/ament_cmake_index/share/ament_index/resource_index/parent_prefix_path) by extensions ['python_setup_py']
[0.307s] Level 1:colcon.colcon_core.package_identification:_identify(src/build-hmi_node-Desktop-Debug/ament_cmake_index/share/ament_index/resource_index/parent_prefix_path) by extension 'python_setup_py'
[0.307s] Level 1:colcon.colcon_core.package_identification:_identify(src/build-hmi_node-Desktop-Debug/ament_cmake_package_templates) by extensions ['ignore', 'ignore_ament_install']
[0.307s] Level 1:colcon.colcon_core.package_identification:_identify(src/build-hmi_node-Desktop-Debug/ament_cmake_package_templates) by extension 'ignore'
[0.307s] Level 1:colcon.colcon_core.package_identification:_identify(src/build-hmi_node-Desktop-Debug/ament_cmake_package_templates) by extension 'ignore_ament_install'
[0.307s] Level 1:colcon.colcon_core.package_identification:_identify(src/build-hmi_node-Desktop-Debug/ament_cmake_package_templates) by extensions ['colcon_pkg']
[0.307s] Level 1:colcon.colcon_core.package_identification:_identify(src/build-hmi_node-Desktop-Debug/ament_cmake_package_templates) by extension 'colcon_pkg'
[0.307s] Level 1:colcon.colcon_core.package_identification:_identify(src/build-hmi_node-Desktop-Debug/ament_cmake_package_templates) by extensions ['colcon_meta']
[0.307s] Level 1:colcon.colcon_core.package_identification:_identify(src/build-hmi_node-Desktop-Debug/ament_cmake_package_templates) by extension 'colcon_meta'
[0.307s] Level 1:colcon.colcon_core.package_identification:_identify(src/build-hmi_node-Desktop-Debug/ament_cmake_package_templates) by extensions ['ros']
[0.307s] Level 1:colcon.colcon_core.package_identification:_identify(src/build-hmi_node-Desktop-Debug/ament_cmake_package_templates) by extension 'ros'
[0.308s] Level 1:colcon.colcon_core.package_identification:_identify(src/build-hmi_node-Desktop-Debug/ament_cmake_package_templates) by extensions ['cmake', 'python']
[0.308s] Level 1:colcon.colcon_core.package_identification:_identify(src/build-hmi_node-Desktop-Debug/ament_cmake_package_templates) by extension 'cmake'
[0.308s] Level 1:colcon.colcon_core.package_identification:_identify(src/build-hmi_node-Desktop-Debug/ament_cmake_package_templates) by extension 'python'
[0.308s] Level 1:colcon.colcon_core.package_identification:_identify(src/build-hmi_node-Desktop-Debug/ament_cmake_package_templates) by extensions ['python_setup_py']
[0.308s] Level 1:colcon.colcon_core.package_identification:_identify(src/build-hmi_node-Desktop-Debug/ament_cmake_package_templates) by extension 'python_setup_py'
[0.308s] Level 1:colcon.colcon_core.package_identification:_identify(src/build-hmi_node-Desktop-Debug/ament_cmake_uninstall_target) by extensions ['ignore', 'ignore_ament_install']
[0.308s] Level 1:colcon.colcon_core.package_identification:_identify(src/build-hmi_node-Desktop-Debug/ament_cmake_uninstall_target) by extension 'ignore'
[0.308s] Level 1:colcon.colcon_core.package_identification:_identify(src/build-hmi_node-Desktop-Debug/ament_cmake_uninstall_target) by extension 'ignore_ament_install'
[0.308s] Level 1:colcon.colcon_core.package_identification:_identify(src/build-hmi_node-Desktop-Debug/ament_cmake_uninstall_target) by extensions ['colcon_pkg']
[0.308s] Level 1:colcon.colcon_core.package_identification:_identify(src/build-hmi_node-Desktop-Debug/ament_cmake_uninstall_target) by extension 'colcon_pkg'
[0.308s] Level 1:colcon.colcon_core.package_identification:_identify(src/build-hmi_node-Desktop-Debug/ament_cmake_uninstall_target) by extensions ['colcon_meta']
[0.308s] Level 1:colcon.colcon_core.package_identification:_identify(src/build-hmi_node-Desktop-Debug/ament_cmake_uninstall_target) by extension 'colcon_meta'
[0.308s] Level 1:colcon.colcon_core.package_identification:_identify(src/build-hmi_node-Desktop-Debug/ament_cmake_uninstall_target) by extensions ['ros']
[0.308s] Level 1:colcon.colcon_core.package_identification:_identify(src/build-hmi_node-Desktop-Debug/ament_cmake_uninstall_target) by extension 'ros'
[0.308s] Level 1:colcon.colcon_core.package_identification:_identify(src/build-hmi_node-Desktop-Debug/ament_cmake_uninstall_target) by extensions ['cmake', 'python']
[0.308s] Level 1:colcon.colcon_core.package_identification:_identify(src/build-hmi_node-Desktop-Debug/ament_cmake_uninstall_target) by extension 'cmake'
[0.308s] Level 1:colcon.colcon_core.package_identification:_identify(src/build-hmi_node-Desktop-Debug/ament_cmake_uninstall_target) by extension 'python'
[0.308s] Level 1:colcon.colcon_core.package_identification:_identify(src/build-hmi_node-Desktop-Debug/ament_cmake_uninstall_target) by extensions ['python_setup_py']
[0.308s] Level 1:colcon.colcon_core.package_identification:_identify(src/build-hmi_node-Desktop-Debug/ament_cmake_uninstall_target) by extension 'python_setup_py'
[0.308s] Level 1:colcon.colcon_core.package_identification:_identify(src/build-hmi_node-Desktop-Debug/ament_copyright) by extensions ['ignore', 'ignore_ament_install']
[0.308s] Level 1:colcon.colcon_core.package_identification:_identify(src/build-hmi_node-Desktop-Debug/ament_copyright) by extension 'ignore'
[0.308s] Level 1:colcon.colcon_core.package_identification:_identify(src/build-hmi_node-Desktop-Debug/ament_copyright) by extension 'ignore_ament_install'
[0.309s] Level 1:colcon.colcon_core.package_identification:_identify(src/build-hmi_node-Desktop-Debug/ament_copyright) by extensions ['colcon_pkg']
[0.309s] Level 1:colcon.colcon_core.package_identification:_identify(src/build-hmi_node-Desktop-Debug/ament_copyright) by extension 'colcon_pkg'
[0.309s] Level 1:colcon.colcon_core.package_identification:_identify(src/build-hmi_node-Desktop-Debug/ament_copyright) by extensions ['colcon_meta']
[0.309s] Level 1:colcon.colcon_core.package_identification:_identify(src/build-hmi_node-Desktop-Debug/ament_copyright) by extension 'colcon_meta'
[0.309s] Level 1:colcon.colcon_core.package_identification:_identify(src/build-hmi_node-Desktop-Debug/ament_copyright) by extensions ['ros']
[0.309s] Level 1:colcon.colcon_core.package_identification:_identify(src/build-hmi_node-Desktop-Debug/ament_copyright) by extension 'ros'
[0.309s] Level 1:colcon.colcon_core.package_identification:_identify(src/build-hmi_node-Desktop-Debug/ament_copyright) by extensions ['cmake', 'python']
[0.309s] Level 1:colcon.colcon_core.package_identification:_identify(src/build-hmi_node-Desktop-Debug/ament_copyright) by extension 'cmake'
[0.309s] Level 1:colcon.colcon_core.package_identification:_identify(src/build-hmi_node-Desktop-Debug/ament_copyright) by extension 'python'
[0.309s] Level 1:colcon.colcon_core.package_identification:_identify(src/build-hmi_node-Desktop-Debug/ament_copyright) by extensions ['python_setup_py']
[0.309s] Level 1:colcon.colcon_core.package_identification:_identify(src/build-hmi_node-Desktop-Debug/ament_copyright) by extension 'python_setup_py'
[0.309s] Level 1:colcon.colcon_core.package_identification:_identify(src/build-hmi_node-Desktop-Debug/ament_cppcheck) by extensions ['ignore', 'ignore_ament_install']
[0.309s] Level 1:colcon.colcon_core.package_identification:_identify(src/build-hmi_node-Desktop-Debug/ament_cppcheck) by extension 'ignore'
[0.309s] Level 1:colcon.colcon_core.package_identification:_identify(src/build-hmi_node-Desktop-Debug/ament_cppcheck) by extension 'ignore_ament_install'
[0.309s] Level 1:colcon.colcon_core.package_identification:_identify(src/build-hmi_node-Desktop-Debug/ament_cppcheck) by extensions ['colcon_pkg']
[0.309s] Level 1:colcon.colcon_core.package_identification:_identify(src/build-hmi_node-Desktop-Debug/ament_cppcheck) by extension 'colcon_pkg'
[0.309s] Level 1:colcon.colcon_core.package_identification:_identify(src/build-hmi_node-Desktop-Debug/ament_cppcheck) by extensions ['colcon_meta']
[0.309s] Level 1:colcon.colcon_core.package_identification:_identify(src/build-hmi_node-Desktop-Debug/ament_cppcheck) by extension 'colcon_meta'
[0.309s] Level 1:colcon.colcon_core.package_identification:_identify(src/build-hmi_node-Desktop-Debug/ament_cppcheck) by extensions ['ros']
[0.309s] Level 1:colcon.colcon_core.package_identification:_identify(src/build-hmi_node-Desktop-Debug/ament_cppcheck) by extension 'ros'
[0.309s] Level 1:colcon.colcon_core.package_identification:_identify(src/build-hmi_node-Desktop-Debug/ament_cppcheck) by extensions ['cmake', 'python']
[0.309s] Level 1:colcon.colcon_core.package_identification:_identify(src/build-hmi_node-Desktop-Debug/ament_cppcheck) by extension 'cmake'
[0.309s] Level 1:colcon.colcon_core.package_identification:_identify(src/build-hmi_node-Desktop-Debug/ament_cppcheck) by extension 'python'
[0.309s] Level 1:colcon.colcon_core.package_identification:_identify(src/build-hmi_node-Desktop-Debug/ament_cppcheck) by extensions ['python_setup_py']
[0.310s] Level 1:colcon.colcon_core.package_identification:_identify(src/build-hmi_node-Desktop-Debug/ament_cppcheck) by extension 'python_setup_py'
[0.310s] Level 1:colcon.colcon_core.package_identification:_identify(src/build-hmi_node-Desktop-Debug/ament_cpplint) by extensions ['ignore', 'ignore_ament_install']
[0.310s] Level 1:colcon.colcon_core.package_identification:_identify(src/build-hmi_node-Desktop-Debug/ament_cpplint) by extension 'ignore'
[0.310s] Level 1:colcon.colcon_core.package_identification:_identify(src/build-hmi_node-Desktop-Debug/ament_cpplint) by extension 'ignore_ament_install'
[0.310s] Level 1:colcon.colcon_core.package_identification:_identify(src/build-hmi_node-Desktop-Debug/ament_cpplint) by extensions ['colcon_pkg']
[0.310s] Level 1:colcon.colcon_core.package_identification:_identify(src/build-hmi_node-Desktop-Debug/ament_cpplint) by extension 'colcon_pkg'
[0.310s] Level 1:colcon.colcon_core.package_identification:_identify(src/build-hmi_node-Desktop-Debug/ament_cpplint) by extensions ['colcon_meta']
[0.310s] Level 1:colcon.colcon_core.package_identification:_identify(src/build-hmi_node-Desktop-Debug/ament_cpplint) by extension 'colcon_meta'
[0.310s] Level 1:colcon.colcon_core.package_identification:_identify(src/build-hmi_node-Desktop-Debug/ament_cpplint) by extensions ['ros']
[0.310s] Level 1:colcon.colcon_core.package_identification:_identify(src/build-hmi_node-Desktop-Debug/ament_cpplint) by extension 'ros'
[0.310s] Level 1:colcon.colcon_core.package_identification:_identify(src/build-hmi_node-Desktop-Debug/ament_cpplint) by extensions ['cmake', 'python']
[0.310s] Level 1:colcon.colcon_core.package_identification:_identify(src/build-hmi_node-Desktop-Debug/ament_cpplint) by extension 'cmake'
[0.310s] Level 1:colcon.colcon_core.package_identification:_identify(src/build-hmi_node-Desktop-Debug/ament_cpplint) by extension 'python'
[0.310s] Level 1:colcon.colcon_core.package_identification:_identify(src/build-hmi_node-Desktop-Debug/ament_cpplint) by extensions ['python_setup_py']
[0.310s] Level 1:colcon.colcon_core.package_identification:_identify(src/build-hmi_node-Desktop-Debug/ament_cpplint) by extension 'python_setup_py'
[0.310s] Level 1:colcon.colcon_core.package_identification:_identify(src/build-hmi_node-Desktop-Debug/ament_lint_cmake) by extensions ['ignore', 'ignore_ament_install']
[0.310s] Level 1:colcon.colcon_core.package_identification:_identify(src/build-hmi_node-Desktop-Debug/ament_lint_cmake) by extension 'ignore'
[0.310s] Level 1:colcon.colcon_core.package_identification:_identify(src/build-hmi_node-Desktop-Debug/ament_lint_cmake) by extension 'ignore_ament_install'
[0.310s] Level 1:colcon.colcon_core.package_identification:_identify(src/build-hmi_node-Desktop-Debug/ament_lint_cmake) by extensions ['colcon_pkg']
[0.310s] Level 1:colcon.colcon_core.package_identification:_identify(src/build-hmi_node-Desktop-Debug/ament_lint_cmake) by extension 'colcon_pkg'
[0.310s] Level 1:colcon.colcon_core.package_identification:_identify(src/build-hmi_node-Desktop-Debug/ament_lint_cmake) by extensions ['colcon_meta']
[0.311s] Level 1:colcon.colcon_core.package_identification:_identify(src/build-hmi_node-Desktop-Debug/ament_lint_cmake) by extension 'colcon_meta'
[0.311s] Level 1:colcon.colcon_core.package_identification:_identify(src/build-hmi_node-Desktop-Debug/ament_lint_cmake) by extensions ['ros']
[0.311s] Level 1:colcon.colcon_core.package_identification:_identify(src/build-hmi_node-Desktop-Debug/ament_lint_cmake) by extension 'ros'
[0.311s] Level 1:colcon.colcon_core.package_identification:_identify(src/build-hmi_node-Desktop-Debug/ament_lint_cmake) by extensions ['cmake', 'python']
[0.311s] Level 1:colcon.colcon_core.package_identification:_identify(src/build-hmi_node-Desktop-Debug/ament_lint_cmake) by extension 'cmake'
[0.311s] Level 1:colcon.colcon_core.package_identification:_identify(src/build-hmi_node-Desktop-Debug/ament_lint_cmake) by extension 'python'
[0.311s] Level 1:colcon.colcon_core.package_identification:_identify(src/build-hmi_node-Desktop-Debug/ament_lint_cmake) by extensions ['python_setup_py']
[0.311s] Level 1:colcon.colcon_core.package_identification:_identify(src/build-hmi_node-Desktop-Debug/ament_lint_cmake) by extension 'python_setup_py'
[0.311s] Level 1:colcon.colcon_core.package_identification:_identify(src/build-hmi_node-Desktop-Debug/ament_uncrustify) by extensions ['ignore', 'ignore_ament_install']
[0.311s] Level 1:colcon.colcon_core.package_identification:_identify(src/build-hmi_node-Desktop-Debug/ament_uncrustify) by extension 'ignore'
[0.311s] Level 1:colcon.colcon_core.package_identification:_identify(src/build-hmi_node-Desktop-Debug/ament_uncrustify) by extension 'ignore_ament_install'
[0.311s] Level 1:colcon.colcon_core.package_identification:_identify(src/build-hmi_node-Desktop-Debug/ament_uncrustify) by extensions ['colcon_pkg']
[0.311s] Level 1:colcon.colcon_core.package_identification:_identify(src/build-hmi_node-Desktop-Debug/ament_uncrustify) by extension 'colcon_pkg'
[0.311s] Level 1:colcon.colcon_core.package_identification:_identify(src/build-hmi_node-Desktop-Debug/ament_uncrustify) by extensions ['colcon_meta']
[0.311s] Level 1:colcon.colcon_core.package_identification:_identify(src/build-hmi_node-Desktop-Debug/ament_uncrustify) by extension 'colcon_meta'
[0.311s] Level 1:colcon.colcon_core.package_identification:_identify(src/build-hmi_node-Desktop-Debug/ament_uncrustify) by extensions ['ros']
[0.311s] Level 1:colcon.colcon_core.package_identification:_identify(src/build-hmi_node-Desktop-Debug/ament_uncrustify) by extension 'ros'
[0.311s] Level 1:colcon.colcon_core.package_identification:_identify(src/build-hmi_node-Desktop-Debug/ament_uncrustify) by extensions ['cmake', 'python']
[0.311s] Level 1:colcon.colcon_core.package_identification:_identify(src/build-hmi_node-Desktop-Debug/ament_uncrustify) by extension 'cmake'
[0.311s] Level 1:colcon.colcon_core.package_identification:_identify(src/build-hmi_node-Desktop-Debug/ament_uncrustify) by extension 'python'
[0.311s] Level 1:colcon.colcon_core.package_identification:_identify(src/build-hmi_node-Desktop-Debug/ament_uncrustify) by extensions ['python_setup_py']
[0.311s] Level 1:colcon.colcon_core.package_identification:_identify(src/build-hmi_node-Desktop-Debug/ament_uncrustify) by extension 'python_setup_py'
[0.311s] Level 1:colcon.colcon_core.package_identification:_identify(src/build-hmi_node-Desktop-Debug/ament_xmllint) by extensions ['ignore', 'ignore_ament_install']
[0.312s] Level 1:colcon.colcon_core.package_identification:_identify(src/build-hmi_node-Desktop-Debug/ament_xmllint) by extension 'ignore'
[0.312s] Level 1:colcon.colcon_core.package_identification:_identify(src/build-hmi_node-Desktop-Debug/ament_xmllint) by extension 'ignore_ament_install'
[0.312s] Level 1:colcon.colcon_core.package_identification:_identify(src/build-hmi_node-Desktop-Debug/ament_xmllint) by extensions ['colcon_pkg']
[0.312s] Level 1:colcon.colcon_core.package_identification:_identify(src/build-hmi_node-Desktop-Debug/ament_xmllint) by extension 'colcon_pkg'
[0.312s] Level 1:colcon.colcon_core.package_identification:_identify(src/build-hmi_node-Desktop-Debug/ament_xmllint) by extensions ['colcon_meta']
[0.312s] Level 1:colcon.colcon_core.package_identification:_identify(src/build-hmi_node-Desktop-Debug/ament_xmllint) by extension 'colcon_meta'
[0.312s] Level 1:colcon.colcon_core.package_identification:_identify(src/build-hmi_node-Desktop-Debug/ament_xmllint) by extensions ['ros']
[0.312s] Level 1:colcon.colcon_core.package_identification:_identify(src/build-hmi_node-Desktop-Debug/ament_xmllint) by extension 'ros'
[0.312s] Level 1:colcon.colcon_core.package_identification:_identify(src/build-hmi_node-Desktop-Debug/ament_xmllint) by extensions ['cmake', 'python']
[0.312s] Level 1:colcon.colcon_core.package_identification:_identify(src/build-hmi_node-Desktop-Debug/ament_xmllint) by extension 'cmake'
[0.312s] Level 1:colcon.colcon_core.package_identification:_identify(src/build-hmi_node-Desktop-Debug/ament_xmllint) by extension 'python'
[0.312s] Level 1:colcon.colcon_core.package_identification:_identify(src/build-hmi_node-Desktop-Debug/ament_xmllint) by extensions ['python_setup_py']
[0.312s] Level 1:colcon.colcon_core.package_identification:_identify(src/build-hmi_node-Desktop-Debug/ament_xmllint) by extension 'python_setup_py'
[0.312s] Level 1:colcon.colcon_core.package_identification:_identify(src/hmi_node) by extensions ['ignore', 'ignore_ament_install']
[0.312s] Level 1:colcon.colcon_core.package_identification:_identify(src/hmi_node) by extension 'ignore'
[0.312s] Level 1:colcon.colcon_core.package_identification:_identify(src/hmi_node) by extension 'ignore_ament_install'
[0.312s] Level 1:colcon.colcon_core.package_identification:_identify(src/hmi_node) by extensions ['colcon_pkg']
[0.312s] Level 1:colcon.colcon_core.package_identification:_identify(src/hmi_node) by extension 'colcon_pkg'
[0.312s] Level 1:colcon.colcon_core.package_identification:_identify(src/hmi_node) by extensions ['colcon_meta']
[0.312s] Level 1:colcon.colcon_core.package_identification:_identify(src/hmi_node) by extension 'colcon_meta'
[0.312s] Level 1:colcon.colcon_core.package_identification:_identify(src/hmi_node) by extensions ['ros']
[0.312s] Level 1:colcon.colcon_core.package_identification:_identify(src/hmi_node) by extension 'ros'
[0.314s] DEBUG:colcon.colcon_core.package_identification:Package 'src/hmi_node' with type 'ros.ament_cmake' and name 'hmi_node'
[0.314s] Level 1:colcon.colcon_core.package_discovery:discover_packages(recursive) using defaults
[0.314s] Level 1:colcon.colcon_core.package_discovery:discover_packages(ignore) discover
[0.315s] Level 1:colcon.colcon_core.package_discovery:discover_packages(ignore) using defaults
[0.315s] Level 1:colcon.colcon_core.package_discovery:discover_packages(path) discover
[0.315s] Level 1:colcon.colcon_core.package_discovery:discover_packages(path) using defaults
[0.322s] Level 5:colcon.colcon_core.verb:set package 'hmi_node' build argument 'cmake_args' from command line to 'None'
[0.322s] Level 5:colcon.colcon_core.verb:set package 'hmi_node' build argument 'cmake_target' from command line to 'None'
[0.322s] Level 5:colcon.colcon_core.verb:set package 'hmi_node' build argument 'cmake_target_skip_unavailable' from command line to 'False'
[0.322s] Level 5:colcon.colcon_core.verb:set package 'hmi_node' build argument 'cmake_clean_cache' from command line to 'False'
[0.322s] Level 5:colcon.colcon_core.verb:set package 'hmi_node' build argument 'cmake_clean_first' from command line to 'False'
[0.322s] Level 5:colcon.colcon_core.verb:set package 'hmi_node' build argument 'cmake_force_configure' from command line to 'False'
[0.322s] Level 5:colcon.colcon_core.verb:set package 'hmi_node' build argument 'ament_cmake_args' from command line to 'None'
[0.322s] Level 5:colcon.colcon_core.verb:set package 'hmi_node' build argument 'catkin_cmake_args' from command line to 'None'
[0.322s] Level 5:colcon.colcon_core.verb:set package 'hmi_node' build argument 'catkin_skip_building_tests' from command line to 'False'
[0.322s] DEBUG:colcon.colcon_core.verb:Building package 'hmi_node' with the following arguments: {'ament_cmake_args': None, 'build_base': '/home/riccardochiaretti/alba_v2_hmi/build/hmi_node', 'catkin_cmake_args': None, 'catkin_skip_building_tests': False, 'cmake_args': None, 'cmake_clean_cache': False, 'cmake_clean_first': False, 'cmake_force_configure': False, 'cmake_target': None, 'cmake_target_skip_unavailable': False, 'install_base': '/home/riccardochiaretti/alba_v2_hmi/install/hmi_node', 'merge_install': False, 'path': '/home/riccardochiaretti/alba_v2_hmi/src/hmi_node', 'symlink_install': True, 'test_result_base': None}
[0.322s] INFO:colcon.colcon_core.executor:Executing jobs using 'parallel' executor
[0.324s] DEBUG:colcon.colcon_parallel_executor.executor.parallel:run_until_complete
[0.325s] INFO:colcon.colcon_ros.task.ament_cmake.build:Building ROS package in '/home/riccardochiaretti/alba_v2_hmi/src/hmi_node' with build type 'ament_cmake'
[0.338s] INFO:colcon.colcon_core.plugin_system:Skipping extension 'colcon_core.shell.bat': Not used on non-Windows systems
[0.338s] INFO:colcon.colcon_cmake.task.cmake.build:Building CMake package in '/home/riccardochiaretti/alba_v2_hmi/src/hmi_node'
[0.338s] INFO:colcon.colcon_core.shell:Skip shell extension 'powershell' for command environment: Not usable outside of PowerShell
[0.339s] DEBUG:colcon.colcon_core.shell:Skip shell extension 'dsv' for command environment
[0.374s] DEBUG:colcon.colcon_core.event_handler.log_command:Invoking command in '/home/riccardochiaretti/alba_v2_hmi/build/hmi_node': CMAKE_PREFIX_PATH=${CMAKE_PREFIX_PATH}:/home/riccardochiaretti/ros2_eloquent/install/ros2bag:/home/riccardochiaretti/ros2_eloquent/install/tracetools_launch:/home/riccardochiaretti/ros2_eloquent/install/topic_monitor:/home/riccardochiaretti/ros2_eloquent/install/examples_tf2_py:/home/riccardochiaretti/ros2_eloquent/install/sros2:/home/riccardochiaretti/ros2_eloquent/install/rqt_topic:/home/riccardochiaretti/ros2_eloquent/install/rqt_reconfigure:/home/riccardochiaretti/ros2_eloquent/install/rqt_action:/home/riccardochiaretti/ros2_eloquent/install/rqt:/home/riccardochiaretti/ros2_eloquent/install/rqt_graph:/home/riccardochiaretti/ros2_eloquent/install/rqt_gui_py:/home/riccardochiaretti/ros2_eloquent/install/rqt_gui:/home/riccardochiaretti/ros2_eloquent/install/ros2trace:/home/riccardochiaretti/ros2_eloquent/install/ros2topic:/home/riccardochiaretti/ros2_eloquent/install/ros2test:/home/riccardochiaretti/ros2_eloquent/install/ros2srv:/home/riccardochiaretti/ros2_eloquent/install/ros2component:/home/riccardochiaretti/ros2_eloquent/install/ros2param:/home/riccardochiaretti/ros2_eloquent/install/ros2lifecycle:/home/riccardochiaretti/ros2_eloquent/install/ros2service:/home/riccardochiaretti/ros2_eloquent/install/ros2run:/home/riccardochiaretti/ros2_eloquent/install/ros2launch:/home/riccardochiaretti/ros2_eloquent/install/ros2pkg:/home/riccardochiaretti/ros2_eloquent/install/ros2node:/home/riccardochiaretti/ros2_eloquent/install/ros2multicast:/home/riccardochiaretti/ros2_eloquent/install/ros2msg:/home/riccardochiaretti/ros2_eloquent/install/ros2interface:/home/riccardochiaretti/ros2_eloquent/install/ros2doctor:/home/riccardochiaretti/ros2_eloquent/install/ros2action:/home/riccardochiaretti/ros2_eloquent/install/ros2cli:/home/riccardochiaretti/ros2_eloquent/install/quality_of_service_demo_py:/home/riccardochiaretti/ros2_eloquent/install/launch_testing_ros:/home/riccardochiaretti/ros2_eloquent/install/launch_ros:/home/riccardochiaretti/ros2_eloquent/install/examples_rclpy_minimal_subscriber:/home/riccardochiaretti/ros2_eloquent/install/examples_rclpy_minimal_service:/home/riccardochiaretti/ros2_eloquent/install/examples_rclpy_minimal_publisher:/home/riccardochiaretti/ros2_eloquent/install/examples_rclpy_minimal_client:/home/riccardochiaretti/ros2_eloquent/install/examples_rclpy_minimal_action_server:/home/riccardochiaretti/ros2_eloquent/install/examples_rclpy_minimal_action_client:/home/riccardochiaretti/ros2_eloquent/install/examples_rclpy_executors:/home/riccardochiaretti/ros2_eloquent/install/demo_nodes_py:/home/riccardochiaretti/ros2_eloquent/install/action_tutorials_py:/home/riccardochiaretti/ros2_eloquent/install/ament_uncrustify:/home/riccardochiaretti/ros2_eloquent/install/tracetools_trace:/home/riccardochiaretti/ros2_eloquent/install/tracetools_read:/home/riccardochiaretti/ros2_eloquent/install/test_launch_ros:/home/riccardochiaretti/ros2_eloquent/install/rosidl_runtime_py:/home/riccardochiaretti/ros2_eloquent/install/launch_yaml:/home/riccardochiaretti/ros2_eloquent/install/launch_xml:/home/riccardochiaretti/ros2_eloquent/install/launch_testing:/home/riccardochiaretti/ros2_eloquent/install/launch:/home/riccardochiaretti/ros2_eloquent/install/osrf_pycommon:/home/riccardochiaretti/ros2_eloquent/install/domain_coordinator:/home/riccardochiaretti/ros2_eloquent/install/ament_xmllint:/home/riccardochiaretti/ros2_eloquent/install/ament_pyflakes:/home/riccardochiaretti/ros2_eloquent/install/ament_pep8:/home/riccardochiaretti/ros2_eloquent/install/ament_pep257:/home/riccardochiaretti/ros2_eloquent/install/ament_pclint:/home/riccardochiaretti/ros2_eloquent/install/ament_package:/home/riccardochiaretti/ros2_eloquent/install/ament_mypy:/home/riccardochiaretti/ros2_eloquent/install/ament_lint_cmake:/home/riccardochiaretti/ros2_eloquent/install/ament_flake8:/home/riccardochiaretti/ros2_eloquent/install/ament_copyright:/home/riccardochiaretti/ros2_eloquent/install/ament_lint:/home/riccardochiaretti/ros2_eloquent/install/ament_index_python:/home/riccardochiaretti/ros2_eloquent/install/ament_cpplint:/home/riccardochiaretti/ros2_eloquent/install/ament_cppcheck:/home/riccardochiaretti/ros2_eloquent/install/ament_clang_tidy:/home/riccardochiaretti/ros2_eloquent/install/ament_clang_format /usr/bin/cmake --build /home/riccardochiaretti/alba_v2_hmi/build/hmi_node -- -j12 -l12
[2.363s] DEBUG:colcon.colcon_core.event_handler.log_command:Invoked command in '/home/riccardochiaretti/alba_v2_hmi/build/hmi_node' returned '0': CMAKE_PREFIX_PATH=${CMAKE_PREFIX_PATH}:/home/riccardochiaretti/ros2_eloquent/install/ros2bag:/home/riccardochiaretti/ros2_eloquent/install/tracetools_launch:/home/riccardochiaretti/ros2_eloquent/install/topic_monitor:/home/riccardochiaretti/ros2_eloquent/install/examples_tf2_py:/home/riccardochiaretti/ros2_eloquent/install/sros2:/home/riccardochiaretti/ros2_eloquent/install/rqt_topic:/home/riccardochiaretti/ros2_eloquent/install/rqt_reconfigure:/home/riccardochiaretti/ros2_eloquent/install/rqt_action:/home/riccardochiaretti/ros2_eloquent/install/rqt:/home/riccardochiaretti/ros2_eloquent/install/rqt_graph:/home/riccardochiaretti/ros2_eloquent/install/rqt_gui_py:/home/riccardochiaretti/ros2_eloquent/install/rqt_gui:/home/riccardochiaretti/ros2_eloquent/install/ros2trace:/home/riccardochiaretti/ros2_eloquent/install/ros2topic:/home/riccardochiaretti/ros2_eloquent/install/ros2test:/home/riccardochiaretti/ros2_eloquent/install/ros2srv:/home/riccardochiaretti/ros2_eloquent/install/ros2component:/home/riccardochiaretti/ros2_eloquent/install/ros2param:/home/riccardochiaretti/ros2_eloquent/install/ros2lifecycle:/home/riccardochiaretti/ros2_eloquent/install/ros2service:/home/riccardochiaretti/ros2_eloquent/install/ros2run:/home/riccardochiaretti/ros2_eloquent/install/ros2launch:/home/riccardochiaretti/ros2_eloquent/install/ros2pkg:/home/riccardochiaretti/ros2_eloquent/install/ros2node:/home/riccardochiaretti/ros2_eloquent/install/ros2multicast:/home/riccardochiaretti/ros2_eloquent/install/ros2msg:/home/riccardochiaretti/ros2_eloquent/install/ros2interface:/home/riccardochiaretti/ros2_eloquent/install/ros2doctor:/home/riccardochiaretti/ros2_eloquent/install/ros2action:/home/riccardochiaretti/ros2_eloquent/install/ros2cli:/home/riccardochiaretti/ros2_eloquent/install/quality_of_service_demo_py:/home/riccardochiaretti/ros2_eloquent/install/launch_testing_ros:/home/riccardochiaretti/ros2_eloquent/install/launch_ros:/home/riccardochiaretti/ros2_eloquent/install/examples_rclpy_minimal_subscriber:/home/riccardochiaretti/ros2_eloquent/install/examples_rclpy_minimal_service:/home/riccardochiaretti/ros2_eloquent/install/examples_rclpy_minimal_publisher:/home/riccardochiaretti/ros2_eloquent/install/examples_rclpy_minimal_client:/home/riccardochiaretti/ros2_eloquent/install/examples_rclpy_minimal_action_server:/home/riccardochiaretti/ros2_eloquent/install/examples_rclpy_minimal_action_client:/home/riccardochiaretti/ros2_eloquent/install/examples_rclpy_executors:/home/riccardochiaretti/ros2_eloquent/install/demo_nodes_py:/home/riccardochiaretti/ros2_eloquent/install/action_tutorials_py:/home/riccardochiaretti/ros2_eloquent/install/ament_uncrustify:/home/riccardochiaretti/ros2_eloquent/install/tracetools_trace:/home/riccardochiaretti/ros2_eloquent/install/tracetools_read:/home/riccardochiaretti/ros2_eloquent/install/test_launch_ros:/home/riccardochiaretti/ros2_eloquent/install/rosidl_runtime_py:/home/riccardochiaretti/ros2_eloquent/install/launch_yaml:/home/riccardochiaretti/ros2_eloquent/install/launch_xml:/home/riccardochiaretti/ros2_eloquent/install/launch_testing:/home/riccardochiaretti/ros2_eloquent/install/launch:/home/riccardochiaretti/ros2_eloquent/install/osrf_pycommon:/home/riccardochiaretti/ros2_eloquent/install/domain_coordinator:/home/riccardochiaretti/ros2_eloquent/install/ament_xmllint:/home/riccardochiaretti/ros2_eloquent/install/ament_pyflakes:/home/riccardochiaretti/ros2_eloquent/install/ament_pep8:/home/riccardochiaretti/ros2_eloquent/install/ament_pep257:/home/riccardochiaretti/ros2_eloquent/install/ament_pclint:/home/riccardochiaretti/ros2_eloquent/install/ament_package:/home/riccardochiaretti/ros2_eloquent/install/ament_mypy:/home/riccardochiaretti/ros2_eloquent/install/ament_lint_cmake:/home/riccardochiaretti/ros2_eloquent/install/ament_flake8:/home/riccardochiaretti/ros2_eloquent/install/ament_copyright:/home/riccardochiaretti/ros2_eloquent/install/ament_lint:/home/riccardochiaretti/ros2_eloquent/install/ament_index_python:/home/riccardochiaretti/ros2_eloquent/install/ament_cpplint:/home/riccardochiaretti/ros2_eloquent/install/ament_cppcheck:/home/riccardochiaretti/ros2_eloquent/install/ament_clang_tidy:/home/riccardochiaretti/ros2_eloquent/install/ament_clang_format /usr/bin/cmake --build /home/riccardochiaretti/alba_v2_hmi/build/hmi_node -- -j12 -l12
[2.447s] DEBUG:colcon.colcon_core.event_handler.log_command:Invoking command in '/home/riccardochiaretti/alba_v2_hmi/build/hmi_node': CMAKE_PREFIX_PATH=${CMAKE_PREFIX_PATH}:/home/riccardochiaretti/ros2_eloquent/install/ros2bag:/home/riccardochiaretti/ros2_eloquent/install/tracetools_launch:/home/riccardochiaretti/ros2_eloquent/install/topic_monitor:/home/riccardochiaretti/ros2_eloquent/install/examples_tf2_py:/home/riccardochiaretti/ros2_eloquent/install/sros2:/home/riccardochiaretti/ros2_eloquent/install/rqt_topic:/home/riccardochiaretti/ros2_eloquent/install/rqt_reconfigure:/home/riccardochiaretti/ros2_eloquent/install/rqt_action:/home/riccardochiaretti/ros2_eloquent/install/rqt:/home/riccardochiaretti/ros2_eloquent/install/rqt_graph:/home/riccardochiaretti/ros2_eloquent/install/rqt_gui_py:/home/riccardochiaretti/ros2_eloquent/install/rqt_gui:/home/riccardochiaretti/ros2_eloquent/install/ros2trace:/home/riccardochiaretti/ros2_eloquent/install/ros2topic:/home/riccardochiaretti/ros2_eloquent/install/ros2test:/home/riccardochiaretti/ros2_eloquent/install/ros2srv:/home/riccardochiaretti/ros2_eloquent/install/ros2component:/home/riccardochiaretti/ros2_eloquent/install/ros2param:/home/riccardochiaretti/ros2_eloquent/install/ros2lifecycle:/home/riccardochiaretti/ros2_eloquent/install/ros2service:/home/riccardochiaretti/ros2_eloquent/install/ros2run:/home/riccardochiaretti/ros2_eloquent/install/ros2launch:/home/riccardochiaretti/ros2_eloquent/install/ros2pkg:/home/riccardochiaretti/ros2_eloquent/install/ros2node:/home/riccardochiaretti/ros2_eloquent/install/ros2multicast:/home/riccardochiaretti/ros2_eloquent/install/ros2msg:/home/riccardochiaretti/ros2_eloquent/install/ros2interface:/home/riccardochiaretti/ros2_eloquent/install/ros2doctor:/home/riccardochiaretti/ros2_eloquent/install/ros2action:/home/riccardochiaretti/ros2_eloquent/install/ros2cli:/home/riccardochiaretti/ros2_eloquent/install/quality_of_service_demo_py:/home/riccardochiaretti/ros2_eloquent/install/launch_testing_ros:/home/riccardochiaretti/ros2_eloquent/install/launch_ros:/home/riccardochiaretti/ros2_eloquent/install/examples_rclpy_minimal_subscriber:/home/riccardochiaretti/ros2_eloquent/install/examples_rclpy_minimal_service:/home/riccardochiaretti/ros2_eloquent/install/examples_rclpy_minimal_publisher:/home/riccardochiaretti/ros2_eloquent/install/examples_rclpy_minimal_client:/home/riccardochiaretti/ros2_eloquent/install/examples_rclpy_minimal_action_server:/home/riccardochiaretti/ros2_eloquent/install/examples_rclpy_minimal_action_client:/home/riccardochiaretti/ros2_eloquent/install/examples_rclpy_executors:/home/riccardochiaretti/ros2_eloquent/install/demo_nodes_py:/home/riccardochiaretti/ros2_eloquent/install/action_tutorials_py:/home/riccardochiaretti/ros2_eloquent/install/ament_uncrustify:/home/riccardochiaretti/ros2_eloquent/install/tracetools_trace:/home/riccardochiaretti/ros2_eloquent/install/tracetools_read:/home/riccardochiaretti/ros2_eloquent/install/test_launch_ros:/home/riccardochiaretti/ros2_eloquent/install/rosidl_runtime_py:/home/riccardochiaretti/ros2_eloquent/install/launch_yaml:/home/riccardochiaretti/ros2_eloquent/install/launch_xml:/home/riccardochiaretti/ros2_eloquent/install/launch_testing:/home/riccardochiaretti/ros2_eloquent/install/launch:/home/riccardochiaretti/ros2_eloquent/install/osrf_pycommon:/home/riccardochiaretti/ros2_eloquent/install/domain_coordinator:/home/riccardochiaretti/ros2_eloquent/install/ament_xmllint:/home/riccardochiaretti/ros2_eloquent/install/ament_pyflakes:/home/riccardochiaretti/ros2_eloquent/install/ament_pep8:/home/riccardochiaretti/ros2_eloquent/install/ament_pep257:/home/riccardochiaretti/ros2_eloquent/install/ament_pclint:/home/riccardochiaretti/ros2_eloquent/install/ament_package:/home/riccardochiaretti/ros2_eloquent/install/ament_mypy:/home/riccardochiaretti/ros2_eloquent/install/ament_lint_cmake:/home/riccardochiaretti/ros2_eloquent/install/ament_flake8:/home/riccardochiaretti/ros2_eloquent/install/ament_copyright:/home/riccardochiaretti/ros2_eloquent/install/ament_lint:/home/riccardochiaretti/ros2_eloquent/install/ament_index_python:/home/riccardochiaretti/ros2_eloquent/install/ament_cpplint:/home/riccardochiaretti/ros2_eloquent/install/ament_cppcheck:/home/riccardochiaretti/ros2_eloquent/install/ament_clang_tidy:/home/riccardochiaretti/ros2_eloquent/install/ament_clang_format /usr/bin/cmake --build /home/riccardochiaretti/alba_v2_hmi/build/hmi_node --target install -- -j12 -l12
[2.618s] Level 1:colcon.colcon_core.environment:create_environment_scripts_only(hmi_node)
[2.619s] DEBUG:colcon.colcon_core.event_handler.log_command:Invoked command in '/home/riccardochiaretti/alba_v2_hmi/build/hmi_node' returned '0': CMAKE_PREFIX_PATH=${CMAKE_PREFIX_PATH}:/home/riccardochiaretti/ros2_eloquent/install/ros2bag:/home/riccardochiaretti/ros2_eloquent/install/tracetools_launch:/home/riccardochiaretti/ros2_eloquent/install/topic_monitor:/home/riccardochiaretti/ros2_eloquent/install/examples_tf2_py:/home/riccardochiaretti/ros2_eloquent/install/sros2:/home/riccardochiaretti/ros2_eloquent/install/rqt_topic:/home/riccardochiaretti/ros2_eloquent/install/rqt_reconfigure:/home/riccardochiaretti/ros2_eloquent/install/rqt_action:/home/riccardochiaretti/ros2_eloquent/install/rqt:/home/riccardochiaretti/ros2_eloquent/install/rqt_graph:/home/riccardochiaretti/ros2_eloquent/install/rqt_gui_py:/home/riccardochiaretti/ros2_eloquent/install/rqt_gui:/home/riccardochiaretti/ros2_eloquent/install/ros2trace:/home/riccardochiaretti/ros2_eloquent/install/ros2topic:/home/riccardochiaretti/ros2_eloquent/install/ros2test:/home/riccardochiaretti/ros2_eloquent/install/ros2srv:/home/riccardochiaretti/ros2_eloquent/install/ros2component:/home/riccardochiaretti/ros2_eloquent/install/ros2param:/home/riccardochiaretti/ros2_eloquent/install/ros2lifecycle:/home/riccardochiaretti/ros2_eloquent/install/ros2service:/home/riccardochiaretti/ros2_eloquent/install/ros2run:/home/riccardochiaretti/ros2_eloquent/install/ros2launch:/home/riccardochiaretti/ros2_eloquent/install/ros2pkg:/home/riccardochiaretti/ros2_eloquent/install/ros2node:/home/riccardochiaretti/ros2_eloquent/install/ros2multicast:/home/riccardochiaretti/ros2_eloquent/install/ros2msg:/home/riccardochiaretti/ros2_eloquent/install/ros2interface:/home/riccardochiaretti/ros2_eloquent/install/ros2doctor:/home/riccardochiaretti/ros2_eloquent/install/ros2action:/home/riccardochiaretti/ros2_eloquent/install/ros2cli:/home/riccardochiaretti/ros2_eloquent/install/quality_of_service_demo_py:/home/riccardochiaretti/ros2_eloquent/install/launch_testing_ros:/home/riccardochiaretti/ros2_eloquent/install/launch_ros:/home/riccardochiaretti/ros2_eloquent/install/examples_rclpy_minimal_subscriber:/home/riccardochiaretti/ros2_eloquent/install/examples_rclpy_minimal_service:/home/riccardochiaretti/ros2_eloquent/install/examples_rclpy_minimal_publisher:/home/riccardochiaretti/ros2_eloquent/install/examples_rclpy_minimal_client:/home/riccardochiaretti/ros2_eloquent/install/examples_rclpy_minimal_action_server:/home/riccardochiaretti/ros2_eloquent/install/examples_rclpy_minimal_action_client:/home/riccardochiaretti/ros2_eloquent/install/examples_rclpy_executors:/home/riccardochiaretti/ros2_eloquent/install/demo_nodes_py:/home/riccardochiaretti/ros2_eloquent/install/action_tutorials_py:/home/riccardochiaretti/ros2_eloquent/install/ament_uncrustify:/home/riccardochiaretti/ros2_eloquent/install/tracetools_trace:/home/riccardochiaretti/ros2_eloquent/install/tracetools_read:/home/riccardochiaretti/ros2_eloquent/install/test_launch_ros:/home/riccardochiaretti/ros2_eloquent/install/rosidl_runtime_py:/home/riccardochiaretti/ros2_eloquent/install/launch_yaml:/home/riccardochiaretti/ros2_eloquent/install/launch_xml:/home/riccardochiaretti/ros2_eloquent/install/launch_testing:/home/riccardochiaretti/ros2_eloquent/install/launch:/home/riccardochiaretti/ros2_eloquent/install/osrf_pycommon:/home/riccardochiaretti/ros2_eloquent/install/domain_coordinator:/home/riccardochiaretti/ros2_eloquent/install/ament_xmllint:/home/riccardochiaretti/ros2_eloquent/install/ament_pyflakes:/home/riccardochiaretti/ros2_eloquent/install/ament_pep8:/home/riccardochiaretti/ros2_eloquent/install/ament_pep257:/home/riccardochiaretti/ros2_eloquent/install/ament_pclint:/home/riccardochiaretti/ros2_eloquent/install/ament_package:/home/riccardochiaretti/ros2_eloquent/install/ament_mypy:/home/riccardochiaretti/ros2_eloquent/install/ament_lint_cmake:/home/riccardochiaretti/ros2_eloquent/install/ament_flake8:/home/riccardochiaretti/ros2_eloquent/install/ament_copyright:/home/riccardochiaretti/ros2_eloquent/install/ament_lint:/home/riccardochiaretti/ros2_eloquent/install/ament_index_python:/home/riccardochiaretti/ros2_eloquent/install/ament_cpplint:/home/riccardochiaretti/ros2_eloquent/install/ament_cppcheck:/home/riccardochiaretti/ros2_eloquent/install/ament_clang_tidy:/home/riccardochiaretti/ros2_eloquent/install/ament_clang_format /usr/bin/cmake --build /home/riccardochiaretti/alba_v2_hmi/build/hmi_node --target install -- -j12 -l12
[2.624s] Level 1:colcon.colcon_core.environment:checking '/home/riccardochiaretti/alba_v2_hmi/install/hmi_node' for CMake module files
[2.625s] Level 1:colcon.colcon_core.environment:checking '/home/riccardochiaretti/alba_v2_hmi/install/hmi_node' for CMake config files
[2.625s] Level 1:colcon.colcon_core.shell:create_environment_hook('hmi_node', 'cmake_prefix_path')
[2.626s] INFO:colcon.colcon_core.shell:Creating environment hook '/home/riccardochiaretti/alba_v2_hmi/install/hmi_node/share/hmi_node/hook/cmake_prefix_path.ps1'
[2.626s] INFO:colcon.colcon_core.shell:Creating environment descriptor '/home/riccardochiaretti/alba_v2_hmi/install/hmi_node/share/hmi_node/hook/cmake_prefix_path.dsv'
[2.627s] INFO:colcon.colcon_core.shell:Creating environment hook '/home/riccardochiaretti/alba_v2_hmi/install/hmi_node/share/hmi_node/hook/cmake_prefix_path.sh'
[2.628s] Level 1:colcon.colcon_core.environment:checking '/home/riccardochiaretti/alba_v2_hmi/install/hmi_node/lib'
[2.628s] Level 1:colcon.colcon_core.environment:checking '/home/riccardochiaretti/alba_v2_hmi/install/hmi_node/bin'
[2.628s] Level 1:colcon.colcon_core.environment:checking '/home/riccardochiaretti/alba_v2_hmi/install/hmi_node/lib/pkgconfig/hmi_node.pc'
[2.628s] Level 1:colcon.colcon_core.environment:checking '/home/riccardochiaretti/alba_v2_hmi/install/hmi_node/lib/python3.6/site-packages'
[2.629s] INFO:colcon.colcon_core.shell:Creating package script '/home/riccardochiaretti/alba_v2_hmi/install/hmi_node/share/hmi_node/package.ps1'
[2.629s] INFO:colcon.colcon_core.shell:Creating package descriptor '/home/riccardochiaretti/alba_v2_hmi/install/hmi_node/share/hmi_node/package.dsv'
[2.630s] INFO:colcon.colcon_core.shell:Creating package script '/home/riccardochiaretti/alba_v2_hmi/install/hmi_node/share/hmi_node/package.sh'
[2.631s] INFO:colcon.colcon_core.shell:Creating package script '/home/riccardochiaretti/alba_v2_hmi/install/hmi_node/share/hmi_node/package.bash'
[2.631s] INFO:colcon.colcon_core.shell:Creating package script '/home/riccardochiaretti/alba_v2_hmi/install/hmi_node/share/hmi_node/package.zsh'
[2.632s] Level 1:colcon.colcon_core.environment:create_file_with_runtime_dependencies(/home/riccardochiaretti/alba_v2_hmi/install/hmi_node/share/colcon-core/packages/hmi_node)
[2.632s] DEBUG:colcon.colcon_parallel_executor.executor.parallel:closing loop
[2.632s] DEBUG:colcon.colcon_parallel_executor.executor.parallel:loop closed
[2.632s] DEBUG:colcon.colcon_parallel_executor.executor.parallel:run_until_complete finished with '0'
[2.633s] DEBUG:colcon.colcon_core.event_reactor:joining thread
[2.644s] INFO:colcon.colcon_core.plugin_system:Skipping extension 'colcon_notification.desktop_notification.terminal_notifier': Not used on non-Darwin systems
[2.644s] INFO:colcon.colcon_core.plugin_system:Skipping extension 'colcon_notification.desktop_notification.win32': Not used on non-Windows systems
[2.644s] INFO:colcon.colcon_notification.desktop_notification:Sending desktop notification using 'notify2'
[2.647s] DEBUG:colcon.colcon_core.event_reactor:joined thread
[2.648s] INFO:colcon.colcon_core.shell:Creating prefix script '/home/riccardochiaretti/alba_v2_hmi/install/local_setup.ps1'
[2.649s] INFO:colcon.colcon_core.shell:Creating prefix util module '/home/riccardochiaretti/alba_v2_hmi/install/_local_setup_util_ps1.py'
[2.650s] INFO:colcon.colcon_core.shell:Creating prefix chain script '/home/riccardochiaretti/alba_v2_hmi/install/setup.ps1'
[2.663s] INFO:colcon.colcon_core.shell:Creating prefix script '/home/riccardochiaretti/alba_v2_hmi/install/local_setup.sh'
[2.663s] INFO:colcon.colcon_core.shell:Creating prefix util module '/home/riccardochiaretti/alba_v2_hmi/install/_local_setup_util_sh.py'
[2.663s] INFO:colcon.colcon_core.shell:Creating prefix chain script '/home/riccardochiaretti/alba_v2_hmi/install/setup.sh'
[2.676s] INFO:colcon.colcon_core.shell:Creating prefix script '/home/riccardochiaretti/alba_v2_hmi/install/local_setup.bash'
[2.677s] INFO:colcon.colcon_core.shell:Creating prefix chain script '/home/riccardochiaretti/alba_v2_hmi/install/setup.bash'
[2.689s] INFO:colcon.colcon_core.shell:Creating prefix script '/home/riccardochiaretti/alba_v2_hmi/install/local_setup.zsh'
[2.689s] INFO:colcon.colcon_core.shell:Creating prefix chain script '/home/riccardochiaretti/alba_v2_hmi/install/setup.zsh'
