[0.126s] [35m[1mScanning dependencies of target hmi_node[0m
[0.167s] [ 66%] [32mBuilding CXX object CMakeFiles/hmi_node.dir/src/main.cpp.o[0m
[0.167s] [ 66%] [32mBuilding CXX object CMakeFiles/hmi_node.dir/src/EthernetPrimitives.cpp.o[0m
[1.016s] In file included from [01m[K/home/riccardochiaretti/alba_v2_hmi/src/hmi_node/src/main.cpp:2:0[m[K:
[1.017s] [01m[K/home/riccardochiaretti/alba_v2_hmi/src/hmi_node/src/ethernet_primitives.hpp:25:9:[m[K [01;31m[Kerror: [m[Kextra qualification ‘[01m[KEthernetPrimitives::[m[K’ on member ‘[01m[KEthernetPrimitives[m[K’ [[01;31m[K-fpermissive[m[K]
[1.017s]          [01;31m[KEthernetPrimitives[m[K::~EthernetPrimitives();
[1.017s]          [01;31m[K^~~~~~~~~~~~~~~~~~[m[K
[1.020s] In file included from [01m[K/home/riccardochiaretti/alba_v2_hmi/src/hmi_node/src/EthernetPrimitives.cpp:1:0[m[K:
[1.020s] [01m[K/home/riccardochiaretti/alba_v2_hmi/src/hmi_node/src/ethernet_primitives.hpp:25:9:[m[K [01;31m[Kerror: [m[Kextra qualification ‘[01m[KEthernetPrimitives::[m[K’ on member ‘[01m[KEthernetPrimitives[m[K’ [[01;31m[K-fpermissive[m[K]
[1.020s]          [01;31m[KEthernetPrimitives[m[K::~EthernetPrimitives();
[1.020s]          [01;31m[K^~~~~~~~~~~~~~~~~~[m[K
[1.022s] [01m[K/home/riccardochiaretti/alba_v2_hmi/src/hmi_node/src/main.cpp:[m[K In function ‘[01m[Kint main(int, char**)[m[K’:
[1.022s] [01m[K/home/riccardochiaretti/alba_v2_hmi/src/hmi_node/src/main.cpp:8:25:[m[K [01;35m[Kwarning: [m[Kunused variable ‘[01m[Kh[m[K’ [[01;35m[K-Wunused-variable[m[K]
[1.022s]      EthernetPrimitives *[01;35m[Kh[m[K = new EthernetPrimitives();
[1.023s]                          [01;35m[K^[m[K
[1.052s] [01m[K/home/riccardochiaretti/alba_v2_hmi/src/hmi_node/src/EthernetPrimitives.cpp:[m[K In member function ‘[01m[Kvoid EthernetPrimitives::wait_for_data()[m[K’:
[1.052s] [01m[K/home/riccardochiaretti/alba_v2_hmi/src/hmi_node/src/EthernetPrimitives.cpp:89:9:[m[K [01;35m[Kwarning: [m[Kunused variable ‘[01m[Kmax_fd[m[K’ [[01;35m[K-Wunused-variable[m[K]
[1.052s]      int [01;35m[Kmax_fd[m[K;
[1.052s]          [01;35m[K^~~~~~[m[K
[1.181s] CMakeFiles/hmi_node.dir/build.make:62: recipe for target 'CMakeFiles/hmi_node.dir/src/main.cpp.o' failed
[1.181s] make[2]: *** [CMakeFiles/hmi_node.dir/src/main.cpp.o] Error 1
[1.181s] make[2]: *** Waiting for unfinished jobs....
[1.545s] CMakeFiles/hmi_node.dir/build.make:86: recipe for target 'CMakeFiles/hmi_node.dir/src/EthernetPrimitives.cpp.o' failed
[1.546s] make[2]: *** [CMakeFiles/hmi_node.dir/src/EthernetPrimitives.cpp.o] Error 1
[1.546s] CMakeFiles/Makefile2:131: recipe for target 'CMakeFiles/hmi_node.dir/all' failed
[1.546s] make[1]: *** [CMakeFiles/hmi_node.dir/all] Error 2
[1.546s] make: *** [all] Error 2
[1.546s] Makefile:140: recipe for target 'all' failed
