[0.117s] [35m[1mScanning dependencies of target hmi_node[0m
[0.152s] [ 50%] [32mBuilding CXX object CMakeFiles/hmi_node.dir/src/main.cpp.o[0m
[0.897s] In file included from [01m[K/home/riccardochiaretti/alba_v2_hmi/src/hmi_node/src/main.cpp:2:0[m[K:
[0.897s] [01m[K/home/riccardochiaretti/alba_v2_hmi/src/hmi_node/src/ethernet_primitives.hpp:35:23:[m[K [01;35m[Kwarning: [m[KISO C++ forbids converting a string constant to ‘[01m[Kchar*[m[K’ [[01;35m[K-Wwrite-strings[m[K]
[0.897s]          char *hello = [01;35m[K"Hello from client"[m[K;
[0.897s]                        [01;35m[K^~~~~~~~~~~~~~~~~~~[m[K
[0.898s] In file included from [01m[K/usr/include/c++/7/cerrno:42:0[m[K,
[0.898s]                  from [01m[K/usr/include/c++/7/ext/string_conversions.h:44[m[K,
[0.898s]                  from [01m[K/usr/include/c++/7/bits/basic_string.h:6361[m[K,
[0.899s]                  from [01m[K/usr/include/c++/7/string:52[m[K,
[0.899s]                  from [01m[K/usr/include/c++/7/stdexcept:39[m[K,
[0.899s]                  from [01m[K/usr/include/c++/7/array:39[m[K,
[0.899s]                  from [01m[K/usr/include/c++/7/tuple:39[m[K,
[0.899s]                  from [01m[K/usr/include/c++/7/bits/unique_ptr.h:37[m[K,
[0.899s]                  from [01m[K/usr/include/c++/7/memory:80[m[K,
[0.899s]                  from [01m[K/home/riccardochiaretti/ros2_eloquent/install/rclcpp/include/rclcpp/rclcpp.hpp:143[m[K,
[0.899s]                  from [01m[K/home/riccardochiaretti/alba_v2_hmi/src/hmi_node/src/main.cpp:1[m[K:
[0.900s] [01m[K/home/riccardochiaretti/alba_v2_hmi/src/hmi_node/src/ethernet_primitives.hpp:[m[K In member function ‘[01m[Kvoid EthernetPrimitives::read_from_server_socket()[m[K’:
[0.900s] [01m[K/home/riccardochiaretti/alba_v2_hmi/src/hmi_node/src/ethernet_primitives.hpp:84:28:[m[K [01;31m[Kerror: [m[Kinvalid conversion from ‘[01m[Kint[m[K’ to ‘[01m[Kconst char*[m[K’ [[01;31m[K-fpermissive[m[K]
[0.900s]                      printf([01;31m[Ke[m[Krrno);
[0.900s]                             [01;31m[K^[m[K
[0.900s] In file included from [01m[K/usr/include/c++/7/cstdio:42:0[m[K,
[0.900s]                  from [01m[K/usr/include/c++/7/ext/string_conversions.h:43[m[K,
[0.900s]                  from [01m[K/usr/include/c++/7/bits/basic_string.h:6361[m[K,
[0.901s]                  from [01m[K/usr/include/c++/7/string:52[m[K,
[0.901s]                  from [01m[K/usr/include/c++/7/stdexcept:39[m[K,
[0.901s]                  from [01m[K/usr/include/c++/7/array:39[m[K,
[0.901s]                  from [01m[K/usr/include/c++/7/tuple:39[m[K,
[0.901s]                  from [01m[K/usr/include/c++/7/bits/unique_ptr.h:37[m[K,
[0.901s]                  from [01m[K/usr/include/c++/7/memory:80[m[K,
[0.901s]                  from [01m[K/home/riccardochiaretti/ros2_eloquent/install/rclcpp/include/rclcpp/rclcpp.hpp:143[m[K,
[0.902s]                  from [01m[K/home/riccardochiaretti/alba_v2_hmi/src/hmi_node/src/main.cpp:1[m[K:
[0.902s] [01m[K/usr/include/stdio.h:318:12:[m[K [01;36m[Knote: [m[K  initializing argument 1 of ‘[01m[Kint printf(const char*, ...)[m[K’
[0.902s]  extern int [01;36m[Kprintf[m[K (const char *__restrict __format, ...);
[0.902s]             [01;36m[K^~~~~~[m[K
[0.902s] In file included from [01m[K/home/riccardochiaretti/alba_v2_hmi/src/hmi_node/src/main.cpp:2:0[m[K:
[0.902s] [01m[K/home/riccardochiaretti/alba_v2_hmi/src/hmi_node/src/ethernet_primitives.hpp:84:33:[m[K [01;35m[Kwarning: [m[Kformat not a string literal and no format arguments [[01;35m[K-Wformat-security[m[K]
[0.902s]                      printf(errno[01;35m[K)[m[K;
[0.902s]                                  [01;35m[K^[m[K
[0.903s] [01m[K/home/riccardochiaretti/alba_v2_hmi/src/hmi_node/src/main.cpp:[m[K In function ‘[01m[Kint main(int, char**)[m[K’:
[0.903s] [01m[K/home/riccardochiaretti/alba_v2_hmi/src/hmi_node/src/main.cpp:11:23:[m[K [01;35m[Kwarning: [m[Kunused variable ‘[01m[Kh[m[K’ [[01;35m[K-Wunused-variable[m[K]
[0.903s]    EthernetPrimitives *[01;35m[Kh[m[K = new EthernetPrimitives();
[0.903s]                        [01;35m[K^[m[K
[0.903s] [01m[K/home/riccardochiaretti/alba_v2_hmi/src/hmi_node/src/main.cpp:4:14:[m[K [01;35m[Kwarning: [m[Kunused parameter ‘[01m[Kargc[m[K’ [[01;35m[K-Wunused-parameter[m[K]
[0.903s]  int main(int [01;35m[Kargc[m[K, char * argv[])
[0.903s]               [01;35m[K^~~~[m[K
[0.904s] [01m[K/home/riccardochiaretti/alba_v2_hmi/src/hmi_node/src/main.cpp:4:32:[m[K [01;35m[Kwarning: [m[Kunused parameter ‘[01m[Kargv[m[K’ [[01;35m[K-Wunused-parameter[m[K]
[0.904s]  int main(int argc, char * argv[[01;35m[K][m[K)
[0.904s]                                 [01;35m[K^[m[K
[1.005s] In file included from [01m[K/home/riccardochiaretti/alba_v2_hmi/src/hmi_node/src/main.cpp:2:0[m[K:
[1.005s] [01m[K/home/riccardochiaretti/alba_v2_hmi/src/hmi_node/src/ethernet_primitives.hpp:[m[K In member function ‘[01m[Kint EthernetPrimitives::init_server_socket()[m[K’:
[1.005s] [01m[K/home/riccardochiaretti/alba_v2_hmi/src/hmi_node/src/ethernet_primitives.hpp:75:9:[m[K [01;35m[Kwarning: [m[Kcontrol reaches end of non-void function [[01;35m[K-Wreturn-type[m[K]
[1.006s]          [01;35m[K}[m[K
[1.006s]          [01;35m[K^[m[K
[1.013s] make[2]: *** [CMakeFiles/hmi_node.dir/src/main.cpp.o] Error 1
[1.013s] CMakeFiles/hmi_node.dir/build.make:62: recipe for target 'CMakeFiles/hmi_node.dir/src/main.cpp.o' failed
[1.013s] make[1]: *** [CMakeFiles/hmi_node.dir/all] Error 2
[1.013s] make: *** [all] Error 2
[1.013s] CMakeFiles/Makefile2:131: recipe for target 'CMakeFiles/hmi_node.dir/all' failed
[1.013s] Makefile:140: recipe for target 'all' failed
