[1.076s] In file included from [01m[K/home/riccardochiaretti/alba_v2_hmi/src/hmi_node/src/main.cpp:2:0[m[K:
[1.076s] [01m[K/home/riccardochiaretti/alba_v2_hmi/src/hmi_node/src/ethernet_primitives.hpp:26:23:[m[K [01;35m[Kwarning: [m[KISO C++ forbids converting a string constant to ‘[01m[Kchar*[m[K’ [[01;35m[K-Wwrite-strings[m[K]
[1.076s]          char *hello = [01;35m[K"Hello from client"[m[K;
[1.076s]                        [01;35m[K^~~~~~~~~~~~~~~~~~~[m[K
[1.078s] [01m[K/home/riccardochiaretti/alba_v2_hmi/src/hmi_node/src/main.cpp:[m[K In function ‘[01m[Kint main(int, char**)[m[K’:
[1.078s] [01m[K/home/riccardochiaretti/alba_v2_hmi/src/hmi_node/src/main.cpp:11:23:[m[K [01;35m[Kwarning: [m[Kunused variable ‘[01m[Kh[m[K’ [[01;35m[K-Wunused-variable[m[K]
[1.078s]    EthernetPrimitives *[01;35m[Kh[m[K = new EthernetPrimitives();
[1.078s]                        [01;35m[K^[m[K
[1.078s] [01m[K/home/riccardochiaretti/alba_v2_hmi/src/hmi_node/src/main.cpp:4:14:[m[K [01;35m[Kwarning: [m[Kunused parameter ‘[01m[Kargc[m[K’ [[01;35m[K-Wunused-parameter[m[K]
[1.078s]  int main(int [01;35m[Kargc[m[K, char * argv[])
[1.079s]               [01;35m[K^~~~[m[K
[1.079s] [01m[K/home/riccardochiaretti/alba_v2_hmi/src/hmi_node/src/main.cpp:4:32:[m[K [01;35m[Kwarning: [m[Kunused parameter ‘[01m[Kargv[m[K’ [[01;35m[K-Wunused-parameter[m[K]
[1.079s]  int main(int argc, char * argv[[01;35m[K][m[K)
[1.079s]                                 [01;35m[K^[m[K
[1.196s] In file included from [01m[K/home/riccardochiaretti/alba_v2_hmi/src/hmi_node/src/main.cpp:2:0[m[K:
[1.196s] [01m[K/home/riccardochiaretti/alba_v2_hmi/src/hmi_node/src/ethernet_primitives.hpp:[m[K In member function ‘[01m[Kint EthernetPrimitives::open_socket_client()[m[K’:
[1.196s] [01m[K/home/riccardochiaretti/alba_v2_hmi/src/hmi_node/src/ethernet_primitives.hpp:70:9:[m[K [01;35m[Kwarning: [m[Kcontrol reaches end of non-void function [[01;35m[K-Wreturn-type[m[K]
[1.196s]          [01;35m[K}[m[K
[1.196s]          [01;35m[K^[m[K
[1.353s] CMakeFiles/hmi_node.dir/src/main.cpp.o: In function `EthernetPrimitives::EthernetPrimitives()':
[1.353s] main.cpp:(.text._ZN18EthernetPrimitivesC2Ev[_ZN18EthernetPrimitivesC5Ev]+0x1c): undefined reference to `vtable for EthernetPrimitives'
[1.353s] collect2: error: ld returned 1 exit status
[1.355s] make[2]: *** [hmi_node] Error 1
[1.355s] make[1]: *** [CMakeFiles/hmi_node.dir/all] Error 2
[1.356s] make: *** [all] Error 2
