[0.118s] [35m[1mScanning dependencies of target hmi_node[0m
[0.153s] [ 50%] [32mBuilding CXX object CMakeFiles/hmi_node.dir/src/main.cpp.o[0m
[0.886s] In file included from [01m[K/home/riccardochiaretti/alba_v2_hmi/src/hmi_node/src/main.cpp:2:0[m[K:
[0.886s] [01m[K/home/riccardochiaretti/alba_v2_hmi/src/hmi_node/src/ethernet_primitives.hpp:35:23:[m[K [01;35m[Kwarning: [m[KISO C++ forbids converting a string constant to ‘[01m[Kchar*[m[K’ [[01;35m[K-Wwrite-strings[m[K]
[0.886s]          char *hello = [01;35m[K"Hello from client"[m[K;
[0.886s]                        [01;35m[K^~~~~~~~~~~~~~~~~~~[m[K
[0.886s] [01m[K/home/riccardochiaretti/alba_v2_hmi/src/hmi_node/src/ethernet_primitives.hpp:[m[K In member function ‘[01m[Kvoid EthernetPrimitives::read_from_server_socket()[m[K’:
[0.886s] [01m[K/home/riccardochiaretti/alba_v2_hmi/src/hmi_node/src/ethernet_primitives.hpp:85:43:[m[K [01;35m[Kwarning: [m[Kformat not a string literal and no format arguments [[01;35m[K-Wformat-security[m[K]
[0.886s]                      printf(strerror(errno)[01;35m[K)[m[K;
[0.886s]                                            [01;35m[K^[m[K
[0.887s] [01m[K/home/riccardochiaretti/alba_v2_hmi/src/hmi_node/src/main.cpp:[m[K In function ‘[01m[Kint main(int, char**)[m[K’:
[0.887s] [01m[K/home/riccardochiaretti/alba_v2_hmi/src/hmi_node/src/main.cpp:11:23:[m[K [01;35m[Kwarning: [m[Kunused variable ‘[01m[Kh[m[K’ [[01;35m[K-Wunused-variable[m[K]
[0.887s]    EthernetPrimitives *[01;35m[Kh[m[K = new EthernetPrimitives();
[0.887s]                        [01;35m[K^[m[K
[0.887s] [01m[K/home/riccardochiaretti/alba_v2_hmi/src/hmi_node/src/main.cpp:4:14:[m[K [01;35m[Kwarning: [m[Kunused parameter ‘[01m[Kargc[m[K’ [[01;35m[K-Wunused-parameter[m[K]
[0.887s]  int main(int [01;35m[Kargc[m[K, char * argv[])
[0.887s]               [01;35m[K^~~~[m[K
[0.887s] [01m[K/home/riccardochiaretti/alba_v2_hmi/src/hmi_node/src/main.cpp:4:32:[m[K [01;35m[Kwarning: [m[Kunused parameter ‘[01m[Kargv[m[K’ [[01;35m[K-Wunused-parameter[m[K]
[0.887s]  int main(int argc, char * argv[[01;35m[K][m[K)
[0.888s]                                 [01;35m[K^[m[K
[0.988s] In file included from [01m[K/home/riccardochiaretti/alba_v2_hmi/src/hmi_node/src/main.cpp:2:0[m[K:
[0.988s] [01m[K/home/riccardochiaretti/alba_v2_hmi/src/hmi_node/src/ethernet_primitives.hpp:[m[K In member function ‘[01m[Kint EthernetPrimitives::init_server_socket()[m[K’:
[0.988s] [01m[K/home/riccardochiaretti/alba_v2_hmi/src/hmi_node/src/ethernet_primitives.hpp:75:9:[m[K [01;35m[Kwarning: [m[Kcontrol reaches end of non-void function [[01;35m[K-Wreturn-type[m[K]
[0.988s]          [01;35m[K}[m[K
[0.989s]          [01;35m[K^[m[K
[1.027s] [100%] [32m[1mLinking CXX executable hmi_node[0m
[1.120s] [100%] Built target hmi_node
[1.310s] [100%] Built target hmi_node
[1.345s] [36mInstall the project...[0m
[1.361s] -- Install configuration: ""
[1.362s] -- Execute custom install script
[1.362s] -- Up-to-date symlink: /home/riccardochiaretti/alba_v2_hmi/install/hmi_node/lib/hmi_node/hmi_node
[1.362s] -- Up-to-date symlink: /home/riccardochiaretti/alba_v2_hmi/install/hmi_node/share/ament_index/resource_index/package_run_dependencies/hmi_node
[1.362s] -- Up-to-date symlink: /home/riccardochiaretti/alba_v2_hmi/install/hmi_node/share/ament_index/resource_index/parent_prefix_path/hmi_node
[1.363s] -- Up-to-date symlink: /home/riccardochiaretti/alba_v2_hmi/install/hmi_node/share/hmi_node/environment/ament_prefix_path.sh
[1.363s] -- Up-to-date symlink: /home/riccardochiaretti/alba_v2_hmi/install/hmi_node/share/hmi_node/environment/ament_prefix_path.dsv
[1.363s] -- Up-to-date symlink: /home/riccardochiaretti/alba_v2_hmi/install/hmi_node/share/hmi_node/environment/path.sh
[1.363s] -- Up-to-date symlink: /home/riccardochiaretti/alba_v2_hmi/install/hmi_node/share/hmi_node/environment/path.dsv
[1.364s] -- Up-to-date symlink: /home/riccardochiaretti/alba_v2_hmi/install/hmi_node/share/hmi_node/local_setup.bash
[1.364s] -- Up-to-date symlink: /home/riccardochiaretti/alba_v2_hmi/install/hmi_node/share/hmi_node/local_setup.sh
[1.364s] -- Up-to-date symlink: /home/riccardochiaretti/alba_v2_hmi/install/hmi_node/share/hmi_node/local_setup.zsh
[1.364s] -- Up-to-date symlink: /home/riccardochiaretti/alba_v2_hmi/install/hmi_node/share/hmi_node/local_setup.dsv
[1.364s] -- Symlinking: /home/riccardochiaretti/alba_v2_hmi/install/hmi_node/share/hmi_node/package.dsv
[1.381s] -- Up-to-date symlink: /home/riccardochiaretti/alba_v2_hmi/install/hmi_node/share/ament_index/resource_index/packages/hmi_node
[1.381s] -- Up-to-date symlink: /home/riccardochiaretti/alba_v2_hmi/install/hmi_node/share/hmi_node/cmake/hmi_nodeConfig.cmake
[1.381s] -- Up-to-date symlink: /home/riccardochiaretti/alba_v2_hmi/install/hmi_node/share/hmi_node/cmake/hmi_nodeConfig-version.cmake
[1.381s] -- Up-to-date symlink: /home/riccardochiaretti/alba_v2_hmi/install/hmi_node/share/hmi_node/package.xml
