[0.116s] [35m[1mScanning dependencies of target hmi_node_server[0m
[0.117s] [35m[1mScanning dependencies of target hmi_node_client[0m
[0.154s] [ 25%] [32mBuilding CXX object CMakeFiles/hmi_node_server.dir/src/server.cpp.o[0m
[0.161s] [ 50%] [32mBuilding CXX object CMakeFiles/hmi_node_client.dir/src/client.cpp.o[0m
[1.009s] [01m[K/home/riccardochiaretti/alba_v2_hmi/src/hmi_node/src/server.cpp:[m[K In function ‘[01m[Kint main(int, char**)[m[K’:
[1.010s] [01m[K/home/riccardochiaretti/alba_v2_hmi/src/hmi_node/src/server.cpp:158:13:[m[K [01;35m[Kwarning: [m[Kunused variable ‘[01m[Ks[m[K’ [[01;35m[K-Wunused-variable[m[K]
[1.010s]      Server *[01;35m[Ks[m[K = new Server();
[1.010s]              [01;35m[K^[m[K
[2.091s] [ 75%] [32m[1mLinking CXX executable hmi_node_server[0m
[2.353s] [ 75%] Built target hmi_node_server
[3.279s] [100%] [32m[1mLinking CXX executable hmi_node_client[0m
[3.643s] [100%] Built target hmi_node_client
[3.840s] [ 50%] Built target hmi_node_server
[3.841s] [100%] Built target hmi_node_client
[3.876s] [36mInstall the project...[0m
[3.891s] -- Install configuration: ""
[3.892s] -- Execute custom install script
[3.892s] -- Up-to-date symlink: /home/riccardochiaretti/alba_v2_hmi/install/hmi_node/lib/hmi_node/hmi_node_server
[3.892s] -- Up-to-date symlink: /home/riccardochiaretti/alba_v2_hmi/install/hmi_node/lib/hmi_node/hmi_node_client
[3.893s] -- Up-to-date symlink: /home/riccardochiaretti/alba_v2_hmi/install/hmi_node/share/hmi_node//launch/hmi_node_launch.launch.py
[3.893s] -- Up-to-date symlink: /home/riccardochiaretti/alba_v2_hmi/install/hmi_node/share/ament_index/resource_index/package_run_dependencies/hmi_node
[3.893s] -- Up-to-date symlink: /home/riccardochiaretti/alba_v2_hmi/install/hmi_node/share/ament_index/resource_index/parent_prefix_path/hmi_node
[3.893s] -- Up-to-date symlink: /home/riccardochiaretti/alba_v2_hmi/install/hmi_node/share/hmi_node/environment/ament_prefix_path.sh
[3.893s] -- Up-to-date symlink: /home/riccardochiaretti/alba_v2_hmi/install/hmi_node/share/hmi_node/environment/ament_prefix_path.dsv
[3.894s] -- Up-to-date symlink: /home/riccardochiaretti/alba_v2_hmi/install/hmi_node/share/hmi_node/environment/path.sh
[3.894s] -- Up-to-date symlink: /home/riccardochiaretti/alba_v2_hmi/install/hmi_node/share/hmi_node/environment/path.dsv
[3.894s] -- Up-to-date symlink: /home/riccardochiaretti/alba_v2_hmi/install/hmi_node/share/hmi_node/local_setup.bash
[3.894s] -- Up-to-date symlink: /home/riccardochiaretti/alba_v2_hmi/install/hmi_node/share/hmi_node/local_setup.sh
[3.894s] -- Up-to-date symlink: /home/riccardochiaretti/alba_v2_hmi/install/hmi_node/share/hmi_node/local_setup.zsh
[3.895s] -- Up-to-date symlink: /home/riccardochiaretti/alba_v2_hmi/install/hmi_node/share/hmi_node/local_setup.dsv
[3.895s] -- Symlinking: /home/riccardochiaretti/alba_v2_hmi/install/hmi_node/share/hmi_node/package.dsv
[3.911s] -- Up-to-date symlink: /home/riccardochiaretti/alba_v2_hmi/install/hmi_node/share/ament_index/resource_index/packages/hmi_node
[3.911s] -- Up-to-date symlink: /home/riccardochiaretti/alba_v2_hmi/install/hmi_node/share/hmi_node/cmake/hmi_nodeConfig.cmake
[3.911s] -- Up-to-date symlink: /home/riccardochiaretti/alba_v2_hmi/install/hmi_node/share/hmi_node/cmake/hmi_nodeConfig-version.cmake
[3.911s] -- Up-to-date symlink: /home/riccardochiaretti/alba_v2_hmi/install/hmi_node/share/hmi_node/package.xml
