[0.080s] -- Found ament_cmake: 0.8.2 (/home/riccardochiaretti/ros2_eloquent/install/ament_cmake/share/ament_cmake/cmake)
[0.389s] -- Using PYTHON_EXECUTABLE: /usr/bin/python3
[0.921s] -- Override CMake install command with custom implementation using symlinks instead of copying resources
[0.927s] -- Found rclcpp: 0.8.4 (/home/riccardochiaretti/ros2_eloquent/install/rclcpp/share/rclcpp/cmake)
[0.968s] -- Found rosidl_adapter: 0.8.2 (/home/riccardochiaretti/ros2_eloquent/install/rosidl_adapter/share/rosidl_adapter/cmake)
[0.988s] -- Found rmw_implementation_cmake: 0.8.1 (/home/riccardochiaretti/ros2_eloquent/install/rmw_implementation_cmake/share/rmw_implementation_cmake/cmake)
[1.012s] -- Using RMW implementation 'rmw_fastrtps_cpp' as default
[1.038s] -- Found geometry_msgs: 0.8.1 (/home/riccardochiaretti/ros2_eloquent/install/geometry_msgs/share/geometry_msgs/cmake)
[1.046s] -- Found nav_msgs: 0.8.1 (/home/riccardochiaretti/ros2_eloquent/install/nav_msgs/share/nav_msgs/cmake)
[1.054s] -- Found ament_index_cpp: 0.7.2 (/home/riccardochiaretti/ros2_eloquent/install/ament_index_cpp/share/ament_index_cpp/cmake)
[1.056s] -- Found yaml_cpp_vendor: 7.0.0 (/home/riccardochiaretti/ros2_eloquent/install/yaml_cpp_vendor/share/yaml_cpp_vendor/cmake)
[1.056s] -- Setting yaml-cpp_DIR to: '/home/riccardochiaretti/ros2_eloquent/install/yaml_cpp_vendor/share/yaml_cpp_vendor/cmake/../../../opt/yaml_cpp_vendor/lib/cmake/yaml-cpp'
[1.057s] -- Found tf2_ros: 0.12.5 (/home/riccardochiaretti/ros2_eloquent/install/tf2_ros/share/tf2_ros/cmake)
[1.721s] -- Found ament_lint_auto: 0.8.1 (/home/riccardochiaretti/ros2_eloquent/install/ament_lint_auto/share/ament_lint_auto/cmake)
[2.084s] -- Added test 'copyright' to check for copyright in CMake / C / C++ / Python code
[2.085s] -- Added test 'cppcheck' to perform static code analysis on C / C++ code
[2.086s] -- Configured cppcheck include dirs: 
[2.087s] -- Added test 'cpplint' to check C / C++ code against the Google style
[2.087s] -- Added test 'flake8' to check Python code syntax and style conventions
[2.087s] -- Added test 'lint_cmake' to check CMake code style
[2.088s] -- Added test 'pep257' to check Python code against some of the style conventions in PEP 257
[2.088s] -- Added test 'uncrustify' to check C / C++ code style
[2.089s] -- Added test 'xmllint' to check XML markup files
[2.091s] -- Configuring done
[2.123s] -- Generating done
[2.124s] -- Build files have been written to: /home/riccardochiaretti/alba_v2_hmi/build/hmi_node
[2.174s] [35m[1mScanning dependencies of target hmi_node_client[0m
[2.199s] [ 50%] Built target hmi_node_server
[2.217s] [ 75%] [32mBuilding CXX object CMakeFiles/hmi_node_client.dir/src/client.cpp.o[0m
[4.811s] [100%] [32m[1mLinking CXX executable hmi_node_client[0m
[5.180s] CMakeFiles/hmi_node_client.dir/build.make:177: recipe for target 'hmi_node_client' failed
[5.181s] CMakeFiles/Makefile2:168: recipe for target 'CMakeFiles/hmi_node_client.dir/all' failed
[5.181s] Makefile:140: recipe for target 'all' failed
