[0.126s] [35m[1mScanning dependencies of target hmi_node_client[0m
[0.127s] [35m[1mScanning dependencies of target hmi_node_server[0m
[0.159s] [ 20%] [32mBuilding CXX object CMakeFiles/hmi_node_client.dir/src/client.cpp.o[0m
[0.170s] [ 60%] [32mBuilding CXX object CMakeFiles/hmi_node_server.dir/src/EthernetPrimitives.cpp.o[0m
[0.170s] [ 60%] [32mBuilding CXX object CMakeFiles/hmi_node_server.dir/src/main.cpp.o[0m
[1.068s] [01m[K/home/riccardochiaretti/alba_v2_hmi/src/hmi_node/src/main.cpp:[m[K In function ‘[01m[Kint main(int, char**)[m[K’:
[1.068s] [01m[K/home/riccardochiaretti/alba_v2_hmi/src/hmi_node/src/main.cpp:7:25:[m[K [01;35m[Kwarning: [m[Kunused variable ‘[01m[Kh[m[K’ [[01;35m[K-Wunused-variable[m[K]
[1.068s]      EthernetPrimitives *[01;35m[Kh[m[K = new EthernetPrimitives();
[1.068s]                          [01;35m[K^[m[K
[1.194s] [ 80%] [32m[1mLinking CXX executable hmi_node_client[0m
[1.402s] [ 80%] Built target hmi_node_client
[2.219s] [100%] [32m[1mLinking CXX executable hmi_node_server[0m
[2.452s] CMakeFiles/hmi_node_server.dir/src/EthernetPrimitives.cpp.o: In function `CommunicationPrimitives::get_socket_fd_()':
[2.452s] EthernetPrimitives.cpp:(.text+0x1b4): multiple definition of `CommunicationPrimitives::get_socket_fd_()'
[2.453s] CMakeFiles/hmi_node_server.dir/src/main.cpp.o:main.cpp:(.text+0xa6): first defined here
[2.453s] collect2: error: ld returned 1 exit status
[2.454s] make[2]: *** [hmi_node_server] Error 1
[2.454s] CMakeFiles/hmi_node_server.dir/build.make:171: recipe for target 'hmi_node_server' failed
[2.454s] CMakeFiles/Makefile2:131: recipe for target 'CMakeFiles/hmi_node_server.dir/all' failed
[2.455s] make[1]: *** [CMakeFiles/hmi_node_server.dir/all] Error 2
[2.455s] Makefile:140: recipe for target 'all' failed
[2.455s] make: *** [all] Error 2
