[0.118s] [35m[1mScanning dependencies of target hmi_node_client[0m
[0.144s] [ 20%] [32m[1mLinking CXX executable hmi_node_server[0m
[0.152s] [ 40%] [32mBuilding CXX object CMakeFiles/hmi_node_client.dir/src/client.cpp.o[0m
[0.400s] CMakeFiles/hmi_node_server.dir/src/EthernetPrimitives.cpp.o: In function `CommunicationPrimitives::get_socket_fd_()':
[0.400s] EthernetPrimitives.cpp:(.text+0x1b4): multiple definition of `CommunicationPrimitives::get_socket_fd_()'
[0.400s] CMakeFiles/hmi_node_server.dir/src/main.cpp.o:main.cpp:(.text+0xa6): first defined here
[0.400s] collect2: error: ld returned 1 exit status
[0.401s] make[2]: *** [hmi_node_server] Error 1
[0.402s] CMakeFiles/hmi_node_server.dir/build.make:171: recipe for target 'hmi_node_server' failed
[0.402s] CMakeFiles/Makefile2:131: recipe for target 'CMakeFiles/hmi_node_server.dir/all' failed
[0.402s] make[1]: *** [CMakeFiles/hmi_node_server.dir/all] Error 2
[0.402s] make[1]: *** Waiting for unfinished jobs....
[0.892s] [01m[K/home/riccardochiaretti/alba_v2_hmi/src/hmi_node/src/client.cpp:[m[K In member function ‘[01m[Kvirtual bool Client::hmi_send()[m[K’:
[0.892s] [01m[K/home/riccardochiaretti/alba_v2_hmi/src/hmi_node/src/client.cpp:42:1:[m[K [01;35m[Kwarning: [m[Kno return statement in function returning non-void [[01;35m[K-Wreturn-type[m[K]
[0.892s]  [01;35m[K}[m[K
[0.892s]  [01;35m[K^[m[K
[1.106s] [ 60%] [32m[1mLinking CXX executable hmi_node_client[0m
[1.273s] CMakeFiles/hmi_node_client.dir/src/client.cpp.o: In function `CommunicationPrimitives::CommunicationPrimitives()':
[1.273s] client.cpp:(.text._ZN23CommunicationPrimitivesC2Ev[_ZN23CommunicationPrimitivesC5Ev]+0xb): undefined reference to `vtable for CommunicationPrimitives'
[1.273s] CMakeFiles/hmi_node_client.dir/src/client.cpp.o:(.data.rel.ro._ZTI6Client[_ZTI6Client]+0x28): undefined reference to `typeinfo for CommunicationPrimitives'
[1.274s] collect2: error: ld returned 1 exit status
[1.274s] make[2]: *** [hmi_node_client] Error 1
[1.275s] CMakeFiles/hmi_node_client.dir/build.make:129: recipe for target 'hmi_node_client' failed
[1.275s] make[1]: *** [CMakeFiles/hmi_node_client.dir/all] Error 2
[1.275s] CMakeFiles/Makefile2:168: recipe for target 'CMakeFiles/hmi_node_client.dir/all' failed
[1.275s] make: *** [all] Error 2
[1.275s] Makefile:140: recipe for target 'all' failed
