[0.011s] Invoking command in '/home/riccardochiaretti/alba_v2_hmi/build/hmi_node': /usr/bin/cmake --build /home/riccardochiaretti/alba_v2_hmi/build/hmi_node -- -j12 -l12
[0.047s] [35m[1mScanning dependencies of target hmi_node_client[0m
[0.059s] [ 50%] Built target hmi_node_server
[0.078s] [ 75%] [32mBuilding CXX object CMakeFiles/hmi_node_client.dir/src/client.cpp.o[0m
[2.690s] [100%] [32m[1mLinking CXX executable hmi_node_client[0m
[3.059s] [100%] Built target hmi_node_client
[3.067s] Invoked command in '/home/riccardochiaretti/alba_v2_hmi/build/hmi_node' returned '0': /usr/bin/cmake --build /home/riccardochiaretti/alba_v2_hmi/build/hmi_node -- -j12 -l12
[3.097s] Invoking command in '/home/riccardochiaretti/alba_v2_hmi/build/hmi_node': /usr/bin/cmake --build /home/riccardochiaretti/alba_v2_hmi/build/hmi_node --target install -- -j12 -l12
[3.145s] [ 50%] Built target hmi_node_server
[3.146s] [100%] Built target hmi_node_client
[3.162s] [36mInstall the project...[0m
[3.169s] -- Install configuration: ""
[3.169s] -- Execute custom install script
[3.169s] -- Up-to-date symlink: /home/riccardochiaretti/alba_v2_hmi/install/hmi_node/lib/hmi_node/hmi_node_server
[3.170s] -- Up-to-date symlink: /home/riccardochiaretti/alba_v2_hmi/install/hmi_node/lib/hmi_node/hmi_node_client
[3.170s] -- Up-to-date symlink: /home/riccardochiaretti/alba_v2_hmi/install/hmi_node/share/hmi_node//launch/hmi_node_launch.launch.py
[3.170s] -- Up-to-date symlink: /home/riccardochiaretti/alba_v2_hmi/install/hmi_node/share/ament_index/resource_index/package_run_dependencies/hmi_node
[3.171s] -- Up-to-date symlink: /home/riccardochiaretti/alba_v2_hmi/install/hmi_node/share/ament_index/resource_index/parent_prefix_path/hmi_node
[3.171s] -- Up-to-date symlink: /home/riccardochiaretti/alba_v2_hmi/install/hmi_node/share/hmi_node/environment/ament_prefix_path.sh
[3.171s] -- Up-to-date symlink: /home/riccardochiaretti/alba_v2_hmi/install/hmi_node/share/hmi_node/environment/ament_prefix_path.dsv
[3.171s] -- Up-to-date symlink: /home/riccardochiaretti/alba_v2_hmi/install/hmi_node/share/hmi_node/environment/path.sh
[3.172s] -- Up-to-date symlink: /home/riccardochiaretti/alba_v2_hmi/install/hmi_node/share/hmi_node/environment/path.dsv
[3.172s] -- Up-to-date symlink: /home/riccardochiaretti/alba_v2_hmi/install/hmi_node/share/hmi_node/local_setup.bash
[3.172s] -- Up-to-date symlink: /home/riccardochiaretti/alba_v2_hmi/install/hmi_node/share/hmi_node/local_setup.sh
[3.172s] -- Up-to-date symlink: /home/riccardochiaretti/alba_v2_hmi/install/hmi_node/share/hmi_node/local_setup.zsh
[3.172s] -- Up-to-date symlink: /home/riccardochiaretti/alba_v2_hmi/install/hmi_node/share/hmi_node/local_setup.dsv
[3.173s] -- Symlinking: /home/riccardochiaretti/alba_v2_hmi/install/hmi_node/share/hmi_node/package.dsv
[3.180s] -- Up-to-date symlink: /home/riccardochiaretti/alba_v2_hmi/install/hmi_node/share/ament_index/resource_index/packages/hmi_node
[3.180s] -- Up-to-date symlink: /home/riccardochiaretti/alba_v2_hmi/install/hmi_node/share/hmi_node/cmake/hmi_nodeConfig.cmake
[3.181s] -- Up-to-date symlink: /home/riccardochiaretti/alba_v2_hmi/install/hmi_node/share/hmi_node/cmake/hmi_nodeConfig-version.cmake
[3.181s] -- Up-to-date symlink: /home/riccardochiaretti/alba_v2_hmi/install/hmi_node/share/hmi_node/package.xml
[3.184s] Invoked command in '/home/riccardochiaretti/alba_v2_hmi/build/hmi_node' returned '0': /usr/bin/cmake --build /home/riccardochiaretti/alba_v2_hmi/build/hmi_node --target install -- -j12 -l12
