[0.118s] [35m[1mScanning dependencies of target hmi_node[0m
[0.159s] [ 33%] [32mBuilding CXX object CMakeFiles/hmi_node.dir/src/EthernetPrimitives.cpp.o[0m
[2.103s] [ 66%] [32m[1mLinking CXX executable hmi_node[0m
[2.355s] [100%] Built target hmi_node
[2.558s] [100%] Built target hmi_node
[2.593s] [36mInstall the project...[0m
[2.608s] -- Install configuration: ""
[2.609s] -- Execute custom install script
[2.609s] -- Up-to-date symlink: /home/riccardochiaretti/alba_v2_hmi/install/hmi_node/lib/hmi_node/hmi_node
[2.610s] -- Up-to-date symlink: /home/riccardochiaretti/alba_v2_hmi/install/hmi_node/share/hmi_node//launch/hmi_node_launch.launch.py
[2.610s] -- Up-to-date symlink: /home/riccardochiaretti/alba_v2_hmi/install/hmi_node/share/ament_index/resource_index/package_run_dependencies/hmi_node
[2.610s] -- Up-to-date symlink: /home/riccardochiaretti/alba_v2_hmi/install/hmi_node/share/ament_index/resource_index/parent_prefix_path/hmi_node
[2.611s] -- Up-to-date symlink: /home/riccardochiaretti/alba_v2_hmi/install/hmi_node/share/hmi_node/environment/ament_prefix_path.sh
[2.611s] -- Up-to-date symlink: /home/riccardochiaretti/alba_v2_hmi/install/hmi_node/share/hmi_node/environment/ament_prefix_path.dsv
[2.611s] -- Up-to-date symlink: /home/riccardochiaretti/alba_v2_hmi/install/hmi_node/share/hmi_node/environment/path.sh
[2.611s] -- Up-to-date symlink: /home/riccardochiaretti/alba_v2_hmi/install/hmi_node/share/hmi_node/environment/path.dsv
[2.611s] -- Up-to-date symlink: /home/riccardochiaretti/alba_v2_hmi/install/hmi_node/share/hmi_node/local_setup.bash
[2.612s] -- Up-to-date symlink: /home/riccardochiaretti/alba_v2_hmi/install/hmi_node/share/hmi_node/local_setup.sh
[2.612s] -- Up-to-date symlink: /home/riccardochiaretti/alba_v2_hmi/install/hmi_node/share/hmi_node/local_setup.zsh
[2.612s] -- Up-to-date symlink: /home/riccardochiaretti/alba_v2_hmi/install/hmi_node/share/hmi_node/local_setup.dsv
[2.612s] -- Symlinking: /home/riccardochiaretti/alba_v2_hmi/install/hmi_node/share/hmi_node/package.dsv
[2.628s] -- Up-to-date symlink: /home/riccardochiaretti/alba_v2_hmi/install/hmi_node/share/ament_index/resource_index/packages/hmi_node
[2.628s] -- Up-to-date symlink: /home/riccardochiaretti/alba_v2_hmi/install/hmi_node/share/hmi_node/cmake/hmi_nodeConfig.cmake
[2.628s] -- Up-to-date symlink: /home/riccardochiaretti/alba_v2_hmi/install/hmi_node/share/hmi_node/cmake/hmi_nodeConfig-version.cmake
[2.629s] -- Up-to-date symlink: /home/riccardochiaretti/alba_v2_hmi/install/hmi_node/share/hmi_node/package.xml
