Determining if the pthread_create exist failed with the following output:
Change Dir: /home/riccardochiaretti/alba_v2_hmi/build/hmi_node/CMakeFiles/CMakeTmp

Run Build Command:"/usr/bin/make" "cmTC_f2ff6/fast"
/usr/bin/make -f CMakeFiles/cmTC_f2ff6.dir/build.make CMakeFiles/cmTC_f2ff6.dir/build
make[1]: Entering directory '/home/riccardochiaretti/alba_v2_hmi/build/hmi_node/CMakeFiles/CMakeTmp'
Building C object CMakeFiles/cmTC_f2ff6.dir/CheckSymbolExists.c.o
/usr/bin/cc    -o CMakeFiles/cmTC_f2ff6.dir/CheckSymbolExists.c.o   -c /home/riccardochiaretti/alba_v2_hmi/build/hmi_node/CMakeFiles/CMakeTmp/CheckSymbolExists.c
Linking C executable cmTC_f2ff6
/usr/bin/cmake -E cmake_link_script CMakeFiles/cmTC_f2ff6.dir/link.txt --verbose=1
/usr/bin/cc      CMakeFiles/cmTC_f2ff6.dir/CheckSymbolExists.c.o  -o cmTC_f2ff6 
CMakeFiles/cmTC_f2ff6.dir/CheckSymbolExists.c.o: In function `main':
CheckSymbolExists.c:(.text+0x1b): undefined reference to `pthread_create'
collect2: error: ld returned 1 exit status
CMakeFiles/cmTC_f2ff6.dir/build.make:97: recipe for target 'cmTC_f2ff6' failed
make[1]: *** [cmTC_f2ff6] Error 1
make[1]: Leaving directory '/home/riccardochiaretti/alba_v2_hmi/build/hmi_node/CMakeFiles/CMakeTmp'
Makefile:126: recipe for target 'cmTC_f2ff6/fast' failed
make: *** [cmTC_f2ff6/fast] Error 2

File /home/riccardochiaretti/alba_v2_hmi/build/hmi_node/CMakeFiles/CMakeTmp/CheckSymbolExists.c:
/* */
#include <pthread.h>

int main(int argc, char** argv)
{
  (void)argv;
#ifndef pthread_create
  return ((int*)(&pthread_create))[argc];
#else
  (void)argc;
  return 0;
#endif
}

Determining if the function pthread_create exists in the pthreads failed with the following output:
Change Dir: /home/riccardochiaretti/alba_v2_hmi/build/hmi_node/CMakeFiles/CMakeTmp

Run Build Command:"/usr/bin/make" "cmTC_def62/fast"
/usr/bin/make -f CMakeFiles/cmTC_def62.dir/build.make CMakeFiles/cmTC_def62.dir/build
make[1]: Entering directory '/home/riccardochiaretti/alba_v2_hmi/build/hmi_node/CMakeFiles/CMakeTmp'
Building C object CMakeFiles/cmTC_def62.dir/CheckFunctionExists.c.o
/usr/bin/cc   -DCHECK_FUNCTION_EXISTS=pthread_create   -o CMakeFiles/cmTC_def62.dir/CheckFunctionExists.c.o   -c /usr/share/cmake-3.10/Modules/CheckFunctionExists.c
Linking C executable cmTC_def62
/usr/bin/cmake -E cmake_link_script CMakeFiles/cmTC_def62.dir/link.txt --verbose=1
/usr/bin/cc  -DCHECK_FUNCTION_EXISTS=pthread_create    CMakeFiles/cmTC_def62.dir/CheckFunctionExists.c.o  -o cmTC_def62 -lpthreads 
/usr/bin/ld: cannot find -lpthreads
collect2: error: ld returned 1 exit status
CMakeFiles/cmTC_def62.dir/build.make:97: recipe for target 'cmTC_def62' failed
make[1]: *** [cmTC_def62] Error 1
make[1]: Leaving directory '/home/riccardochiaretti/alba_v2_hmi/build/hmi_node/CMakeFiles/CMakeTmp'
Makefile:126: recipe for target 'cmTC_def62/fast' failed
make: *** [cmTC_def62/fast] Error 2


