[0.118s] [35m[1mScanning dependencies of target hmi_node[0m
[0.156s] [ 33%] [32mBuilding CXX object CMakeFiles/hmi_node.dir/src/EthernetPrimitives.cpp.o[0m
[1.192s] [ 66%] [32m[1mLinking CXX executable hmi_node[0m
[1.405s] [100%] Built target hmi_node
[1.603s] [100%] Built target hmi_node
[1.638s] [36mInstall the project...[0m
[1.654s] -- Install configuration: ""
[1.655s] -- Execute custom install script
[1.655s] -- Up-to-date symlink: /home/riccardochiaretti/alba_v2_hmi/install/hmi_node/lib/hmi_node/hmi_node
[1.655s] -- Up-to-date symlink: /home/riccardochiaretti/alba_v2_hmi/install/hmi_node/share/ament_index/resource_index/package_run_dependencies/hmi_node
[1.656s] -- Up-to-date symlink: /home/riccardochiaretti/alba_v2_hmi/install/hmi_node/share/ament_index/resource_index/parent_prefix_path/hmi_node
[1.656s] -- Up-to-date symlink: /home/riccardochiaretti/alba_v2_hmi/install/hmi_node/share/hmi_node/environment/ament_prefix_path.sh
[1.656s] -- Up-to-date symlink: /home/riccardochiaretti/alba_v2_hmi/install/hmi_node/share/hmi_node/environment/ament_prefix_path.dsv
[1.657s] -- Up-to-date symlink: /home/riccardochiaretti/alba_v2_hmi/install/hmi_node/share/hmi_node/environment/path.sh
[1.657s] -- Up-to-date symlink: /home/riccardochiaretti/alba_v2_hmi/install/hmi_node/share/hmi_node/environment/path.dsv
[1.657s] -- Up-to-date symlink: /home/riccardochiaretti/alba_v2_hmi/install/hmi_node/share/hmi_node/local_setup.bash
[1.657s] -- Up-to-date symlink: /home/riccardochiaretti/alba_v2_hmi/install/hmi_node/share/hmi_node/local_setup.sh
[1.658s] -- Up-to-date symlink: /home/riccardochiaretti/alba_v2_hmi/install/hmi_node/share/hmi_node/local_setup.zsh
[1.658s] -- Up-to-date symlink: /home/riccardochiaretti/alba_v2_hmi/install/hmi_node/share/hmi_node/local_setup.dsv
[1.658s] -- Symlinking: /home/riccardochiaretti/alba_v2_hmi/install/hmi_node/share/hmi_node/package.dsv
[1.674s] -- Up-to-date symlink: /home/riccardochiaretti/alba_v2_hmi/install/hmi_node/share/ament_index/resource_index/packages/hmi_node
[1.675s] -- Up-to-date symlink: /home/riccardochiaretti/alba_v2_hmi/install/hmi_node/share/hmi_node/cmake/hmi_nodeConfig.cmake
[1.675s] -- Up-to-date symlink: /home/riccardochiaretti/alba_v2_hmi/install/hmi_node/share/hmi_node/cmake/hmi_nodeConfig-version.cmake
[1.675s] -- Up-to-date symlink: /home/riccardochiaretti/alba_v2_hmi/install/hmi_node/share/hmi_node/package.xml
