[0.081s] -- Found ament_cmake: 0.8.2 (/home/riccardochiaretti/ros2_eloquent/install/ament_cmake/share/ament_cmake/cmake)
[0.397s] -- Using PYTHON_EXECUTABLE: /usr/bin/python3
[0.931s] -- Override CMake install command with custom implementation using symlinks instead of copying resources
[0.937s] -- Found rclcpp: 0.8.4 (/home/riccardochiaretti/ros2_eloquent/install/rclcpp/share/rclcpp/cmake)
[0.979s] -- Found rosidl_adapter: 0.8.2 (/home/riccardochiaretti/ros2_eloquent/install/rosidl_adapter/share/rosidl_adapter/cmake)
[0.999s] -- Found rmw_implementation_cmake: 0.8.1 (/home/riccardochiaretti/ros2_eloquent/install/rmw_implementation_cmake/share/rmw_implementation_cmake/cmake)
[1.025s] -- Using RMW implementation 'rmw_fastrtps_cpp' as default
[1.051s] -- Found geometry_msgs: 0.8.1 (/home/riccardochiaretti/ros2_eloquent/install/geometry_msgs/share/geometry_msgs/cmake)
[1.059s] -- Found tf2_geometry_msgs: 0.12.5 (/home/riccardochiaretti/ros2_eloquent/install/tf2_geometry_msgs/share/tf2_geometry_msgs/cmake)
[1.132s] -- Found nav_msgs: 0.8.1 (/home/riccardochiaretti/ros2_eloquent/install/nav_msgs/share/nav_msgs/cmake)
[1.141s] -- Found ament_index_cpp: 0.7.2 (/home/riccardochiaretti/ros2_eloquent/install/ament_index_cpp/share/ament_index_cpp/cmake)
[1.143s] -- Found yaml_cpp_vendor: 7.0.0 (/home/riccardochiaretti/ros2_eloquent/install/yaml_cpp_vendor/share/yaml_cpp_vendor/cmake)
[1.143s] -- Setting yaml-cpp_DIR to: '/home/riccardochiaretti/ros2_eloquent/install/yaml_cpp_vendor/share/yaml_cpp_vendor/cmake/../../../opt/yaml_cpp_vendor/lib/cmake/yaml-cpp'
[1.863s] -- Found ament_lint_auto: 0.8.1 (/home/riccardochiaretti/ros2_eloquent/install/ament_lint_auto/share/ament_lint_auto/cmake)
[2.235s] -- Added test 'copyright' to check for copyright in CMake / C / C++ / Python code
[2.236s] -- Added test 'cppcheck' to perform static code analysis on C / C++ code
[2.237s] -- Configured cppcheck include dirs: 
[2.238s] -- Added test 'cpplint' to check C / C++ code against the Google style
[2.238s] -- Added test 'flake8' to check Python code syntax and style conventions
[2.238s] -- Added test 'lint_cmake' to check CMake code style
[2.239s] -- Added test 'pep257' to check Python code against some of the style conventions in PEP 257
[2.240s] -- Added test 'uncrustify' to check C / C++ code style
[2.240s] -- Added test 'xmllint' to check XML markup files
[2.242s] -- Configuring done
[2.276s] -- Generating done
[2.277s] -- Build files have been written to: /home/riccardochiaretti/alba_v2_hmi/build/hmi_node
[2.316s] [35m[1mScanning dependencies of target lib[0m
[2.318s] [35m[1mScanning dependencies of target hmi_node_client[0m
[2.342s] [ 16%] [32mBuilding CXX object CMakeFiles/lib.dir/src/jsonprimitives.cpp.o[0m
[2.365s] [ 33%] [32mBuilding CXX object CMakeFiles/hmi_node_client.dir/src/client.cpp.o[0m
[3.374s] [ 50%] [32m[1mLinking CXX static library liblib.a[0m
[3.446s] [ 50%] Built target lib
[3.469s] [35m[1mScanning dependencies of target hmi_node_server[0m
[3.512s] [ 66%] [32mBuilding CXX object CMakeFiles/hmi_node_server.dir/src/server.cpp.o[0m
[5.231s] [ 83%] [32m[1mLinking CXX executable hmi_node_client[0m
[5.611s] [ 83%] Built target hmi_node_client
[6.542s] [100%] [32m[1mLinking CXX executable hmi_node_server[0m
[6.836s] [100%] Built target hmi_node_server
[7.034s] [ 33%] Built target lib
[7.042s] [ 66%] Built target hmi_node_client
[7.080s] [100%] Built target hmi_node_server
[7.115s] [36mInstall the project...[0m
[7.130s] -- Install configuration: ""
[7.131s] -- Execute custom install script
[7.131s] -- Up-to-date symlink: /home/riccardochiaretti/alba_v2_hmi/install/hmi_node/lib/hmi_node/hmi_node_server
[7.131s] -- Up-to-date symlink: /home/riccardochiaretti/alba_v2_hmi/install/hmi_node/lib/hmi_node/hmi_node_client
[7.132s] -- Up-to-date symlink: /home/riccardochiaretti/alba_v2_hmi/install/hmi_node/share/hmi_node//launch/hmi_node_launch.launch.py
[7.132s] -- Up-to-date symlink: /home/riccardochiaretti/alba_v2_hmi/install/hmi_node/share/ament_index/resource_index/package_run_dependencies/hmi_node
[7.133s] -- Up-to-date symlink: /home/riccardochiaretti/alba_v2_hmi/install/hmi_node/share/ament_index/resource_index/parent_prefix_path/hmi_node
[7.133s] -- Up-to-date symlink: /home/riccardochiaretti/alba_v2_hmi/install/hmi_node/share/hmi_node/environment/ament_prefix_path.sh
[7.133s] -- Up-to-date symlink: /home/riccardochiaretti/alba_v2_hmi/install/hmi_node/share/hmi_node/environment/ament_prefix_path.dsv
[7.133s] -- Up-to-date symlink: /home/riccardochiaretti/alba_v2_hmi/install/hmi_node/share/hmi_node/environment/path.sh
[7.134s] -- Up-to-date symlink: /home/riccardochiaretti/alba_v2_hmi/install/hmi_node/share/hmi_node/environment/path.dsv
[7.134s] -- Up-to-date symlink: /home/riccardochiaretti/alba_v2_hmi/install/hmi_node/share/hmi_node/local_setup.bash
[7.134s] -- Up-to-date symlink: /home/riccardochiaretti/alba_v2_hmi/install/hmi_node/share/hmi_node/local_setup.sh
[7.134s] -- Up-to-date symlink: /home/riccardochiaretti/alba_v2_hmi/install/hmi_node/share/hmi_node/local_setup.zsh
[7.134s] -- Up-to-date symlink: /home/riccardochiaretti/alba_v2_hmi/install/hmi_node/share/hmi_node/local_setup.dsv
[7.135s] -- Symlinking: /home/riccardochiaretti/alba_v2_hmi/install/hmi_node/share/hmi_node/package.dsv
[7.151s] -- Up-to-date symlink: /home/riccardochiaretti/alba_v2_hmi/install/hmi_node/share/ament_index/resource_index/packages/hmi_node
[7.152s] -- Up-to-date symlink: /home/riccardochiaretti/alba_v2_hmi/install/hmi_node/share/hmi_node/cmake/hmi_nodeConfig.cmake
[7.152s] -- Up-to-date symlink: /home/riccardochiaretti/alba_v2_hmi/install/hmi_node/share/hmi_node/cmake/hmi_nodeConfig-version.cmake
[7.153s] -- Up-to-date symlink: /home/riccardochiaretti/alba_v2_hmi/install/hmi_node/share/hmi_node/package.xml
