[0.118s] [35m[1mScanning dependencies of target hmi_node[0m
[0.153s] [ 50%] [32mBuilding CXX object CMakeFiles/hmi_node.dir/src/main.cpp.o[0m
[0.909s] In file included from [01m[K/home/riccardochiaretti/alba_v2_hmi/src/hmi_node/src/main.cpp:2:0[m[K:
[0.910s] [01m[K/home/riccardochiaretti/alba_v2_hmi/src/hmi_node/src/ethernet_primitives.hpp:35:23:[m[K [01;35m[Kwarning: [m[KISO C++ forbids converting a string constant to ‘[01m[Kchar*[m[K’ [[01;35m[K-Wwrite-strings[m[K]
[0.910s]          char *hello = [01;35m[K"Hello from client"[m[K;
[0.910s]                        [01;35m[K^~~~~~~~~~~~~~~~~~~[m[K
[0.910s] [01m[K/home/riccardochiaretti/alba_v2_hmi/src/hmi_node/src/ethernet_primitives.hpp:[m[K In member function ‘[01m[Kvoid EthernetPrimitives::get_socket_fd()[m[K’:
[0.910s] [01m[K/home/riccardochiaretti/alba_v2_hmi/src/hmi_node/src/ethernet_primitives.hpp:43:95:[m[K [01;35m[Kwarning: [m[KISO C++ forbids compound-literals [[01;35m[K-Wpedantic[m[K]
[0.910s]              if (setsockopt(server_socket_fd, SOL_SOCKET, SO_REUSEADDR | SO_REUSEPORT, &(int){1[01;35m[K}[m[K, sizeof(int))) {
[0.910s]                                                                                                [01;35m[K^[m[K
[0.911s] [01m[K/home/riccardochiaretti/alba_v2_hmi/src/hmi_node/src/ethernet_primitives.hpp:43:95:[m[K [01;31m[Kerror: [m[Ktaking address of temporary [[01;31m[K-fpermissive[m[K]
[0.911s] [01m[K/home/riccardochiaretti/alba_v2_hmi/src/hmi_node/src/ethernet_primitives.hpp:[m[K In member function ‘[01m[Kvoid EthernetPrimitives::read_from_server_socket()[m[K’:
[0.911s] [01m[K/home/riccardochiaretti/alba_v2_hmi/src/hmi_node/src/ethernet_primitives.hpp:77:76:[m[K [01;31m[Kerror: [m[Kcannot convert ‘[01m[KMessage {aka message_t}[m[K’ to ‘[01m[Kvoid*[m[K’ for argument ‘[01m[K2[m[K’ to ‘[01m[Kssize_t recv(int, void*, size_t, int)[m[K’
[0.911s]                  numBytesRecv = recv(server_socket_fd, m, sizeof(Message), 0[01;31m[K)[m[K;
[0.911s]                                                                             [01;31m[K^[m[K
[0.911s] [01m[K/home/riccardochiaretti/alba_v2_hmi/src/hmi_node/src/ethernet_primitives.hpp:[m[K In member function ‘[01m[Kvoid EthernetPrimitives::wait_for_data()[m[K’:
[0.912s] [01m[K/home/riccardochiaretti/alba_v2_hmi/src/hmi_node/src/ethernet_primitives.hpp:87:13:[m[K [01;31m[Kerror: [m[K‘[01m[Ksocketlen_t[m[K’ was not declared in this scope
[0.912s]              [01;31m[Ksocketlen_t[m[K client_len;
[0.912s]              [01;31m[K^~~~~~~~~~~[m[K
[0.912s] [01m[K/home/riccardochiaretti/alba_v2_hmi/src/hmi_node/src/ethernet_primitives.hpp:87:13:[m[K [01;36m[Knote: [m[Ksuggested alternative: ‘[01m[Ksocklen_t[m[K’
[0.912s]              [01;36m[Ksocketlen_t[m[K client_len;
[0.912s]              [01;36m[K^~~~~~~~~~~[m[K
[0.912s]              [32m[Ksocklen_t[m[K
[0.912s] [01m[K/home/riccardochiaretti/alba_v2_hmi/src/hmi_node/src/ethernet_primitives.hpp:101:32:[m[K [01;31m[Kerror: [m[Kinvalid cast from type ‘[01m[Ksockaddr_in[m[K’ to type ‘[01m[Kvoid*[m[K’
[0.912s]                  memset((void *)[01;31m[Kclient_address[m[K, 0, sizeof(*client_address));
[0.912s]                                 [01;31m[K^~~~~~~~~~~~~~[m[K
[0.913s] [01m[K/home/riccardochiaretti/alba_v2_hmi/src/hmi_node/src/ethernet_primitives.hpp:101:58:[m[K [01;31m[Kerror: [m[Kno match for ‘[01m[Koperator*[m[K’ (operand type is ‘[01m[Ksockaddr_in[m[K’)
[0.913s]                  memset((void *)client_address, 0, sizeof([01;31m[K*client_address[m[K));
[0.913s]                                                           [01;31m[K^~~~~~~~~~~~~~~[m[K
[0.913s] [01m[K/home/riccardochiaretti/alba_v2_hmi/src/hmi_node/src/ethernet_primitives.hpp:102:17:[m[K [01;31m[Kerror: [m[K‘[01m[Kclient_len[m[K’ was not declared in this scope
[0.913s]                  [01;31m[Kclient_len[m[K = sizeof(client_address);
[0.913s]                  [01;31m[K^~~~~~~~~~[m[K
[0.913s] [01m[K/home/riccardochiaretti/alba_v2_hmi/src/hmi_node/src/ethernet_primitives.hpp:102:17:[m[K [01;36m[Knote: [m[Ksuggested alternative: ‘[01m[Klisten[m[K’
[0.913s]                  [01;36m[Kclient_len[m[K = sizeof(client_address);
[0.914s]                  [01;36m[K^~~~~~~~~~[m[K
[0.914s]                  [32m[Klisten[m[K
[0.914s] [01m[K/home/riccardochiaretti/alba_v2_hmi/src/hmi_node/src/ethernet_primitives.hpp:103:98:[m[K [01;31m[Kerror: [m[K‘[01m[Klen[m[K’ was not declared in this scope
[0.914s]                  client_socket_fd = accept(server_socket_fd, (struct sockaddr *)&client_address, &[01;31m[Klen[m[K);
[0.914s]                                                                                                   [01;31m[K^~~[m[K
[0.914s] [01m[K/home/riccardochiaretti/alba_v2_hmi/src/hmi_node/src/ethernet_primitives.hpp:103:98:[m[K [01;36m[Knote: [m[Ksuggested alternative: ‘[01m[Klink[m[K’
[0.914s]                  client_socket_fd = accept(server_socket_fd, (struct sockaddr *)&client_address, &[01;36m[Klen[m[K);
[0.914s]                                                                                                   [01;36m[K^~~[m[K
[0.914s]                                                                                                   [32m[Klink[m[K
[0.914s] [01m[K/home/riccardochiaretti/alba_v2_hmi/src/hmi_node/src/main.cpp:[m[K In function ‘[01m[Kint main(int, char**)[m[K’:
[0.915s] [01m[K/home/riccardochiaretti/alba_v2_hmi/src/hmi_node/src/main.cpp:11:23:[m[K [01;35m[Kwarning: [m[Kunused variable ‘[01m[Kh[m[K’ [[01;35m[K-Wunused-variable[m[K]
[0.915s]    EthernetPrimitives *[01;35m[Kh[m[K = new EthernetPrimitives();
[0.915s]                        [01;35m[K^[m[K
[0.915s] [01m[K/home/riccardochiaretti/alba_v2_hmi/src/hmi_node/src/main.cpp:4:14:[m[K [01;35m[Kwarning: [m[Kunused parameter ‘[01m[Kargc[m[K’ [[01;35m[K-Wunused-parameter[m[K]
[0.915s]  int main(int [01;35m[Kargc[m[K, char * argv[])
[0.915s]               [01;35m[K^~~~[m[K
[0.915s] [01m[K/home/riccardochiaretti/alba_v2_hmi/src/hmi_node/src/main.cpp:4:32:[m[K [01;35m[Kwarning: [m[Kunused parameter ‘[01m[Kargv[m[K’ [[01;35m[K-Wunused-parameter[m[K]
[0.915s]  int main(int argc, char * argv[[01;35m[K][m[K)
[0.915s]                                 [01;35m[K^[m[K
[1.016s] In file included from [01m[K/home/riccardochiaretti/alba_v2_hmi/src/hmi_node/src/main.cpp:2:0[m[K:
[1.017s] [01m[K/home/riccardochiaretti/alba_v2_hmi/src/hmi_node/src/ethernet_primitives.hpp:[m[K In member function ‘[01m[Kint EthernetPrimitives::init_server_socket()[m[K’:
[1.017s] [01m[K/home/riccardochiaretti/alba_v2_hmi/src/hmi_node/src/ethernet_primitives.hpp:70:9:[m[K [01;35m[Kwarning: [m[Kcontrol reaches end of non-void function [[01;35m[K-Wreturn-type[m[K]
[1.017s]          [01;35m[K}[m[K
[1.017s]          [01;35m[K^[m[K
[1.024s] make[2]: *** [CMakeFiles/hmi_node.dir/src/main.cpp.o] Error 1
[1.024s] CMakeFiles/hmi_node.dir/build.make:62: recipe for target 'CMakeFiles/hmi_node.dir/src/main.cpp.o' failed
[1.025s] CMakeFiles/Makefile2:131: recipe for target 'CMakeFiles/hmi_node.dir/all' failed
[1.025s] Makefile:140: recipe for target 'all' failed
[1.025s] make[1]: *** [CMakeFiles/hmi_node.dir/all] Error 2
[1.025s] make: *** [all] Error 2
