[0.113s] -- The C compiler identification is GNU 7.5.0
[0.182s] -- The CXX compiler identification is GNU 7.5.0
[0.191s] -- Check for working C compiler: /usr/bin/cc
[0.283s] -- Check for working C compiler: /usr/bin/cc -- works
[0.284s] -- Detecting C compiler ABI info
[0.392s] -- Detecting C compiler ABI info - done
[0.397s] -- Detecting C compile features
[0.721s] -- Detecting C compile features - done
[0.723s] -- Check for working CXX compiler: /usr/bin/c++
[0.826s] -- Check for working CXX compiler: /usr/bin/c++ -- works
[0.826s] -- Detecting CXX compiler ABI info
[0.943s] -- Detecting CXX compiler ABI info - done
[0.947s] -- Detecting CXX compile features
[1.395s] -- Detecting CXX compile features - done
[1.410s] -- Found ament_cmake: 0.8.2 (/home/riccardochiaretti/ros2_eloquent/install/ament_cmake/share/ament_cmake/cmake)
[1.747s] -- Found PythonInterp: /usr/bin/python3 (found suitable version "3.6.9", minimum required is "3") 
[1.747s] -- Using PYTHON_EXECUTABLE: /usr/bin/python3
[2.279s] -- Override CMake install command with custom implementation using symlinks instead of copying resources
[2.439s] -- Found rclcpp: 0.8.4 (/home/riccardochiaretti/ros2_eloquent/install/rclcpp/share/rclcpp/cmake)
[2.562s] -- Found rosidl_adapter: 0.8.2 (/home/riccardochiaretti/ros2_eloquent/install/rosidl_adapter/share/rosidl_adapter/cmake)
[2.637s] -- Found rmw_implementation_cmake: 0.8.1 (/home/riccardochiaretti/ros2_eloquent/install/rmw_implementation_cmake/share/rmw_implementation_cmake/cmake)
[2.662s] -- Using RMW implementation 'rmw_fastrtps_cpp' as default
[2.663s] -- Looking for pthread.h
[2.758s] -- Looking for pthread.h - found
[2.759s] -- Looking for pthread_create
[2.859s] -- Looking for pthread_create - not found
[2.859s] -- Looking for pthread_create in pthreads
[2.964s] -- Looking for pthread_create in pthreads - not found
[2.965s] -- Looking for pthread_create in pthread
[3.084s] -- Looking for pthread_create in pthread - found
[3.085s] -- Found Threads: TRUE  
[3.173s] -- Found geometry_msgs: 0.8.1 (/home/riccardochiaretti/ros2_eloquent/install/geometry_msgs/share/geometry_msgs/cmake)
[3.190s] -- Found tf2_geometry_msgs: 0.12.5 (/home/riccardochiaretti/ros2_eloquent/install/tf2_geometry_msgs/share/tf2_geometry_msgs/cmake)
[3.324s] -- Found nav_msgs: 0.8.1 (/home/riccardochiaretti/ros2_eloquent/install/nav_msgs/share/nav_msgs/cmake)
[3.347s] -- Found ament_index_cpp: 0.7.2 (/home/riccardochiaretti/ros2_eloquent/install/ament_index_cpp/share/ament_index_cpp/cmake)
[3.349s] -- Found yaml_cpp_vendor: 7.0.0 (/home/riccardochiaretti/ros2_eloquent/install/yaml_cpp_vendor/share/yaml_cpp_vendor/cmake)
[3.349s] -- Setting yaml-cpp_DIR to: '/home/riccardochiaretti/ros2_eloquent/install/yaml_cpp_vendor/share/yaml_cpp_vendor/cmake/../../../opt/yaml_cpp_vendor/lib/cmake/yaml-cpp'
[4.096s] -- Found ament_lint_auto: 0.8.1 (/home/riccardochiaretti/ros2_eloquent/install/ament_lint_auto/share/ament_lint_auto/cmake)
[4.549s] -- Added test 'copyright' to check for copyright in CMake / C / C++ / Python code
[4.553s] -- Added test 'cppcheck' to perform static code analysis on C / C++ code
[4.553s] -- Configured cppcheck include dirs: 
[4.556s] -- Added test 'cpplint' to check C / C++ code against the Google style
[4.559s] -- Added test 'flake8' to check Python code syntax and style conventions
[4.561s] -- Added test 'lint_cmake' to check CMake code style
[4.564s] -- Added test 'pep257' to check Python code against some of the style conventions in PEP 257
[4.566s] -- Added test 'uncrustify' to check C / C++ code style
[4.569s] -- Added test 'xmllint' to check XML markup files
[4.576s] -- Configuring done
[4.607s] -- Generating done
[4.609s] -- Build files have been written to: /home/riccardochiaretti/alba_v2_hmi/build/hmi_node
[4.687s] [35m[1mScanning dependencies of target hmi_node_server[0m
[4.687s] [35m[1mScanning dependencies of target hmi_node_client[0m
[4.731s] [ 25%] [32mBuilding CXX object CMakeFiles/hmi_node_server.dir/src/server.cpp.o[0m
[4.744s] [ 50%] [32mBuilding CXX object CMakeFiles/hmi_node_client.dir/src/client.cpp.o[0m
[6.097s] CMakeFiles/hmi_node_server.dir/build.make:62: recipe for target 'CMakeFiles/hmi_node_server.dir/src/server.cpp.o' failed
[6.097s] CMakeFiles/Makefile2:131: recipe for target 'CMakeFiles/hmi_node_server.dir/all' failed
[8.374s] [ 75%] [32m[1mLinking CXX executable hmi_node_client[0m
[8.769s] CMakeFiles/hmi_node_client.dir/build.make:178: recipe for target 'hmi_node_client' failed
[8.770s] CMakeFiles/Makefile2:168: recipe for target 'CMakeFiles/hmi_node_client.dir/all' failed
[8.770s] Makefile:140: recipe for target 'all' failed
