[0.056s] -- The C compiler identification is GNU 7.5.0
[0.095s] -- The CXX compiler identification is GNU 7.5.0
[0.098s] -- Check for working C compiler: /usr/bin/cc
[0.153s] -- Check for working C compiler: /usr/bin/cc -- works
[0.153s] -- Detecting C compiler ABI info
[0.218s] -- Detecting C compiler ABI info - done
[0.224s] -- Detecting C compile features
[0.509s] -- Detecting C compile features - done
[0.513s] -- Check for working CXX compiler: /usr/bin/c++
[0.632s] -- Check for working CXX compiler: /usr/bin/c++ -- works
[0.633s] -- Detecting CXX compiler ABI info
[0.701s] -- Detecting CXX compiler ABI info - done
[0.705s] -- Detecting CXX compile features
[1.003s] -- Detecting CXX compile features - done
[1.008s] CMake Error at CMakeLists.txt:19 (find_package):
[1.008s]   By not providing "Findament_cmake.cmake" in CMAKE_MODULE_PATH this project
[1.008s]   has asked CMake to find a package configuration file provided by
[1.008s]   "ament_cmake", but CMake did not find one.
[1.008s] 
[1.008s]   Could not find a package configuration file provided by "ament_cmake" with
[1.008s]   any of the following names:
[1.009s] 
[1.009s]     ament_cmakeConfig.cmake
[1.009s]     ament_cmake-config.cmake
[1.009s] 
[1.009s]   Add the installation prefix of "ament_cmake" to CMAKE_PREFIX_PATH or set
[1.009s]   "ament_cmake_DIR" to a directory containing one of the above files.  If
[1.009s]   "ament_cmake" provides a separate development package or SDK, be sure it
[1.009s]   has been installed.
[1.009s] 
[1.009s] 
[1.009s] -- Configuring incomplete, errors occurred!
[1.009s] See also "/home/riccardochiaretti/alba_v2_hmi/build/hmi_node/CMakeFiles/CMakeOutput.log".
