[0.898s] In file included from [01m[K/home/riccardochiaretti/alba_v2_hmi/src/hmi_node/src/main.cpp:2:0[m[K:
[0.899s] [01m[K/home/riccardochiaretti/alba_v2_hmi/src/hmi_node/src/ethernet_primitives.hpp:35:23:[m[K [01;35m[Kwarning: [m[KISO C++ forbids converting a string constant to ‘[01m[Kchar*[m[K’ [[01;35m[K-Wwrite-strings[m[K]
[0.899s]          char *hello = [01;35m[K"Hello from client"[m[K;
[0.899s]                        [01;35m[K^~~~~~~~~~~~~~~~~~~[m[K
[0.899s] [01m[K/home/riccardochiaretti/alba_v2_hmi/src/hmi_node/src/ethernet_primitives.hpp:[m[K In constructor ‘[01m[KEthernetPrimitives::EthernetPrimitives()[m[K’:
[0.899s] [01m[K/home/riccardochiaretti/alba_v2_hmi/src/hmi_node/src/ethernet_primitives.hpp:21:29:[m[K [01;31m[Kerror: [m[Kno matching function for call to ‘[01m[Krclcpp::Node::Node()[m[K’
[0.899s]          EthernetPrimitives()[01;31m[K{[m[K
[0.899s]                              [01;31m[K^[m[K
[0.899s] In file included from [01m[K/home/riccardochiaretti/ros2_eloquent/install/rclcpp/include/rclcpp/executors/single_threaded_executor.hpp:28:0[m[K,
[0.899s]                  from [01m[K/home/riccardochiaretti/ros2_eloquent/install/rclcpp/include/rclcpp/executors.hpp:22[m[K,
[0.900s]                  from [01m[K/home/riccardochiaretti/ros2_eloquent/install/rclcpp/include/rclcpp/rclcpp.hpp:145[m[K,
[0.900s]                  from [01m[K/home/riccardochiaretti/alba_v2_hmi/src/hmi_node/src/main.cpp:1[m[K:
[0.900s] [01m[K/home/riccardochiaretti/ros2_eloquent/install/rclcpp/include/rclcpp/node.hpp:1080:3:[m[K [01;36m[Knote: [m[Kcandidate: rclcpp::Node::Node(const rclcpp::Node&, const string&)
[0.900s]    [01;36m[KNode[m[K(
[0.900s]    [01;36m[K^~~~[m[K
[0.900s] [01m[K/home/riccardochiaretti/ros2_eloquent/install/rclcpp/include/rclcpp/node.hpp:1080:3:[m[K [01;36m[Knote: [m[K  candidate expects 2 arguments, 0 provided
[0.900s] [01m[K/home/riccardochiaretti/ros2_eloquent/install/rclcpp/include/rclcpp/node.hpp:94:12:[m[K [01;36m[Knote: [m[Kcandidate: rclcpp::Node::Node(const string&, const string&, const rclcpp::NodeOptions&)
[0.900s]    explicit [01;36m[KNode[m[K(
[0.900s]             [01;36m[K^~~~[m[K
[0.900s] [01m[K/home/riccardochiaretti/ros2_eloquent/install/rclcpp/include/rclcpp/node.hpp:94:12:[m[K [01;36m[Knote: [m[K  candidate expects 3 arguments, 0 provided
[0.900s] [01m[K/home/riccardochiaretti/ros2_eloquent/install/rclcpp/include/rclcpp/node.hpp:83:12:[m[K [01;36m[Knote: [m[Kcandidate: rclcpp::Node::Node(const string&, const rclcpp::NodeOptions&)
[0.900s]    explicit [01;36m[KNode[m[K(
[0.900s]             [01;36m[K^~~~[m[K
[0.900s] [01m[K/home/riccardochiaretti/ros2_eloquent/install/rclcpp/include/rclcpp/node.hpp:83:12:[m[K [01;36m[Knote: [m[K  candidate expects 2 arguments, 0 provided
[0.901s] In file included from [01m[K/home/riccardochiaretti/alba_v2_hmi/src/hmi_node/src/main.cpp:2:0[m[K:
[0.901s] [01m[K/home/riccardochiaretti/alba_v2_hmi/src/hmi_node/src/ethernet_primitives.hpp:[m[K In member function ‘[01m[Kvoid EthernetPrimitives::read_from_server_socket()[m[K’:
[0.901s] [01m[K/home/riccardochiaretti/alba_v2_hmi/src/hmi_node/src/ethernet_primitives.hpp:81:13:[m[K [01;31m[Kerror: [m[Kexpected ‘[01m[K;[m[K’ before ‘[01m[K}[m[K’ token
[0.901s]              [01;31m[K}[m[Kwhile (numBytesRecv > 0);
[0.901s]              [01;31m[K^[m[K
[0.901s] [01m[K/home/riccardochiaretti/alba_v2_hmi/src/hmi_node/src/ethernet_primitives.hpp:81:13:[m[K [01;35m[Kwarning: [m[Kstatement is a reference, not call, to function ‘[01m[Krecv[m[K’ [[01;35m[K-Waddress[m[K]
[0.901s] [01m[K/home/riccardochiaretti/alba_v2_hmi/src/hmi_node/src/ethernet_primitives.hpp:81:13:[m[K [01;35m[Kwarning: [m[Kstatement has no effect [[01;35m[K-Wunused-value[m[K]
[0.902s] [01m[K/home/riccardochiaretti/alba_v2_hmi/src/hmi_node/src/main.cpp:[m[K In function ‘[01m[Kint main(int, char**)[m[K’:
[0.902s] [01m[K/home/riccardochiaretti/alba_v2_hmi/src/hmi_node/src/main.cpp:11:23:[m[K [01;35m[Kwarning: [m[Kunused variable ‘[01m[Kh[m[K’ [[01;35m[K-Wunused-variable[m[K]
[0.902s]    EthernetPrimitives *[01;35m[Kh[m[K = new EthernetPrimitives();
[0.902s]                        [01;35m[K^[m[K
[0.902s] [01m[K/home/riccardochiaretti/alba_v2_hmi/src/hmi_node/src/main.cpp:4:14:[m[K [01;35m[Kwarning: [m[Kunused parameter ‘[01m[Kargc[m[K’ [[01;35m[K-Wunused-parameter[m[K]
[0.902s]  int main(int [01;35m[Kargc[m[K, char * argv[])
[0.902s]               [01;35m[K^~~~[m[K
[0.902s] [01m[K/home/riccardochiaretti/alba_v2_hmi/src/hmi_node/src/main.cpp:4:32:[m[K [01;35m[Kwarning: [m[Kunused parameter ‘[01m[Kargv[m[K’ [[01;35m[K-Wunused-parameter[m[K]
[0.902s]  int main(int argc, char * argv[[01;35m[K][m[K)
[0.902s]                                 [01;35m[K^[m[K
[1.005s] In file included from [01m[K/home/riccardochiaretti/alba_v2_hmi/src/hmi_node/src/main.cpp:2:0[m[K:
[1.005s] [01m[K/home/riccardochiaretti/alba_v2_hmi/src/hmi_node/src/ethernet_primitives.hpp:[m[K In member function ‘[01m[Kint EthernetPrimitives::init_server_socket()[m[K’:
[1.005s] [01m[K/home/riccardochiaretti/alba_v2_hmi/src/hmi_node/src/ethernet_primitives.hpp:71:9:[m[K [01;35m[Kwarning: [m[Kcontrol reaches end of non-void function [[01;35m[K-Wreturn-type[m[K]
[1.005s]          [01;35m[K}[m[K
[1.005s]          [01;35m[K^[m[K
[1.013s] make[2]: *** [CMakeFiles/hmi_node.dir/src/main.cpp.o] Error 1
[1.014s] make[1]: *** [CMakeFiles/hmi_node.dir/all] Error 2
[1.014s] make: *** [all] Error 2
