[0.166s] [100%] Built target hmi_node
[0.374s] [100%] Built target hmi_node
[0.414s] [36mInstall the project...[0m
[0.432s] -- Install configuration: ""
[0.433s] -- Execute custom install script
[0.434s] -- Up-to-date symlink: /home/riccardochiaretti/alba_v2_hmi/install/hmi_node/lib/hmi_node/hmi_node
[0.434s] -- Up-to-date symlink: /home/riccardochiaretti/alba_v2_hmi/install/hmi_node/share/ament_index/resource_index/package_run_dependencies/hmi_node
[0.435s] -- Up-to-date symlink: /home/riccardochiaretti/alba_v2_hmi/install/hmi_node/share/ament_index/resource_index/parent_prefix_path/hmi_node
[0.435s] -- Up-to-date symlink: /home/riccardochiaretti/alba_v2_hmi/install/hmi_node/share/hmi_node/environment/ament_prefix_path.sh
[0.435s] -- Up-to-date symlink: /home/riccardochiaretti/alba_v2_hmi/install/hmi_node/share/hmi_node/environment/ament_prefix_path.dsv
[0.436s] -- Up-to-date symlink: /home/riccardochiaretti/alba_v2_hmi/install/hmi_node/share/hmi_node/environment/path.sh
[0.436s] -- Up-to-date symlink: /home/riccardochiaretti/alba_v2_hmi/install/hmi_node/share/hmi_node/environment/path.dsv
[0.436s] -- Up-to-date symlink: /home/riccardochiaretti/alba_v2_hmi/install/hmi_node/share/hmi_node/local_setup.bash
[0.437s] -- Up-to-date symlink: /home/riccardochiaretti/alba_v2_hmi/install/hmi_node/share/hmi_node/local_setup.sh
[0.437s] -- Up-to-date symlink: /home/riccardochiaretti/alba_v2_hmi/install/hmi_node/share/hmi_node/local_setup.zsh
[0.438s] -- Up-to-date symlink: /home/riccardochiaretti/alba_v2_hmi/install/hmi_node/share/hmi_node/local_setup.dsv
[0.438s] -- Symlinking: /home/riccardochiaretti/alba_v2_hmi/install/hmi_node/share/hmi_node/package.dsv
[0.455s] -- Up-to-date symlink: /home/riccardochiaretti/alba_v2_hmi/install/hmi_node/share/ament_index/resource_index/packages/hmi_node
[0.456s] -- Up-to-date symlink: /home/riccardochiaretti/alba_v2_hmi/install/hmi_node/share/hmi_node/cmake/hmi_nodeConfig.cmake
[0.456s] -- Up-to-date symlink: /home/riccardochiaretti/alba_v2_hmi/install/hmi_node/share/hmi_node/cmake/hmi_nodeConfig-version.cmake
[0.457s] -- Up-to-date symlink: /home/riccardochiaretti/alba_v2_hmi/install/hmi_node/share/hmi_node/package.xml
