[0.124s] [35m[1mScanning dependencies of target hmi_node[0m
[0.163s] [ 66%] [32mBuilding CXX object CMakeFiles/hmi_node.dir/src/main.cpp.o[0m
[0.163s] [ 66%] [32mBuilding CXX object CMakeFiles/hmi_node.dir/src/EthernetPrimitives.cpp.o[0m
[0.928s] [01m[K/home/riccardochiaretti/alba_v2_hmi/src/hmi_node/src/main.cpp:[m[K In function ‘[01m[Kint main(int, char**)[m[K’:
[0.929s] [01m[K/home/riccardochiaretti/alba_v2_hmi/src/hmi_node/src/main.cpp:8:25:[m[K [01;35m[Kwarning: [m[Kunused variable ‘[01m[Kh[m[K’ [[01;35m[K-Wunused-variable[m[K]
[0.929s]      EthernetPrimitives *[01;35m[Kh[m[K = new EthernetPrimitives();
[0.929s]                          [01;35m[K^[m[K
[0.932s] [01m[K/home/riccardochiaretti/alba_v2_hmi/src/hmi_node/src/EthernetPrimitives.cpp:[m[K In member function ‘[01m[Kvoid EthernetPrimitives::wait_for_data()[m[K’:
[0.932s] [01m[K/home/riccardochiaretti/alba_v2_hmi/src/hmi_node/src/EthernetPrimitives.cpp:52:9:[m[K [01;35m[Kwarning: [m[Kunused variable ‘[01m[Kmax_fd[m[K’ [[01;35m[K-Wunused-variable[m[K]
[0.932s]      int [01;35m[Kmax_fd[m[K;
[0.932s]          [01;35m[K^~~~~~[m[K
[1.779s] [100%] [32m[1mLinking CXX executable hmi_node[0m
[2.013s] [100%] Built target hmi_node
[2.213s] [100%] Built target hmi_node
[2.248s] [36mInstall the project...[0m
[2.263s] -- Install configuration: ""
[2.263s] -- Execute custom install script
[2.264s] -- Up-to-date symlink: /home/riccardochiaretti/alba_v2_hmi/install/hmi_node/lib/hmi_node/hmi_node
[2.264s] -- Up-to-date symlink: /home/riccardochiaretti/alba_v2_hmi/install/hmi_node/share/ament_index/resource_index/package_run_dependencies/hmi_node
[2.264s] -- Up-to-date symlink: /home/riccardochiaretti/alba_v2_hmi/install/hmi_node/share/ament_index/resource_index/parent_prefix_path/hmi_node
[2.264s] -- Up-to-date symlink: /home/riccardochiaretti/alba_v2_hmi/install/hmi_node/share/hmi_node/environment/ament_prefix_path.sh
[2.265s] -- Up-to-date symlink: /home/riccardochiaretti/alba_v2_hmi/install/hmi_node/share/hmi_node/environment/ament_prefix_path.dsv
[2.265s] -- Up-to-date symlink: /home/riccardochiaretti/alba_v2_hmi/install/hmi_node/share/hmi_node/environment/path.sh
[2.265s] -- Up-to-date symlink: /home/riccardochiaretti/alba_v2_hmi/install/hmi_node/share/hmi_node/environment/path.dsv
[2.265s] -- Up-to-date symlink: /home/riccardochiaretti/alba_v2_hmi/install/hmi_node/share/hmi_node/local_setup.bash
[2.266s] -- Up-to-date symlink: /home/riccardochiaretti/alba_v2_hmi/install/hmi_node/share/hmi_node/local_setup.sh
[2.266s] -- Up-to-date symlink: /home/riccardochiaretti/alba_v2_hmi/install/hmi_node/share/hmi_node/local_setup.zsh
[2.266s] -- Up-to-date symlink: /home/riccardochiaretti/alba_v2_hmi/install/hmi_node/share/hmi_node/local_setup.dsv
[2.266s] -- Symlinking: /home/riccardochiaretti/alba_v2_hmi/install/hmi_node/share/hmi_node/package.dsv
[2.282s] -- Up-to-date symlink: /home/riccardochiaretti/alba_v2_hmi/install/hmi_node/share/ament_index/resource_index/packages/hmi_node
[2.282s] -- Up-to-date symlink: /home/riccardochiaretti/alba_v2_hmi/install/hmi_node/share/hmi_node/cmake/hmi_nodeConfig.cmake
[2.283s] -- Up-to-date symlink: /home/riccardochiaretti/alba_v2_hmi/install/hmi_node/share/hmi_node/cmake/hmi_nodeConfig-version.cmake
[2.283s] -- Up-to-date symlink: /home/riccardochiaretti/alba_v2_hmi/install/hmi_node/share/hmi_node/package.xml
