[0.890s] In file included from [01m[K/home/riccardochiaretti/alba_v2_hmi/src/hmi_node/src/main.cpp:2:0[m[K:
[0.891s] [01m[K/home/riccardochiaretti/alba_v2_hmi/src/hmi_node/src/ethernet_primitives.hpp:39:23:[m[K [01;35m[Kwarning: [m[KISO C++ forbids converting a string constant to ‘[01m[Kchar*[m[K’ [[01;35m[K-Wwrite-strings[m[K]
[0.891s]          char *hello = [01;35m[K"Hello from client"[m[K;
[0.891s]                        [01;35m[K^~~~~~~~~~~~~~~~~~~[m[K
[0.891s] [01m[K/home/riccardochiaretti/alba_v2_hmi/src/hmi_node/src/ethernet_primitives.hpp:[m[K In member function ‘[01m[Kvoid EthernetPrimitives::read_from_server_socket()[m[K’:
[0.891s] [01m[K/home/riccardochiaretti/alba_v2_hmi/src/hmi_node/src/ethernet_primitives.hpp:91:43:[m[K [01;35m[Kwarning: [m[Kformat not a string literal and no format arguments [[01;35m[K-Wformat-security[m[K]
[0.891s]                      printf(strerror(errno)[01;35m[K)[m[K;
[0.891s]                                            [01;35m[K^[m[K
[0.892s] [01m[K/home/riccardochiaretti/alba_v2_hmi/src/hmi_node/src/ethernet_primitives.hpp:[m[K In member function ‘[01m[Kvoid EthernetPrimitives::wait_for_data()[m[K’:
[0.892s] [01m[K/home/riccardochiaretti/alba_v2_hmi/src/hmi_node/src/ethernet_primitives.hpp:117:21:[m[K [01;31m[Kerror: [m[K‘[01m[Kclient_len[m[K’ was not declared in this scope
[0.892s]                      [01;31m[Kclient_len[m[K = sizeof(client_address);
[0.892s]                      [01;31m[K^~~~~~~~~~[m[K
[0.893s] [01m[K/home/riccardochiaretti/alba_v2_hmi/src/hmi_node/src/ethernet_primitives.hpp:117:21:[m[K [01;36m[Knote: [m[Ksuggested alternative: ‘[01m[Klisten[m[K’
[0.893s]                      [01;36m[Kclient_len[m[K = sizeof(client_address);
[0.893s]                      [01;36m[K^~~~~~~~~~[m[K
[0.893s]                      [32m[Klisten[m[K
[0.894s] [01m[K/home/riccardochiaretti/alba_v2_hmi/src/hmi_node/src/main.cpp:[m[K In function ‘[01m[Kint main(int, char**)[m[K’:
[0.894s] [01m[K/home/riccardochiaretti/alba_v2_hmi/src/hmi_node/src/main.cpp:11:23:[m[K [01;35m[Kwarning: [m[Kunused variable ‘[01m[Kh[m[K’ [[01;35m[K-Wunused-variable[m[K]
[0.894s]    EthernetPrimitives *[01;35m[Kh[m[K = new EthernetPrimitives();
[0.894s]                        [01;35m[K^[m[K
[0.894s] [01m[K/home/riccardochiaretti/alba_v2_hmi/src/hmi_node/src/main.cpp:4:14:[m[K [01;35m[Kwarning: [m[Kunused parameter ‘[01m[Kargc[m[K’ [[01;35m[K-Wunused-parameter[m[K]
[0.894s]  int main(int [01;35m[Kargc[m[K, char * argv[])
[0.894s]               [01;35m[K^~~~[m[K
[0.894s] [01m[K/home/riccardochiaretti/alba_v2_hmi/src/hmi_node/src/main.cpp:4:32:[m[K [01;35m[Kwarning: [m[Kunused parameter ‘[01m[Kargv[m[K’ [[01;35m[K-Wunused-parameter[m[K]
[0.894s]  int main(int argc, char * argv[[01;35m[K][m[K)
[0.894s]                                 [01;35m[K^[m[K
[0.996s] In file included from [01m[K/home/riccardochiaretti/alba_v2_hmi/src/hmi_node/src/main.cpp:2:0[m[K:
[0.996s] [01m[K/home/riccardochiaretti/alba_v2_hmi/src/hmi_node/src/ethernet_primitives.hpp:[m[K In member function ‘[01m[Kint EthernetPrimitives::init_server_socket()[m[K’:
[0.996s] [01m[K/home/riccardochiaretti/alba_v2_hmi/src/hmi_node/src/ethernet_primitives.hpp:80:9:[m[K [01;35m[Kwarning: [m[Kcontrol reaches end of non-void function [[01;35m[K-Wreturn-type[m[K]
[0.996s]          [01;35m[K}[m[K
[0.996s]          [01;35m[K^[m[K
[1.004s] make[2]: *** [CMakeFiles/hmi_node.dir/src/main.cpp.o] Error 1
[1.004s] make[1]: *** [CMakeFiles/hmi_node.dir/all] Error 2
[1.005s] make: *** [all] Error 2
