[0.080s] -- Found ament_cmake: 0.8.2 (/home/riccardochiaretti/ros2_eloquent/install/ament_cmake/share/ament_cmake/cmake)
[0.398s] -- Using PYTHON_EXECUTABLE: /usr/bin/python3
[0.933s] -- Override CMake install command with custom implementation using symlinks instead of copying resources
[0.938s] -- Found rclcpp: 0.8.4 (/home/riccardochiaretti/ros2_eloquent/install/rclcpp/share/rclcpp/cmake)
[0.980s] -- Found rosidl_adapter: 0.8.2 (/home/riccardochiaretti/ros2_eloquent/install/rosidl_adapter/share/rosidl_adapter/cmake)
[1.000s] -- Found rmw_implementation_cmake: 0.8.1 (/home/riccardochiaretti/ros2_eloquent/install/rmw_implementation_cmake/share/rmw_implementation_cmake/cmake)
[1.025s] -- Using RMW implementation 'rmw_fastrtps_cpp' as default
[1.050s] -- Found geometry_msgs: 0.8.1 (/home/riccardochiaretti/ros2_eloquent/install/geometry_msgs/share/geometry_msgs/cmake)
[1.058s] -- Found ament_index_cpp: 0.7.2 (/home/riccardochiaretti/ros2_eloquent/install/ament_index_cpp/share/ament_index_cpp/cmake)
[1.060s] -- Found yaml_cpp_vendor: 7.0.0 (/home/riccardochiaretti/ros2_eloquent/install/yaml_cpp_vendor/share/yaml_cpp_vendor/cmake)
[1.060s] -- Setting yaml-cpp_DIR to: '/home/riccardochiaretti/ros2_eloquent/install/yaml_cpp_vendor/share/yaml_cpp_vendor/cmake/../../../opt/yaml_cpp_vendor/lib/cmake/yaml-cpp'
[1.549s] -- Found ament_lint_auto: 0.8.1 (/home/riccardochiaretti/ros2_eloquent/install/ament_lint_auto/share/ament_lint_auto/cmake)
[1.911s] -- Added test 'copyright' to check for copyright in CMake / C / C++ / Python code
[1.912s] -- Added test 'cppcheck' to perform static code analysis on C / C++ code
[1.912s] -- Configured cppcheck include dirs: 
[1.913s] -- Added test 'cpplint' to check C / C++ code against the Google style
[1.913s] -- Added test 'flake8' to check Python code syntax and style conventions
[1.914s] -- Added test 'lint_cmake' to check CMake code style
[1.914s] -- Added test 'pep257' to check Python code against some of the style conventions in PEP 257
[1.915s] -- Added test 'uncrustify' to check C / C++ code style
[1.915s] -- Added test 'xmllint' to check XML markup files
[1.917s] -- Configuring done
[1.938s] -- Generating done
[1.940s] -- Build files have been written to: /home/riccardochiaretti/alba_v2_hmi/build/hmi_node
[1.987s] [35m[1mScanning dependencies of target hmi_node_client[0m
[2.015s] [ 20%] [32m[1mLinking CXX executable hmi_node_server[0m
[2.021s] [ 40%] [32mBuilding CXX object CMakeFiles/hmi_node_client.dir/src/client.cpp.o[0m
[2.266s] CMakeFiles/hmi_node_server.dir/src/EthernetPrimitives.cpp.o: In function `CommunicationPrimitives::get_socket_fd()':
[2.266s] EthernetPrimitives.cpp:(.text+0x1b4): multiple definition of `CommunicationPrimitives::get_socket_fd()'
[2.266s] CMakeFiles/hmi_node_server.dir/src/main.cpp.o:main.cpp:(.text+0xa6): first defined here
[2.266s] collect2: error: ld returned 1 exit status
[2.268s] make[2]: *** [hmi_node_server] Error 1
[2.268s] make[1]: *** [CMakeFiles/hmi_node_server.dir/all] Error 2
[2.268s] make[1]: *** Waiting for unfinished jobs....
[2.268s] CMakeFiles/hmi_node_server.dir/build.make:171: recipe for target 'hmi_node_server' failed
[2.268s] CMakeFiles/Makefile2:131: recipe for target 'CMakeFiles/hmi_node_server.dir/all' failed
[2.980s] [ 60%] [32m[1mLinking CXX executable hmi_node_client[0m
[3.147s] CMakeFiles/hmi_node_client.dir/src/client.cpp.o: In function `Client::Client()':
[3.147s] client.cpp:(.text+0x26b): undefined reference to `vtable for Client'
[3.147s] client.cpp:(.text+0x27c): undefined reference to `vtable for Client'
[3.147s] CMakeFiles/hmi_node_client.dir/src/client.cpp.o: In function `CommunicationPrimitives::CommunicationPrimitives()':
[3.147s] client.cpp:(.text._ZN23CommunicationPrimitivesC2Ev[_ZN23CommunicationPrimitivesC5Ev]+0xb): undefined reference to `vtable for CommunicationPrimitives'
[3.147s] collect2: error: ld returned 1 exit status
[3.148s] CMakeFiles/hmi_node_client.dir/build.make:129: recipe for target 'hmi_node_client' failed
[3.148s] make[2]: *** [hmi_node_client] Error 1
[3.148s] CMakeFiles/Makefile2:168: recipe for target 'CMakeFiles/hmi_node_client.dir/all' failed
[3.149s] make[1]: *** [CMakeFiles/hmi_node_client.dir/all] Error 2
[3.149s] Makefile:140: recipe for target 'all' failed
[3.149s] make: *** [all] Error 2
