[2.666s] [01m[K/home/riccardochiaretti/alba_v2_hmi/src/hmi_node/src/main.cpp:[m[K In function ‘[01m[Kint main(int, char**)[m[K’:
[2.666s] [01m[K/home/riccardochiaretti/alba_v2_hmi/src/hmi_node/src/main.cpp:8:25:[m[K [01;35m[Kwarning: [m[Kunused variable ‘[01m[Kh[m[K’ [[01;35m[K-Wunused-variable[m[K]
[2.666s]      EthernetPrimitives *[01;35m[Kh[m[K = new EthernetPrimitives();
[2.666s]                          [01;35m[K^[m[K
[2.671s] [01m[K/home/riccardochiaretti/alba_v2_hmi/src/hmi_node/src/EthernetPrimitives.cpp:[m[K In member function ‘[01m[Kvoid EthernetPrimitives::wait_for_data()[m[K’:
[2.671s] [01m[K/home/riccardochiaretti/alba_v2_hmi/src/hmi_node/src/EthernetPrimitives.cpp:62:9:[m[K [01;35m[Kwarning: [m[Kunused variable ‘[01m[Kmax_fd[m[K’ [[01;35m[K-Wunused-variable[m[K]
[2.672s]      int [01;35m[Kmax_fd[m[K;
[2.672s]          [01;35m[K^~~~~~[m[K
[2.672s] [01m[K/home/riccardochiaretti/alba_v2_hmi/src/hmi_node/src/EthernetPrimitives.cpp:[m[K In member function ‘[01m[Kvoid EthernetPrimitives::publish_pose()[m[K’:
[2.673s] [01m[K/home/riccardochiaretti/alba_v2_hmi/src/hmi_node/src/EthernetPrimitives.cpp:108:41:[m[K [01;31m[Kerror: [m[K‘[01m[Kx_0[m[K’ was not declared in this scope
[2.673s]      double final_x = (m.x/resolution) + [01;31m[Kx_0[m[K;
[2.673s]                                          [01;31m[K^~~[m[K
[2.673s] [01m[K/home/riccardochiaretti/alba_v2_hmi/src/hmi_node/src/EthernetPrimitives.cpp:108:41:[m[K [01;36m[Knote: [m[Ksuggested alternative: ‘[01m[K._80[m[K’
[2.673s]      double final_x = (m.x/resolution) + [01;36m[Kx_0[m[K;
[2.674s]                                          [01;36m[K^~~[m[K
[2.674s]                                          [32m[K._80[m[K
[2.674s] [01m[K/home/riccardochiaretti/alba_v2_hmi/src/hmi_node/src/EthernetPrimitives.cpp:109:47:[m[K [01;31m[Kerror: [m[K‘[01m[Ky_0[m[K’ was not declared in this scope
[2.674s]      double final_y = ((704-m.y)/resolution) + [01;31m[Ky_0[m[K;
[2.674s]                                                [01;31m[K^~~[m[K
[2.674s] [01m[K/home/riccardochiaretti/alba_v2_hmi/src/hmi_node/src/EthernetPrimitives.cpp:109:47:[m[K [01;36m[Knote: [m[Ksuggested alternative: ‘[01m[K._80[m[K’
[2.674s]      double final_y = ((704-m.y)/resolution) + [01;36m[Ky_0[m[K;
[2.674s]                                                [01;36m[K^~~[m[K
[2.674s]                                                [32m[K._80[m[K
[3.172s] make[2]: *** [CMakeFiles/hmi_node.dir/src/EthernetPrimitives.cpp.o] Error 1
[3.172s] make[1]: *** [CMakeFiles/hmi_node.dir/all] Error 2
[3.172s] make: *** [all] Error 2
