[0.117s] [35m[1mScanning dependencies of target hmi_node_client[0m
[0.142s] [ 50%] Built target hmi_node_server
[0.161s] [ 75%] [32mBuilding CXX object CMakeFiles/hmi_node_client.dir/src/client.cpp.o[0m
[1.263s] [01m[K/home/riccardochiaretti/alba_v2_hmi/src/hmi_node/src/client.cpp:[m[K In member function ‘[01m[Kvoid Client::odom_callback(nav_msgs::msg::Odometry_<std::allocator<void> >::SharedPtr)[m[K’:
[1.263s] [01m[K/home/riccardochiaretti/alba_v2_hmi/src/hmi_node/src/client.cpp:56:5:[m[K [01;31m[Kerror: [m[K‘[01m[KreadPose_[m[K’ was not declared in this scope
[1.264s]      [01;31m[KreadPose_[m[K->pose = pose_msg->pose.pose;
[1.264s]      [01;31m[K^~~~~~~~~[m[K
[1.266s] [01m[K/home/riccardochiaretti/alba_v2_hmi/src/hmi_node/src/client.cpp:63:9:[m[K [01;31m[Kerror: [m[K‘[01m[Ktf_buffer_[m[K’ was not declared in this scope
[1.266s]          [01;31m[Ktf_buffer_[m[K->transform(*readPose_, *transformedPose_, "map");
[1.266s]          [01;31m[K^~~~~~~~~~[m[K
[1.268s] [01m[K/home/riccardochiaretti/alba_v2_hmi/src/hmi_node/src/client.cpp:63:9:[m[K [01;36m[Knote: [m[Ksuggested alternative: ‘[01m[Ksetbuffer[m[K’
[1.268s]          [01;36m[Ktf_buffer_[m[K->transform(*readPose_, *transformedPose_, "map");
[1.268s]          [01;36m[K^~~~~~~~~~[m[K
[1.268s]          [32m[Ksetbuffer[m[K
[1.268s] [01m[K/home/riccardochiaretti/alba_v2_hmi/src/hmi_node/src/client.cpp:63:44:[m[K [01;31m[Kerror: [m[K‘[01m[KtransformedPose_[m[K’ was not declared in this scope
[1.268s]          tf_buffer_->transform(*readPose_, *[01;31m[KtransformedPose_[m[K, "map");
[1.268s]                                             [01;31m[K^~~~~~~~~~~~~~~~[m[K
[1.272s] [01m[K/home/riccardochiaretti/alba_v2_hmi/src/hmi_node/src/client.cpp:63:44:[m[K [01;36m[Knote: [m[Ksuggested alternative: ‘[01m[KTransformData[m[K’
[1.273s]          tf_buffer_->transform(*readPose_, *[01;36m[KtransformedPose_[m[K, "map");
[1.273s]                                             [01;36m[K^~~~~~~~~~~~~~~~[m[K
[1.273s]                                             [32m[KTransformData[m[K
[1.772s] make[2]: *** [CMakeFiles/hmi_node_client.dir/src/client.cpp.o] Error 1
[1.772s] CMakeFiles/hmi_node_client.dir/build.make:62: recipe for target 'CMakeFiles/hmi_node_client.dir/src/client.cpp.o' failed
[1.773s] CMakeFiles/Makefile2:168: recipe for target 'CMakeFiles/hmi_node_client.dir/all' failed
[1.773s] make[1]: *** [CMakeFiles/hmi_node_client.dir/all] Error 2
[1.773s] Makefile:140: recipe for target 'all' failed
[1.773s] make: *** [all] Error 2
