[2.911s] [01m[K/home/riccardochiaretti/alba_v2_hmi/src/hmi_node/src/main.cpp:[m[K In function ‘[01m[Kint main(int, char**)[m[K’:
[2.911s] [01m[K/home/riccardochiaretti/alba_v2_hmi/src/hmi_node/src/main.cpp:7:25:[m[K [01;35m[Kwarning: [m[Kunused variable ‘[01m[Kh[m[K’ [[01;35m[K-Wunused-variable[m[K]
[2.912s]      EthernetPrimitives *[01;35m[Kh[m[K = new EthernetPrimitives();
[2.912s]                          [01;35m[K^[m[K
[3.216s] CMakeFiles/hmi_node_client.dir/src/client.cpp.o: In function `CommunicationPrimitives::CommunicationPrimitives()':
[3.216s] client.cpp:(.text._ZN23CommunicationPrimitivesC2Ev[_ZN23CommunicationPrimitivesC5Ev]+0xb): undefined reference to `vtable for CommunicationPrimitives'
[3.216s] CMakeFiles/hmi_node_client.dir/src/client.cpp.o:(.data.rel.ro._ZTV6Client[_ZTV6Client]+0x30): undefined reference to `CommunicationPrimitives::hmi_send()'
[3.216s] CMakeFiles/hmi_node_client.dir/src/client.cpp.o:(.data.rel.ro._ZTV6Client[_ZTV6Client]+0x38): undefined reference to `CommunicationPrimitives::hmi_receive()'
[3.216s] CMakeFiles/hmi_node_client.dir/src/client.cpp.o:(.data.rel.ro._ZTI6Client[_ZTI6Client]+0x28): undefined reference to `typeinfo for CommunicationPrimitives'
[3.216s] collect2: error: ld returned 1 exit status
[3.218s] make[2]: *** [hmi_node_client] Error 1
[3.218s] make[1]: *** [CMakeFiles/hmi_node_client.dir/all] Error 2
[3.218s] make[1]: *** Waiting for unfinished jobs....
[4.266s] CMakeFiles/hmi_node_server.dir/src/EthernetPrimitives.cpp.o: In function `CommunicationPrimitives::get_socket_fd()':
[4.267s] EthernetPrimitives.cpp:(.text+0x1b4): multiple definition of `CommunicationPrimitives::get_socket_fd()'
[4.267s] CMakeFiles/hmi_node_server.dir/src/main.cpp.o:main.cpp:(.text+0xa6): first defined here
[4.267s] collect2: error: ld returned 1 exit status
[4.268s] make[2]: *** [hmi_node_server] Error 1
[4.268s] make[1]: *** [CMakeFiles/hmi_node_server.dir/all] Error 2
[4.268s] make: *** [all] Error 2
