[0.088s] -- Found ament_cmake: 0.8.2 (/home/riccardochiaretti/ros2_eloquent/install/ament_cmake/share/ament_cmake/cmake)
[0.397s] -- Using PYTHON_EXECUTABLE: /usr/bin/python3
[0.930s] -- Override CMake install command with custom implementation using symlinks instead of copying resources
[0.935s] -- Found rclcpp: 0.8.4 (/home/riccardochiaretti/ros2_eloquent/install/rclcpp/share/rclcpp/cmake)
[0.978s] -- Found rosidl_adapter: 0.8.2 (/home/riccardochiaretti/ros2_eloquent/install/rosidl_adapter/share/rosidl_adapter/cmake)
[0.998s] -- Found rmw_implementation_cmake: 0.8.1 (/home/riccardochiaretti/ros2_eloquent/install/rmw_implementation_cmake/share/rmw_implementation_cmake/cmake)
[1.023s] -- Using RMW implementation 'rmw_fastrtps_cpp' as default
[1.049s] -- Found geometry_msgs: 0.8.1 (/home/riccardochiaretti/ros2_eloquent/install/geometry_msgs/share/geometry_msgs/cmake)
[1.057s] -- Found ament_index_cpp: 0.7.2 (/home/riccardochiaretti/ros2_eloquent/install/ament_index_cpp/share/ament_index_cpp/cmake)
[1.059s] -- Found yaml_cpp_vendor: 7.0.0 (/home/riccardochiaretti/ros2_eloquent/install/yaml_cpp_vendor/share/yaml_cpp_vendor/cmake)
[1.059s] -- Setting yaml-cpp_DIR to: '/home/riccardochiaretti/ros2_eloquent/install/yaml_cpp_vendor/share/yaml_cpp_vendor/cmake/../../../opt/yaml_cpp_vendor/lib/cmake/yaml-cpp'
[1.545s] -- Found ament_lint_auto: 0.8.1 (/home/riccardochiaretti/ros2_eloquent/install/ament_lint_auto/share/ament_lint_auto/cmake)
[1.906s] -- Added test 'copyright' to check for copyright in CMake / C / C++ / Python code
[1.907s] -- Added test 'cppcheck' to perform static code analysis on C / C++ code
[1.907s] -- Configured cppcheck include dirs: 
[1.908s] -- Added test 'cpplint' to check C / C++ code against the Google style
[1.909s] -- Added test 'flake8' to check Python code syntax and style conventions
[1.909s] -- Added test 'lint_cmake' to check CMake code style
[1.909s] -- Added test 'pep257' to check Python code against some of the style conventions in PEP 257
[1.910s] -- Added test 'uncrustify' to check C / C++ code style
[1.911s] -- Added test 'xmllint' to check XML markup files
[1.913s] -- Configuring done
[1.934s] -- Generating done
[1.935s] -- Build files have been written to: /home/riccardochiaretti/alba_v2_hmi/build/hmi_node
[1.974s] [35m[1mScanning dependencies of target hmi_node_client[0m
[1.974s] [35m[1mScanning dependencies of target hmi_node_server[0m
[2.012s] [ 20%] [32mBuilding CXX object CMakeFiles/hmi_node_client.dir/src/client.cpp.o[0m
[2.022s] [ 60%] [32mBuilding CXX object CMakeFiles/hmi_node_server.dir/src/EthernetPrimitives.cpp.o[0m
[2.022s] [ 60%] [32mBuilding CXX object CMakeFiles/hmi_node_server.dir/src/main.cpp.o[0m
[2.911s] [01m[K/home/riccardochiaretti/alba_v2_hmi/src/hmi_node/src/main.cpp:[m[K In function ‘[01m[Kint main(int, char**)[m[K’:
[2.911s] [01m[K/home/riccardochiaretti/alba_v2_hmi/src/hmi_node/src/main.cpp:7:25:[m[K [01;35m[Kwarning: [m[Kunused variable ‘[01m[Kh[m[K’ [[01;35m[K-Wunused-variable[m[K]
[2.912s]      EthernetPrimitives *[01;35m[Kh[m[K = new EthernetPrimitives();
[2.912s]                          [01;35m[K^[m[K
[3.013s] [ 80%] [32m[1mLinking CXX executable hmi_node_client[0m
[3.216s] CMakeFiles/hmi_node_client.dir/src/client.cpp.o: In function `CommunicationPrimitives::CommunicationPrimitives()':
[3.216s] client.cpp:(.text._ZN23CommunicationPrimitivesC2Ev[_ZN23CommunicationPrimitivesC5Ev]+0xb): undefined reference to `vtable for CommunicationPrimitives'
[3.216s] CMakeFiles/hmi_node_client.dir/src/client.cpp.o:(.data.rel.ro._ZTV6Client[_ZTV6Client]+0x30): undefined reference to `CommunicationPrimitives::hmi_send()'
[3.216s] CMakeFiles/hmi_node_client.dir/src/client.cpp.o:(.data.rel.ro._ZTV6Client[_ZTV6Client]+0x38): undefined reference to `CommunicationPrimitives::hmi_receive()'
[3.216s] CMakeFiles/hmi_node_client.dir/src/client.cpp.o:(.data.rel.ro._ZTI6Client[_ZTI6Client]+0x28): undefined reference to `typeinfo for CommunicationPrimitives'
[3.216s] collect2: error: ld returned 1 exit status
[3.217s] CMakeFiles/hmi_node_client.dir/build.make:129: recipe for target 'hmi_node_client' failed
[3.218s] make[2]: *** [hmi_node_client] Error 1
[3.218s] make[1]: *** [CMakeFiles/hmi_node_client.dir/all] Error 2
[3.218s] make[1]: *** Waiting for unfinished jobs....
[3.218s] CMakeFiles/Makefile2:168: recipe for target 'CMakeFiles/hmi_node_client.dir/all' failed
[4.029s] [100%] [32m[1mLinking CXX executable hmi_node_server[0m
[4.266s] CMakeFiles/hmi_node_server.dir/src/EthernetPrimitives.cpp.o: In function `CommunicationPrimitives::get_socket_fd()':
[4.267s] EthernetPrimitives.cpp:(.text+0x1b4): multiple definition of `CommunicationPrimitives::get_socket_fd()'
[4.267s] CMakeFiles/hmi_node_server.dir/src/main.cpp.o:main.cpp:(.text+0xa6): first defined here
[4.267s] collect2: error: ld returned 1 exit status
[4.268s] make[2]: *** [hmi_node_server] Error 1
[4.268s] CMakeFiles/hmi_node_server.dir/build.make:171: recipe for target 'hmi_node_server' failed
[4.268s] make[1]: *** [CMakeFiles/hmi_node_server.dir/all] Error 2
[4.268s] make: *** [all] Error 2
[4.269s] CMakeFiles/Makefile2:131: recipe for target 'CMakeFiles/hmi_node_server.dir/all' failed
[4.269s] Makefile:140: recipe for target 'all' failed
