[0.217s] DEBUG:colcon:Command line arguments: ['/usr/bin/colcon', 'build', '--symlink-install']
[0.218s] DEBUG:colcon:Parsed command line arguments: Namespace(ament_cmake_args=None, base_paths=['.'], build_base='build', catkin_cmake_args=None, catkin_skip_building_tests=False, cmake_args=None, cmake_clean_cache=False, cmake_clean_first=False, cmake_force_configure=False, cmake_target=None, cmake_target_skip_unavailable=False, continue_on_error=False, event_handlers=None, executor='parallel', ignore_user_meta=False, install_base='install', log_base=None, log_level=None, main=<bound method BuildVerb.main of <colcon_core.verb.build.BuildVerb object at 0x7fa9a97e0400>>, merge_install=False, metas=['./colcon.meta'], packages_above=None, packages_above_depth=None, packages_end=None, packages_ignore=None, packages_ignore_regex=None, packages_select=None, packages_select_build_failed=False, packages_select_by_dep=None, packages_select_regex=None, packages_select_test_failures=False, packages_skip=None, packages_skip_build_finished=False, packages_skip_by_dep=None, packages_skip_regex=None, packages_skip_test_passed=False, packages_skip_up_to=None, packages_start=None, packages_up_to=None, parallel_workers=12, paths=None, symlink_install=True, test_result_base=None, verb_extension=<colcon_core.verb.build.BuildVerb object at 0x7fa9a97e0400>, verb_name='build', verb_parser=<colcon_defaults.argument_parser.defaults.DefaultArgumentsDecorator object at 0x7fa9a97e0780>)
[0.274s] Level 1:colcon.colcon_core.package_discovery:discover_packages(colcon_meta) check parameters
[0.274s] Level 1:colcon.colcon_core.package_discovery:discover_packages(recursive) check parameters
[0.274s] Level 1:colcon.colcon_core.package_discovery:discover_packages(ignore) check parameters
[0.274s] Level 1:colcon.colcon_core.package_discovery:discover_packages(path) check parameters
[0.274s] Level 1:colcon.colcon_core.package_discovery:discover_packages(colcon_meta) discover
[0.274s] Level 1:colcon.colcon_core.package_discovery:discover_packages(recursive) discover
[0.274s] INFO:colcon.colcon_core.package_discovery:Crawling recursively for packages in '/home/riccardochiaretti/alba_v2_hmi'
[0.274s] Level 1:colcon.colcon_core.package_identification:_identify(.) by extensions ['ignore', 'ignore_ament_install']
[0.274s] Level 1:colcon.colcon_core.package_identification:_identify(.) by extension 'ignore'
[0.274s] Level 1:colcon.colcon_core.package_identification:_identify(.) by extension 'ignore_ament_install'
[0.274s] Level 1:colcon.colcon_core.package_identification:_identify(.) by extensions ['colcon_pkg']
[0.275s] Level 1:colcon.colcon_core.package_identification:_identify(.) by extension 'colcon_pkg'
[0.275s] Level 1:colcon.colcon_core.package_identification:_identify(.) by extensions ['colcon_meta']
[0.275s] Level 1:colcon.colcon_core.package_identification:_identify(.) by extension 'colcon_meta'
[0.275s] Level 1:colcon.colcon_core.package_identification:_identify(.) by extensions ['ros']
[0.275s] Level 1:colcon.colcon_core.package_identification:_identify(.) by extension 'ros'
[0.286s] Level 1:colcon.colcon_core.package_identification:_identify(.) by extensions ['cmake', 'python']
[0.286s] Level 1:colcon.colcon_core.package_identification:_identify(.) by extension 'cmake'
[0.286s] Level 1:colcon.colcon_core.package_identification:_identify(.) by extension 'python'
[0.286s] Level 1:colcon.colcon_core.package_identification:_identify(.) by extensions ['python_setup_py']
[0.286s] Level 1:colcon.colcon_core.package_identification:_identify(.) by extension 'python_setup_py'
[0.286s] Level 1:colcon.colcon_core.package_identification:_identify(build) by extensions ['ignore', 'ignore_ament_install']
[0.286s] Level 1:colcon.colcon_core.package_identification:_identify(build) by extension 'ignore'
[0.286s] Level 1:colcon.colcon_core.package_identification:_identify(build) ignored
[0.287s] Level 1:colcon.colcon_core.package_identification:_identify(install) by extensions ['ignore', 'ignore_ament_install']
[0.287s] Level 1:colcon.colcon_core.package_identification:_identify(install) by extension 'ignore'
[0.287s] Level 1:colcon.colcon_core.package_identification:_identify(install) ignored
[0.287s] Level 1:colcon.colcon_core.package_identification:_identify(log) by extensions ['ignore', 'ignore_ament_install']
[0.287s] Level 1:colcon.colcon_core.package_identification:_identify(log) by extension 'ignore'
[0.287s] Level 1:colcon.colcon_core.package_identification:_identify(log) ignored
[0.287s] Level 1:colcon.colcon_core.package_identification:_identify(src) by extensions ['ignore', 'ignore_ament_install']
[0.287s] Level 1:colcon.colcon_core.package_identification:_identify(src) by extension 'ignore'
[0.287s] Level 1:colcon.colcon_core.package_identification:_identify(src) by extension 'ignore_ament_install'
[0.287s] Level 1:colcon.colcon_core.package_identification:_identify(src) by extensions ['colcon_pkg']
[0.287s] Level 1:colcon.colcon_core.package_identification:_identify(src) by extension 'colcon_pkg'
[0.287s] Level 1:colcon.colcon_core.package_identification:_identify(src) by extensions ['colcon_meta']
[0.287s] Level 1:colcon.colcon_core.package_identification:_identify(src) by extension 'colcon_meta'
[0.287s] Level 1:colcon.colcon_core.package_identification:_identify(src) by extensions ['ros']
[0.288s] Level 1:colcon.colcon_core.package_identification:_identify(src) by extension 'ros'
[0.288s] Level 1:colcon.colcon_core.package_identification:_identify(src) by extensions ['cmake', 'python']
[0.288s] Level 1:colcon.colcon_core.package_identification:_identify(src) by extension 'cmake'
[0.288s] Level 1:colcon.colcon_core.package_identification:_identify(src) by extension 'python'
[0.288s] Level 1:colcon.colcon_core.package_identification:_identify(src) by extensions ['python_setup_py']
[0.288s] Level 1:colcon.colcon_core.package_identification:_identify(src) by extension 'python_setup_py'
[0.288s] Level 1:colcon.colcon_core.package_identification:_identify(src/hmi_node) by extensions ['ignore', 'ignore_ament_install']
[0.288s] Level 1:colcon.colcon_core.package_identification:_identify(src/hmi_node) by extension 'ignore'
[0.288s] Level 1:colcon.colcon_core.package_identification:_identify(src/hmi_node) by extension 'ignore_ament_install'
[0.288s] Level 1:colcon.colcon_core.package_identification:_identify(src/hmi_node) by extensions ['colcon_pkg']
[0.288s] Level 1:colcon.colcon_core.package_identification:_identify(src/hmi_node) by extension 'colcon_pkg'
[0.288s] Level 1:colcon.colcon_core.package_identification:_identify(src/hmi_node) by extensions ['colcon_meta']
[0.288s] Level 1:colcon.colcon_core.package_identification:_identify(src/hmi_node) by extension 'colcon_meta'
[0.288s] Level 1:colcon.colcon_core.package_identification:_identify(src/hmi_node) by extensions ['ros']
[0.288s] Level 1:colcon.colcon_core.package_identification:_identify(src/hmi_node) by extension 'ros'
[0.290s] DEBUG:colcon.colcon_core.package_identification:Package 'src/hmi_node' with type 'ros.ament_cmake' and name 'hmi_node'
[0.290s] Level 1:colcon.colcon_core.package_discovery:discover_packages(recursive) using defaults
[0.290s] Level 1:colcon.colcon_core.package_discovery:discover_packages(ignore) discover
[0.290s] Level 1:colcon.colcon_core.package_discovery:discover_packages(ignore) using defaults
[0.290s] Level 1:colcon.colcon_core.package_discovery:discover_packages(path) discover
[0.290s] Level 1:colcon.colcon_core.package_discovery:discover_packages(path) using defaults
[0.298s] Level 5:colcon.colcon_core.verb:set package 'hmi_node' build argument 'cmake_args' from command line to 'None'
[0.298s] Level 5:colcon.colcon_core.verb:set package 'hmi_node' build argument 'cmake_target' from command line to 'None'
[0.298s] Level 5:colcon.colcon_core.verb:set package 'hmi_node' build argument 'cmake_target_skip_unavailable' from command line to 'False'
[0.298s] Level 5:colcon.colcon_core.verb:set package 'hmi_node' build argument 'cmake_clean_cache' from command line to 'False'
[0.298s] Level 5:colcon.colcon_core.verb:set package 'hmi_node' build argument 'cmake_clean_first' from command line to 'False'
[0.298s] Level 5:colcon.colcon_core.verb:set package 'hmi_node' build argument 'cmake_force_configure' from command line to 'False'
[0.298s] Level 5:colcon.colcon_core.verb:set package 'hmi_node' build argument 'ament_cmake_args' from command line to 'None'
[0.298s] Level 5:colcon.colcon_core.verb:set package 'hmi_node' build argument 'catkin_cmake_args' from command line to 'None'
[0.298s] Level 5:colcon.colcon_core.verb:set package 'hmi_node' build argument 'catkin_skip_building_tests' from command line to 'False'
[0.298s] DEBUG:colcon.colcon_core.verb:Building package 'hmi_node' with the following arguments: {'ament_cmake_args': None, 'build_base': '/home/riccardochiaretti/alba_v2_hmi/build/hmi_node', 'catkin_cmake_args': None, 'catkin_skip_building_tests': False, 'cmake_args': None, 'cmake_clean_cache': False, 'cmake_clean_first': False, 'cmake_force_configure': False, 'cmake_target': None, 'cmake_target_skip_unavailable': False, 'install_base': '/home/riccardochiaretti/alba_v2_hmi/install/hmi_node', 'merge_install': False, 'path': '/home/riccardochiaretti/alba_v2_hmi/src/hmi_node', 'symlink_install': True, 'test_result_base': None}
[0.298s] INFO:colcon.colcon_core.executor:Executing jobs using 'parallel' executor
[0.300s] DEBUG:colcon.colcon_parallel_executor.executor.parallel:run_until_complete
[0.301s] INFO:colcon.colcon_ros.task.ament_cmake.build:Building ROS package in '/home/riccardochiaretti/alba_v2_hmi/src/hmi_node' with build type 'ament_cmake'
[0.314s] INFO:colcon.colcon_core.plugin_system:Skipping extension 'colcon_core.shell.bat': Not used on non-Windows systems
[0.314s] INFO:colcon.colcon_cmake.task.cmake.build:Building CMake package in '/home/riccardochiaretti/alba_v2_hmi/src/hmi_node'
[0.315s] INFO:colcon.colcon_core.shell:Skip shell extension 'powershell' for command environment: Not usable outside of PowerShell
[0.315s] DEBUG:colcon.colcon_core.shell:Skip shell extension 'dsv' for command environment
[0.345s] DEBUG:colcon.colcon_core.event_handler.log_command:Invoking command in '/home/riccardochiaretti/alba_v2_hmi/build/hmi_node': CMAKE_PREFIX_PATH=${CMAKE_PREFIX_PATH}:/home/riccardochiaretti/ros2_eloquent/install/ros2bag:/home/riccardochiaretti/ros2_eloquent/install/tracetools_launch:/home/riccardochiaretti/ros2_eloquent/install/topic_monitor:/home/riccardochiaretti/ros2_eloquent/install/examples_tf2_py:/home/riccardochiaretti/ros2_eloquent/install/sros2:/home/riccardochiaretti/ros2_eloquent/install/rqt_topic:/home/riccardochiaretti/ros2_eloquent/install/rqt_reconfigure:/home/riccardochiaretti/ros2_eloquent/install/rqt_action:/home/riccardochiaretti/ros2_eloquent/install/rqt:/home/riccardochiaretti/ros2_eloquent/install/rqt_graph:/home/riccardochiaretti/ros2_eloquent/install/rqt_gui_py:/home/riccardochiaretti/ros2_eloquent/install/rqt_gui:/home/riccardochiaretti/ros2_eloquent/install/ros2trace:/home/riccardochiaretti/ros2_eloquent/install/ros2topic:/home/riccardochiaretti/ros2_eloquent/install/ros2test:/home/riccardochiaretti/ros2_eloquent/install/ros2srv:/home/riccardochiaretti/ros2_eloquent/install/ros2component:/home/riccardochiaretti/ros2_eloquent/install/ros2param:/home/riccardochiaretti/ros2_eloquent/install/ros2lifecycle:/home/riccardochiaretti/ros2_eloquent/install/ros2service:/home/riccardochiaretti/ros2_eloquent/install/ros2run:/home/riccardochiaretti/ros2_eloquent/install/ros2launch:/home/riccardochiaretti/ros2_eloquent/install/ros2pkg:/home/riccardochiaretti/ros2_eloquent/install/ros2node:/home/riccardochiaretti/ros2_eloquent/install/ros2multicast:/home/riccardochiaretti/ros2_eloquent/install/ros2msg:/home/riccardochiaretti/ros2_eloquent/install/ros2interface:/home/riccardochiaretti/ros2_eloquent/install/ros2doctor:/home/riccardochiaretti/ros2_eloquent/install/ros2action:/home/riccardochiaretti/ros2_eloquent/install/ros2cli:/home/riccardochiaretti/ros2_eloquent/install/quality_of_service_demo_py:/home/riccardochiaretti/ros2_eloquent/install/launch_testing_ros:/home/riccardochiaretti/ros2_eloquent/install/launch_ros:/home/riccardochiaretti/ros2_eloquent/install/examples_rclpy_minimal_subscriber:/home/riccardochiaretti/ros2_eloquent/install/examples_rclpy_minimal_service:/home/riccardochiaretti/ros2_eloquent/install/examples_rclpy_minimal_publisher:/home/riccardochiaretti/ros2_eloquent/install/examples_rclpy_minimal_client:/home/riccardochiaretti/ros2_eloquent/install/examples_rclpy_minimal_action_server:/home/riccardochiaretti/ros2_eloquent/install/examples_rclpy_minimal_action_client:/home/riccardochiaretti/ros2_eloquent/install/examples_rclpy_executors:/home/riccardochiaretti/ros2_eloquent/install/demo_nodes_py:/home/riccardochiaretti/ros2_eloquent/install/action_tutorials_py:/home/riccardochiaretti/ros2_eloquent/install/ament_uncrustify:/home/riccardochiaretti/ros2_eloquent/install/tracetools_trace:/home/riccardochiaretti/ros2_eloquent/install/tracetools_read:/home/riccardochiaretti/ros2_eloquent/install/test_launch_ros:/home/riccardochiaretti/ros2_eloquent/install/rosidl_runtime_py:/home/riccardochiaretti/ros2_eloquent/install/launch_yaml:/home/riccardochiaretti/ros2_eloquent/install/launch_xml:/home/riccardochiaretti/ros2_eloquent/install/launch_testing:/home/riccardochiaretti/ros2_eloquent/install/launch:/home/riccardochiaretti/ros2_eloquent/install/osrf_pycommon:/home/riccardochiaretti/ros2_eloquent/install/domain_coordinator:/home/riccardochiaretti/ros2_eloquent/install/ament_xmllint:/home/riccardochiaretti/ros2_eloquent/install/ament_pyflakes:/home/riccardochiaretti/ros2_eloquent/install/ament_pep8:/home/riccardochiaretti/ros2_eloquent/install/ament_pep257:/home/riccardochiaretti/ros2_eloquent/install/ament_pclint:/home/riccardochiaretti/ros2_eloquent/install/ament_package:/home/riccardochiaretti/ros2_eloquent/install/ament_mypy:/home/riccardochiaretti/ros2_eloquent/install/ament_lint_cmake:/home/riccardochiaretti/ros2_eloquent/install/ament_flake8:/home/riccardochiaretti/ros2_eloquent/install/ament_copyright:/home/riccardochiaretti/ros2_eloquent/install/ament_lint:/home/riccardochiaretti/ros2_eloquent/install/ament_index_python:/home/riccardochiaretti/ros2_eloquent/install/ament_cpplint:/home/riccardochiaretti/ros2_eloquent/install/ament_cppcheck:/home/riccardochiaretti/ros2_eloquent/install/ament_clang_tidy:/home/riccardochiaretti/ros2_eloquent/install/ament_clang_format /usr/bin/cmake --build /home/riccardochiaretti/alba_v2_hmi/build/hmi_node -- -j12 -l12
[1.459s] DEBUG:colcon.colcon_core.event_handler.log_command:Invoked command in '/home/riccardochiaretti/alba_v2_hmi/build/hmi_node' returned '0': CMAKE_PREFIX_PATH=${CMAKE_PREFIX_PATH}:/home/riccardochiaretti/ros2_eloquent/install/ros2bag:/home/riccardochiaretti/ros2_eloquent/install/tracetools_launch:/home/riccardochiaretti/ros2_eloquent/install/topic_monitor:/home/riccardochiaretti/ros2_eloquent/install/examples_tf2_py:/home/riccardochiaretti/ros2_eloquent/install/sros2:/home/riccardochiaretti/ros2_eloquent/install/rqt_topic:/home/riccardochiaretti/ros2_eloquent/install/rqt_reconfigure:/home/riccardochiaretti/ros2_eloquent/install/rqt_action:/home/riccardochiaretti/ros2_eloquent/install/rqt:/home/riccardochiaretti/ros2_eloquent/install/rqt_graph:/home/riccardochiaretti/ros2_eloquent/install/rqt_gui_py:/home/riccardochiaretti/ros2_eloquent/install/rqt_gui:/home/riccardochiaretti/ros2_eloquent/install/ros2trace:/home/riccardochiaretti/ros2_eloquent/install/ros2topic:/home/riccardochiaretti/ros2_eloquent/install/ros2test:/home/riccardochiaretti/ros2_eloquent/install/ros2srv:/home/riccardochiaretti/ros2_eloquent/install/ros2component:/home/riccardochiaretti/ros2_eloquent/install/ros2param:/home/riccardochiaretti/ros2_eloquent/install/ros2lifecycle:/home/riccardochiaretti/ros2_eloquent/install/ros2service:/home/riccardochiaretti/ros2_eloquent/install/ros2run:/home/riccardochiaretti/ros2_eloquent/install/ros2launch:/home/riccardochiaretti/ros2_eloquent/install/ros2pkg:/home/riccardochiaretti/ros2_eloquent/install/ros2node:/home/riccardochiaretti/ros2_eloquent/install/ros2multicast:/home/riccardochiaretti/ros2_eloquent/install/ros2msg:/home/riccardochiaretti/ros2_eloquent/install/ros2interface:/home/riccardochiaretti/ros2_eloquent/install/ros2doctor:/home/riccardochiaretti/ros2_eloquent/install/ros2action:/home/riccardochiaretti/ros2_eloquent/install/ros2cli:/home/riccardochiaretti/ros2_eloquent/install/quality_of_service_demo_py:/home/riccardochiaretti/ros2_eloquent/install/launch_testing_ros:/home/riccardochiaretti/ros2_eloquent/install/launch_ros:/home/riccardochiaretti/ros2_eloquent/install/examples_rclpy_minimal_subscriber:/home/riccardochiaretti/ros2_eloquent/install/examples_rclpy_minimal_service:/home/riccardochiaretti/ros2_eloquent/install/examples_rclpy_minimal_publisher:/home/riccardochiaretti/ros2_eloquent/install/examples_rclpy_minimal_client:/home/riccardochiaretti/ros2_eloquent/install/examples_rclpy_minimal_action_server:/home/riccardochiaretti/ros2_eloquent/install/examples_rclpy_minimal_action_client:/home/riccardochiaretti/ros2_eloquent/install/examples_rclpy_executors:/home/riccardochiaretti/ros2_eloquent/install/demo_nodes_py:/home/riccardochiaretti/ros2_eloquent/install/action_tutorials_py:/home/riccardochiaretti/ros2_eloquent/install/ament_uncrustify:/home/riccardochiaretti/ros2_eloquent/install/tracetools_trace:/home/riccardochiaretti/ros2_eloquent/install/tracetools_read:/home/riccardochiaretti/ros2_eloquent/install/test_launch_ros:/home/riccardochiaretti/ros2_eloquent/install/rosidl_runtime_py:/home/riccardochiaretti/ros2_eloquent/install/launch_yaml:/home/riccardochiaretti/ros2_eloquent/install/launch_xml:/home/riccardochiaretti/ros2_eloquent/install/launch_testing:/home/riccardochiaretti/ros2_eloquent/install/launch:/home/riccardochiaretti/ros2_eloquent/install/osrf_pycommon:/home/riccardochiaretti/ros2_eloquent/install/domain_coordinator:/home/riccardochiaretti/ros2_eloquent/install/ament_xmllint:/home/riccardochiaretti/ros2_eloquent/install/ament_pyflakes:/home/riccardochiaretti/ros2_eloquent/install/ament_pep8:/home/riccardochiaretti/ros2_eloquent/install/ament_pep257:/home/riccardochiaretti/ros2_eloquent/install/ament_pclint:/home/riccardochiaretti/ros2_eloquent/install/ament_package:/home/riccardochiaretti/ros2_eloquent/install/ament_mypy:/home/riccardochiaretti/ros2_eloquent/install/ament_lint_cmake:/home/riccardochiaretti/ros2_eloquent/install/ament_flake8:/home/riccardochiaretti/ros2_eloquent/install/ament_copyright:/home/riccardochiaretti/ros2_eloquent/install/ament_lint:/home/riccardochiaretti/ros2_eloquent/install/ament_index_python:/home/riccardochiaretti/ros2_eloquent/install/ament_cpplint:/home/riccardochiaretti/ros2_eloquent/install/ament_cppcheck:/home/riccardochiaretti/ros2_eloquent/install/ament_clang_tidy:/home/riccardochiaretti/ros2_eloquent/install/ament_clang_format /usr/bin/cmake --build /home/riccardochiaretti/alba_v2_hmi/build/hmi_node -- -j12 -l12
[1.534s] DEBUG:colcon.colcon_core.event_handler.log_command:Invoking command in '/home/riccardochiaretti/alba_v2_hmi/build/hmi_node': CMAKE_PREFIX_PATH=${CMAKE_PREFIX_PATH}:/home/riccardochiaretti/ros2_eloquent/install/ros2bag:/home/riccardochiaretti/ros2_eloquent/install/tracetools_launch:/home/riccardochiaretti/ros2_eloquent/install/topic_monitor:/home/riccardochiaretti/ros2_eloquent/install/examples_tf2_py:/home/riccardochiaretti/ros2_eloquent/install/sros2:/home/riccardochiaretti/ros2_eloquent/install/rqt_topic:/home/riccardochiaretti/ros2_eloquent/install/rqt_reconfigure:/home/riccardochiaretti/ros2_eloquent/install/rqt_action:/home/riccardochiaretti/ros2_eloquent/install/rqt:/home/riccardochiaretti/ros2_eloquent/install/rqt_graph:/home/riccardochiaretti/ros2_eloquent/install/rqt_gui_py:/home/riccardochiaretti/ros2_eloquent/install/rqt_gui:/home/riccardochiaretti/ros2_eloquent/install/ros2trace:/home/riccardochiaretti/ros2_eloquent/install/ros2topic:/home/riccardochiaretti/ros2_eloquent/install/ros2test:/home/riccardochiaretti/ros2_eloquent/install/ros2srv:/home/riccardochiaretti/ros2_eloquent/install/ros2component:/home/riccardochiaretti/ros2_eloquent/install/ros2param:/home/riccardochiaretti/ros2_eloquent/install/ros2lifecycle:/home/riccardochiaretti/ros2_eloquent/install/ros2service:/home/riccardochiaretti/ros2_eloquent/install/ros2run:/home/riccardochiaretti/ros2_eloquent/install/ros2launch:/home/riccardochiaretti/ros2_eloquent/install/ros2pkg:/home/riccardochiaretti/ros2_eloquent/install/ros2node:/home/riccardochiaretti/ros2_eloquent/install/ros2multicast:/home/riccardochiaretti/ros2_eloquent/install/ros2msg:/home/riccardochiaretti/ros2_eloquent/install/ros2interface:/home/riccardochiaretti/ros2_eloquent/install/ros2doctor:/home/riccardochiaretti/ros2_eloquent/install/ros2action:/home/riccardochiaretti/ros2_eloquent/install/ros2cli:/home/riccardochiaretti/ros2_eloquent/install/quality_of_service_demo_py:/home/riccardochiaretti/ros2_eloquent/install/launch_testing_ros:/home/riccardochiaretti/ros2_eloquent/install/launch_ros:/home/riccardochiaretti/ros2_eloquent/install/examples_rclpy_minimal_subscriber:/home/riccardochiaretti/ros2_eloquent/install/examples_rclpy_minimal_service:/home/riccardochiaretti/ros2_eloquent/install/examples_rclpy_minimal_publisher:/home/riccardochiaretti/ros2_eloquent/install/examples_rclpy_minimal_client:/home/riccardochiaretti/ros2_eloquent/install/examples_rclpy_minimal_action_server:/home/riccardochiaretti/ros2_eloquent/install/examples_rclpy_minimal_action_client:/home/riccardochiaretti/ros2_eloquent/install/examples_rclpy_executors:/home/riccardochiaretti/ros2_eloquent/install/demo_nodes_py:/home/riccardochiaretti/ros2_eloquent/install/action_tutorials_py:/home/riccardochiaretti/ros2_eloquent/install/ament_uncrustify:/home/riccardochiaretti/ros2_eloquent/install/tracetools_trace:/home/riccardochiaretti/ros2_eloquent/install/tracetools_read:/home/riccardochiaretti/ros2_eloquent/install/test_launch_ros:/home/riccardochiaretti/ros2_eloquent/install/rosidl_runtime_py:/home/riccardochiaretti/ros2_eloquent/install/launch_yaml:/home/riccardochiaretti/ros2_eloquent/install/launch_xml:/home/riccardochiaretti/ros2_eloquent/install/launch_testing:/home/riccardochiaretti/ros2_eloquent/install/launch:/home/riccardochiaretti/ros2_eloquent/install/osrf_pycommon:/home/riccardochiaretti/ros2_eloquent/install/domain_coordinator:/home/riccardochiaretti/ros2_eloquent/install/ament_xmllint:/home/riccardochiaretti/ros2_eloquent/install/ament_pyflakes:/home/riccardochiaretti/ros2_eloquent/install/ament_pep8:/home/riccardochiaretti/ros2_eloquent/install/ament_pep257:/home/riccardochiaretti/ros2_eloquent/install/ament_pclint:/home/riccardochiaretti/ros2_eloquent/install/ament_package:/home/riccardochiaretti/ros2_eloquent/install/ament_mypy:/home/riccardochiaretti/ros2_eloquent/install/ament_lint_cmake:/home/riccardochiaretti/ros2_eloquent/install/ament_flake8:/home/riccardochiaretti/ros2_eloquent/install/ament_copyright:/home/riccardochiaretti/ros2_eloquent/install/ament_lint:/home/riccardochiaretti/ros2_eloquent/install/ament_index_python:/home/riccardochiaretti/ros2_eloquent/install/ament_cpplint:/home/riccardochiaretti/ros2_eloquent/install/ament_cppcheck:/home/riccardochiaretti/ros2_eloquent/install/ament_clang_tidy:/home/riccardochiaretti/ros2_eloquent/install/ament_clang_format /usr/bin/cmake --build /home/riccardochiaretti/alba_v2_hmi/build/hmi_node --target install -- -j12 -l12
[1.710s] Level 1:colcon.colcon_core.environment:create_environment_scripts_only(hmi_node)
[1.711s] DEBUG:colcon.colcon_core.event_handler.log_command:Invoked command in '/home/riccardochiaretti/alba_v2_hmi/build/hmi_node' returned '0': CMAKE_PREFIX_PATH=${CMAKE_PREFIX_PATH}:/home/riccardochiaretti/ros2_eloquent/install/ros2bag:/home/riccardochiaretti/ros2_eloquent/install/tracetools_launch:/home/riccardochiaretti/ros2_eloquent/install/topic_monitor:/home/riccardochiaretti/ros2_eloquent/install/examples_tf2_py:/home/riccardochiaretti/ros2_eloquent/install/sros2:/home/riccardochiaretti/ros2_eloquent/install/rqt_topic:/home/riccardochiaretti/ros2_eloquent/install/rqt_reconfigure:/home/riccardochiaretti/ros2_eloquent/install/rqt_action:/home/riccardochiaretti/ros2_eloquent/install/rqt:/home/riccardochiaretti/ros2_eloquent/install/rqt_graph:/home/riccardochiaretti/ros2_eloquent/install/rqt_gui_py:/home/riccardochiaretti/ros2_eloquent/install/rqt_gui:/home/riccardochiaretti/ros2_eloquent/install/ros2trace:/home/riccardochiaretti/ros2_eloquent/install/ros2topic:/home/riccardochiaretti/ros2_eloquent/install/ros2test:/home/riccardochiaretti/ros2_eloquent/install/ros2srv:/home/riccardochiaretti/ros2_eloquent/install/ros2component:/home/riccardochiaretti/ros2_eloquent/install/ros2param:/home/riccardochiaretti/ros2_eloquent/install/ros2lifecycle:/home/riccardochiaretti/ros2_eloquent/install/ros2service:/home/riccardochiaretti/ros2_eloquent/install/ros2run:/home/riccardochiaretti/ros2_eloquent/install/ros2launch:/home/riccardochiaretti/ros2_eloquent/install/ros2pkg:/home/riccardochiaretti/ros2_eloquent/install/ros2node:/home/riccardochiaretti/ros2_eloquent/install/ros2multicast:/home/riccardochiaretti/ros2_eloquent/install/ros2msg:/home/riccardochiaretti/ros2_eloquent/install/ros2interface:/home/riccardochiaretti/ros2_eloquent/install/ros2doctor:/home/riccardochiaretti/ros2_eloquent/install/ros2action:/home/riccardochiaretti/ros2_eloquent/install/ros2cli:/home/riccardochiaretti/ros2_eloquent/install/quality_of_service_demo_py:/home/riccardochiaretti/ros2_eloquent/install/launch_testing_ros:/home/riccardochiaretti/ros2_eloquent/install/launch_ros:/home/riccardochiaretti/ros2_eloquent/install/examples_rclpy_minimal_subscriber:/home/riccardochiaretti/ros2_eloquent/install/examples_rclpy_minimal_service:/home/riccardochiaretti/ros2_eloquent/install/examples_rclpy_minimal_publisher:/home/riccardochiaretti/ros2_eloquent/install/examples_rclpy_minimal_client:/home/riccardochiaretti/ros2_eloquent/install/examples_rclpy_minimal_action_server:/home/riccardochiaretti/ros2_eloquent/install/examples_rclpy_minimal_action_client:/home/riccardochiaretti/ros2_eloquent/install/examples_rclpy_executors:/home/riccardochiaretti/ros2_eloquent/install/demo_nodes_py:/home/riccardochiaretti/ros2_eloquent/install/action_tutorials_py:/home/riccardochiaretti/ros2_eloquent/install/ament_uncrustify:/home/riccardochiaretti/ros2_eloquent/install/tracetools_trace:/home/riccardochiaretti/ros2_eloquent/install/tracetools_read:/home/riccardochiaretti/ros2_eloquent/install/test_launch_ros:/home/riccardochiaretti/ros2_eloquent/install/rosidl_runtime_py:/home/riccardochiaretti/ros2_eloquent/install/launch_yaml:/home/riccardochiaretti/ros2_eloquent/install/launch_xml:/home/riccardochiaretti/ros2_eloquent/install/launch_testing:/home/riccardochiaretti/ros2_eloquent/install/launch:/home/riccardochiaretti/ros2_eloquent/install/osrf_pycommon:/home/riccardochiaretti/ros2_eloquent/install/domain_coordinator:/home/riccardochiaretti/ros2_eloquent/install/ament_xmllint:/home/riccardochiaretti/ros2_eloquent/install/ament_pyflakes:/home/riccardochiaretti/ros2_eloquent/install/ament_pep8:/home/riccardochiaretti/ros2_eloquent/install/ament_pep257:/home/riccardochiaretti/ros2_eloquent/install/ament_pclint:/home/riccardochiaretti/ros2_eloquent/install/ament_package:/home/riccardochiaretti/ros2_eloquent/install/ament_mypy:/home/riccardochiaretti/ros2_eloquent/install/ament_lint_cmake:/home/riccardochiaretti/ros2_eloquent/install/ament_flake8:/home/riccardochiaretti/ros2_eloquent/install/ament_copyright:/home/riccardochiaretti/ros2_eloquent/install/ament_lint:/home/riccardochiaretti/ros2_eloquent/install/ament_index_python:/home/riccardochiaretti/ros2_eloquent/install/ament_cpplint:/home/riccardochiaretti/ros2_eloquent/install/ament_cppcheck:/home/riccardochiaretti/ros2_eloquent/install/ament_clang_tidy:/home/riccardochiaretti/ros2_eloquent/install/ament_clang_format /usr/bin/cmake --build /home/riccardochiaretti/alba_v2_hmi/build/hmi_node --target install -- -j12 -l12
[1.717s] Level 1:colcon.colcon_core.environment:checking '/home/riccardochiaretti/alba_v2_hmi/install/hmi_node' for CMake module files
[1.718s] Level 1:colcon.colcon_core.environment:checking '/home/riccardochiaretti/alba_v2_hmi/install/hmi_node' for CMake config files
[1.718s] Level 1:colcon.colcon_core.shell:create_environment_hook('hmi_node', 'cmake_prefix_path')
[1.718s] INFO:colcon.colcon_core.shell:Creating environment hook '/home/riccardochiaretti/alba_v2_hmi/install/hmi_node/share/hmi_node/hook/cmake_prefix_path.ps1'
[1.719s] INFO:colcon.colcon_core.shell:Creating environment descriptor '/home/riccardochiaretti/alba_v2_hmi/install/hmi_node/share/hmi_node/hook/cmake_prefix_path.dsv'
[1.720s] INFO:colcon.colcon_core.shell:Creating environment hook '/home/riccardochiaretti/alba_v2_hmi/install/hmi_node/share/hmi_node/hook/cmake_prefix_path.sh'
[1.721s] Level 1:colcon.colcon_core.environment:checking '/home/riccardochiaretti/alba_v2_hmi/install/hmi_node/lib'
[1.721s] Level 1:colcon.colcon_core.environment:checking '/home/riccardochiaretti/alba_v2_hmi/install/hmi_node/bin'
[1.722s] Level 1:colcon.colcon_core.environment:checking '/home/riccardochiaretti/alba_v2_hmi/install/hmi_node/lib/pkgconfig/hmi_node.pc'
[1.722s] Level 1:colcon.colcon_core.environment:checking '/home/riccardochiaretti/alba_v2_hmi/install/hmi_node/lib/python3.6/site-packages'
[1.722s] INFO:colcon.colcon_core.shell:Creating package script '/home/riccardochiaretti/alba_v2_hmi/install/hmi_node/share/hmi_node/package.ps1'
[1.723s] INFO:colcon.colcon_core.shell:Creating package descriptor '/home/riccardochiaretti/alba_v2_hmi/install/hmi_node/share/hmi_node/package.dsv'
[1.724s] INFO:colcon.colcon_core.shell:Creating package script '/home/riccardochiaretti/alba_v2_hmi/install/hmi_node/share/hmi_node/package.sh'
[1.724s] INFO:colcon.colcon_core.shell:Creating package script '/home/riccardochiaretti/alba_v2_hmi/install/hmi_node/share/hmi_node/package.bash'
[1.725s] INFO:colcon.colcon_core.shell:Creating package script '/home/riccardochiaretti/alba_v2_hmi/install/hmi_node/share/hmi_node/package.zsh'
[1.726s] Level 1:colcon.colcon_core.environment:create_file_with_runtime_dependencies(/home/riccardochiaretti/alba_v2_hmi/install/hmi_node/share/colcon-core/packages/hmi_node)
[1.726s] DEBUG:colcon.colcon_parallel_executor.executor.parallel:closing loop
[1.727s] DEBUG:colcon.colcon_parallel_executor.executor.parallel:loop closed
[1.727s] DEBUG:colcon.colcon_parallel_executor.executor.parallel:run_until_complete finished with '0'
[1.727s] DEBUG:colcon.colcon_core.event_reactor:joining thread
[1.738s] INFO:colcon.colcon_core.plugin_system:Skipping extension 'colcon_notification.desktop_notification.terminal_notifier': Not used on non-Darwin systems
[1.738s] INFO:colcon.colcon_core.plugin_system:Skipping extension 'colcon_notification.desktop_notification.win32': Not used on non-Windows systems
[1.738s] INFO:colcon.colcon_notification.desktop_notification:Sending desktop notification using 'notify2'
[1.740s] DEBUG:colcon.colcon_core.event_reactor:joined thread
[1.741s] INFO:colcon.colcon_core.shell:Creating prefix script '/home/riccardochiaretti/alba_v2_hmi/install/local_setup.ps1'
[1.742s] INFO:colcon.colcon_core.shell:Creating prefix util module '/home/riccardochiaretti/alba_v2_hmi/install/_local_setup_util_ps1.py'
[1.743s] INFO:colcon.colcon_core.shell:Creating prefix chain script '/home/riccardochiaretti/alba_v2_hmi/install/setup.ps1'
[1.757s] INFO:colcon.colcon_core.shell:Creating prefix script '/home/riccardochiaretti/alba_v2_hmi/install/local_setup.sh'
[1.757s] INFO:colcon.colcon_core.shell:Creating prefix util module '/home/riccardochiaretti/alba_v2_hmi/install/_local_setup_util_sh.py'
[1.758s] INFO:colcon.colcon_core.shell:Creating prefix chain script '/home/riccardochiaretti/alba_v2_hmi/install/setup.sh'
[1.771s] INFO:colcon.colcon_core.shell:Creating prefix script '/home/riccardochiaretti/alba_v2_hmi/install/local_setup.bash'
[1.772s] INFO:colcon.colcon_core.shell:Creating prefix chain script '/home/riccardochiaretti/alba_v2_hmi/install/setup.bash'
[1.784s] INFO:colcon.colcon_core.shell:Creating prefix script '/home/riccardochiaretti/alba_v2_hmi/install/local_setup.zsh'
[1.785s] INFO:colcon.colcon_core.shell:Creating prefix chain script '/home/riccardochiaretti/alba_v2_hmi/install/setup.zsh'
