[0.074s] -- Found ament_cmake: 0.8.2 (/home/riccardochiaretti/ros2_eloquent/install/ament_cmake/share/ament_cmake/cmake)
[0.417s] -- Found PythonInterp: /usr/bin/python3 (found suitable version "3.6.9", minimum required is "3") 
[0.417s] -- Using PYTHON_EXECUTABLE: /usr/bin/python3
[0.955s] -- Override CMake install command with custom implementation using symlinks instead of copying resources
[1.118s] -- Found rclcpp: 0.8.4 (/home/riccardochiaretti/ros2_eloquent/install/rclcpp/share/rclcpp/cmake)
[1.242s] -- Found rosidl_adapter: 0.8.2 (/home/riccardochiaretti/ros2_eloquent/install/rosidl_adapter/share/rosidl_adapter/cmake)
[1.317s] -- Found rmw_implementation_cmake: 0.8.1 (/home/riccardochiaretti/ros2_eloquent/install/rmw_implementation_cmake/share/rmw_implementation_cmake/cmake)
[1.342s] -- Using RMW implementation 'rmw_fastrtps_cpp' as default
[1.343s] -- Looking for pthread.h
[1.439s] -- Looking for pthread.h - found
[1.439s] -- Looking for pthread_create
[1.535s] -- Looking for pthread_create - not found
[1.536s] -- Looking for pthread_create in pthreads
[1.627s] -- Looking for pthread_create in pthreads - not found
[1.627s] -- Looking for pthread_create in pthread
[1.734s] -- Looking for pthread_create in pthread - found
[1.735s] -- Found Threads: TRUE  
[1.829s] -- Found geometry_msgs: 0.8.1 (/home/riccardochiaretti/ros2_eloquent/install/geometry_msgs/share/geometry_msgs/cmake)
[1.851s] -- Found nav_msgs: 0.8.1 (/home/riccardochiaretti/ros2_eloquent/install/nav_msgs/share/nav_msgs/cmake)
[1.874s] -- Found ament_index_cpp: 0.7.2 (/home/riccardochiaretti/ros2_eloquent/install/ament_index_cpp/share/ament_index_cpp/cmake)
[1.877s] -- Found yaml_cpp_vendor: 7.0.0 (/home/riccardochiaretti/ros2_eloquent/install/yaml_cpp_vendor/share/yaml_cpp_vendor/cmake)
[1.877s] -- Setting yaml-cpp_DIR to: '/home/riccardochiaretti/ros2_eloquent/install/yaml_cpp_vendor/share/yaml_cpp_vendor/cmake/../../../opt/yaml_cpp_vendor/lib/cmake/yaml-cpp'
[1.880s] -- Found tf2_ros: 0.12.5 (/home/riccardochiaretti/ros2_eloquent/install/tf2_ros/share/tf2_ros/cmake)
[2.627s] -- Found ament_lint_auto: 0.8.1 (/home/riccardochiaretti/ros2_eloquent/install/ament_lint_auto/share/ament_lint_auto/cmake)
[3.087s] -- Added test 'copyright' to check for copyright in CMake / C / C++ / Python code
[3.090s] -- Added test 'cppcheck' to perform static code analysis on C / C++ code
[3.091s] -- Configured cppcheck include dirs: 
[3.094s] -- Added test 'cpplint' to check C / C++ code against the Google style
[3.096s] -- Added test 'flake8' to check Python code syntax and style conventions
[3.098s] -- Added test 'lint_cmake' to check CMake code style
[3.101s] -- Added test 'pep257' to check Python code against some of the style conventions in PEP 257
[3.104s] -- Added test 'uncrustify' to check C / C++ code style
[3.106s] -- Added test 'xmllint' to check XML markup files
[3.113s] -- Configuring done
[3.147s] -- Generating done
[3.148s] -- Build files have been written to: /home/riccardochiaretti/alba_v2_hmi/build/hmi_node
[3.225s] [35m[1mScanning dependencies of target hmi_node_server[0m
[3.225s] [35m[1mScanning dependencies of target hmi_node_client[0m
[3.269s] [ 25%] [32mBuilding CXX object CMakeFiles/hmi_node_server.dir/src/server.cpp.o[0m
[3.275s] [ 50%] [32mBuilding CXX object CMakeFiles/hmi_node_client.dir/src/client.cpp.o[0m
[5.255s] [ 75%] [32m[1mLinking CXX executable hmi_node_server[0m
[5.541s] [ 75%] Built target hmi_node_server
[5.944s] [100%] [32m[1mLinking CXX executable hmi_node_client[0m
[6.310s] CMakeFiles/hmi_node_client.dir/build.make:177: recipe for target 'hmi_node_client' failed
[6.310s] CMakeFiles/Makefile2:168: recipe for target 'CMakeFiles/hmi_node_client.dir/all' failed
[6.310s] Makefile:140: recipe for target 'all' failed
