[2.712s] In file included from [01m[K/home/riccardochiaretti/alba_v2_hmi/src/hmi_node/src/main.cpp:2:0[m[K:
[2.712s] [01m[K/home/riccardochiaretti/alba_v2_hmi/src/hmi_node/src/ethernet_primitives.hpp:[m[K In member function ‘[01m[Kvoid EthernetPrimitives::wait_for_data()[m[K’:
[2.712s] [01m[K/home/riccardochiaretti/alba_v2_hmi/src/hmi_node/src/ethernet_primitives.hpp:116:17:[m[K [01;35m[Kwarning: [m[Kunused variable ‘[01m[Kmax_fd[m[K’ [[01;35m[K-Wunused-variable[m[K]
[2.712s]              int [01;35m[Kmax_fd[m[K;
[2.712s]                  [01;35m[K^~~~~~[m[K
[2.712s] In file included from [01m[K/home/riccardochiaretti/alba_v2_hmi/src/hmi_node/src/client.h:3:0[m[K,
[2.712s]                  from [01m[K/home/riccardochiaretti/alba_v2_hmi/src/hmi_node/src/main.cpp:3[m[K:
[2.712s] [01m[K/home/riccardochiaretti/alba_v2_hmi/src/hmi_node/src/communication_primitives.hpp:[m[K At global scope:
[2.712s] [01m[K/home/riccardochiaretti/alba_v2_hmi/src/hmi_node/src/communication_primitives.hpp:4:7:[m[K [01;31m[Kerror: [m[Kredefinition of ‘[01m[Kclass CommunicationPrimitives[m[K’
[2.713s]  class [01;31m[KCommunicationPrimitives[m[K{
[2.713s]        [01;31m[K^~~~~~~~~~~~~~~~~~~~~~~[m[K
[2.713s] In file included from [01m[K/home/riccardochiaretti/alba_v2_hmi/src/hmi_node/src/ethernet_primitives.hpp:1:0[m[K,
[2.713s]                  from [01m[K/home/riccardochiaretti/alba_v2_hmi/src/hmi_node/src/main.cpp:2[m[K:
[2.713s] [01m[K/home/riccardochiaretti/alba_v2_hmi/src/hmi_node/src/communication_primitives.hpp:4:7:[m[K [01;36m[Knote: [m[Kprevious definition of ‘[01m[Kclass CommunicationPrimitives[m[K’
[2.713s]  class [01;36m[KCommunicationPrimitives[m[K{
[2.713s]        [01;36m[K^~~~~~~~~~~~~~~~~~~~~~~[m[K
[2.713s] [01m[K/home/riccardochiaretti/alba_v2_hmi/src/hmi_node/src/main.cpp:[m[K In function ‘[01m[Kint main(int, char**)[m[K’:
[2.713s] [01m[K/home/riccardochiaretti/alba_v2_hmi/src/hmi_node/src/main.cpp:15:25:[m[K [01;35m[Kwarning: [m[Kunused variable ‘[01m[Kh[m[K’ [[01;35m[K-Wunused-variable[m[K]
[2.713s]      EthernetPrimitives *[01;35m[Kh[m[K = new EthernetPrimitives();
[2.714s]                          [01;35m[K^[m[K
[3.007s] make[2]: *** [CMakeFiles/hmi_node.dir/src/main.cpp.o] Error 1
[3.008s] make[1]: *** [CMakeFiles/hmi_node.dir/all] Error 2
[3.008s] make: *** [all] Error 2
