[0.122s] [35m[1mScanning dependencies of target hmi_node_client[0m
[0.140s] [ 33%] Built target lib
[0.162s] [35m[1mScanning dependencies of target hmi_node_server[0m
[0.167s] [ 50%] [32mBuilding CXX object CMakeFiles/hmi_node_client.dir/src/client.cpp.o[0m
[0.201s] [ 66%] [32mBuilding CXX object CMakeFiles/hmi_node_server.dir/src/server.cpp.o[0m
[1.416s] [01m[K/home/riccardochiaretti/alba_v2_hmi/src/hmi_node/src/server.cpp:[m[K In function ‘[01m[Kint main(int, char**)[m[K’:
[1.416s] [01m[K/home/riccardochiaretti/alba_v2_hmi/src/hmi_node/src/server.cpp:204:13:[m[K [01;35m[Kwarning: [m[Kunused variable ‘[01m[Ks[m[K’ [[01;35m[K-Wunused-variable[m[K]
[1.416s]      Server *[01;35m[Ks[m[K = new Server();
[1.417s]              [01;35m[K^[m[K
[3.056s] [ 83%] [32m[1mLinking CXX executable hmi_node_client[0m
[3.227s] [100%] [32m[1mLinking CXX executable hmi_node_server[0m
[3.445s] [100%] Built target hmi_node_client
[3.577s] [100%] Built target hmi_node_server
[3.777s] [ 33%] Built target lib
[3.790s] [ 66%] Built target hmi_node_client
[3.824s] [100%] Built target hmi_node_server
[3.859s] [36mInstall the project...[0m
[3.875s] -- Install configuration: ""
[3.876s] -- Execute custom install script
[3.876s] -- Up-to-date symlink: /home/riccardochiaretti/alba_v2_hmi/install/hmi_node/lib/hmi_node/hmi_node_server
[3.876s] -- Up-to-date symlink: /home/riccardochiaretti/alba_v2_hmi/install/hmi_node/lib/hmi_node/hmi_node_client
[3.877s] -- Up-to-date symlink: /home/riccardochiaretti/alba_v2_hmi/install/hmi_node/share/hmi_node//launch/hmi_node_launch.launch.py
[3.877s] -- Up-to-date symlink: /home/riccardochiaretti/alba_v2_hmi/install/hmi_node/share/ament_index/resource_index/package_run_dependencies/hmi_node
[3.877s] -- Up-to-date symlink: /home/riccardochiaretti/alba_v2_hmi/install/hmi_node/share/ament_index/resource_index/parent_prefix_path/hmi_node
[3.877s] -- Up-to-date symlink: /home/riccardochiaretti/alba_v2_hmi/install/hmi_node/share/hmi_node/environment/ament_prefix_path.sh
[3.878s] -- Up-to-date symlink: /home/riccardochiaretti/alba_v2_hmi/install/hmi_node/share/hmi_node/environment/ament_prefix_path.dsv
[3.878s] -- Up-to-date symlink: /home/riccardochiaretti/alba_v2_hmi/install/hmi_node/share/hmi_node/environment/path.sh
[3.878s] -- Up-to-date symlink: /home/riccardochiaretti/alba_v2_hmi/install/hmi_node/share/hmi_node/environment/path.dsv
[3.878s] -- Up-to-date symlink: /home/riccardochiaretti/alba_v2_hmi/install/hmi_node/share/hmi_node/local_setup.bash
[3.878s] -- Up-to-date symlink: /home/riccardochiaretti/alba_v2_hmi/install/hmi_node/share/hmi_node/local_setup.sh
[3.879s] -- Up-to-date symlink: /home/riccardochiaretti/alba_v2_hmi/install/hmi_node/share/hmi_node/local_setup.zsh
[3.879s] -- Up-to-date symlink: /home/riccardochiaretti/alba_v2_hmi/install/hmi_node/share/hmi_node/local_setup.dsv
[3.879s] -- Symlinking: /home/riccardochiaretti/alba_v2_hmi/install/hmi_node/share/hmi_node/package.dsv
[3.895s] -- Up-to-date symlink: /home/riccardochiaretti/alba_v2_hmi/install/hmi_node/share/ament_index/resource_index/packages/hmi_node
[3.895s] -- Up-to-date symlink: /home/riccardochiaretti/alba_v2_hmi/install/hmi_node/share/hmi_node/cmake/hmi_nodeConfig.cmake
[3.895s] -- Up-to-date symlink: /home/riccardochiaretti/alba_v2_hmi/install/hmi_node/share/hmi_node/cmake/hmi_nodeConfig-version.cmake
[3.895s] -- Up-to-date symlink: /home/riccardochiaretti/alba_v2_hmi/install/hmi_node/share/hmi_node/package.xml
