[2.573s] In file included from [01m[K/home/riccardochiaretti/alba_v2_hmi/src/hmi_node/src/main.cpp:2:0[m[K:
[2.573s] [01m[K/home/riccardochiaretti/alba_v2_hmi/src/hmi_node/src/ethernet_primitives.hpp:[m[K In member function ‘[01m[Kint EthernetPrimitives::open_socket_client()[m[K’:
[2.573s] [01m[K/home/riccardochiaretti/alba_v2_hmi/src/hmi_node/src/ethernet_primitives.hpp:128:18:[m[K [01;31m[Kerror: [m[K‘[01m[Ksock[m[K’ was not declared in this scope
[2.573s]              if (([01;31m[Ksock[m[K = socket(AF_INET, SOCK_STREAM, 0)) < 0)
[2.573s]                   [01;31m[K^~~~[m[K
[2.573s] [01m[K/home/riccardochiaretti/alba_v2_hmi/src/hmi_node/src/ethernet_primitives.hpp:128:18:[m[K [01;36m[Knote: [m[Ksuggested alternative: ‘[01m[Klockf[m[K’
[2.573s]              if (([01;36m[Ksock[m[K = socket(AF_INET, SOCK_STREAM, 0)) < 0)
[2.574s]                   [01;36m[K^~~~[m[K
[2.574s]                   [32m[Klockf[m[K
[2.574s] [01m[K/home/riccardochiaretti/alba_v2_hmi/src/hmi_node/src/ethernet_primitives.hpp:145:25:[m[K [01;31m[Kerror: [m[K‘[01m[Ksock[m[K’ was not declared in this scope
[2.574s]              if (connect([01;31m[Ksock[m[K, (struct sockaddr *)&serv_addr, sizeof(serv_addr)) < 0)
[2.574s]                          [01;31m[K^~~~[m[K
[2.574s] [01m[K/home/riccardochiaretti/alba_v2_hmi/src/hmi_node/src/ethernet_primitives.hpp:145:25:[m[K [01;36m[Knote: [m[Ksuggested alternative: ‘[01m[Klockf[m[K’
[2.574s]              if (connect([01;36m[Ksock[m[K, (struct sockaddr *)&serv_addr, sizeof(serv_addr)) < 0)
[2.574s]                          [01;36m[K^~~~[m[K
[2.574s]                          [32m[Klockf[m[K
[2.575s] [01m[K/home/riccardochiaretti/alba_v2_hmi/src/hmi_node/src/ethernet_primitives.hpp:151:18:[m[K [01;31m[Kerror: [m[K‘[01m[Ksock[m[K’ was not declared in this scope
[2.575s]              send([01;31m[Ksock[m[K , hello , strlen(hello) , 0 );
[2.575s]                   [01;31m[K^~~~[m[K
[2.575s] [01m[K/home/riccardochiaretti/alba_v2_hmi/src/hmi_node/src/ethernet_primitives.hpp:151:18:[m[K [01;36m[Knote: [m[Ksuggested alternative: ‘[01m[Klockf[m[K’
[2.575s]              send([01;36m[Ksock[m[K , hello , strlen(hello) , 0 );
[2.575s]                   [01;36m[K^~~~[m[K
[2.575s]                   [32m[Klockf[m[K
[2.575s] [01m[K/home/riccardochiaretti/alba_v2_hmi/src/hmi_node/src/ethernet_primitives.hpp:151:25:[m[K [01;31m[Kerror: [m[K‘[01m[Khello[m[K’ was not declared in this scope
[2.575s]              send(sock , [01;31m[Khello[m[K , strlen(hello) , 0 );
[2.575s]                          [01;31m[K^~~~~[m[K
[2.575s] [01m[K/home/riccardochiaretti/alba_v2_hmi/src/hmi_node/src/ethernet_primitives.hpp:151:25:[m[K [01;36m[Knote: [m[Ksuggested alternative: ‘[01m[Kftello[m[K’
[2.575s]              send(sock , [01;36m[Khello[m[K , strlen(hello) , 0 );
[2.575s]                          [01;36m[K^~~~~[m[K
[2.575s]                          [32m[Kftello[m[K
[2.576s] [01m[K/home/riccardochiaretti/alba_v2_hmi/src/hmi_node/src/main.cpp:[m[K In function ‘[01m[Kint main(int, char**)[m[K’:
[2.576s] [01m[K/home/riccardochiaretti/alba_v2_hmi/src/hmi_node/src/main.cpp:7:25:[m[K [01;35m[Kwarning: [m[Kunused variable ‘[01m[Kh[m[K’ [[01;35m[K-Wunused-variable[m[K]
[2.576s]      EthernetPrimitives *[01;35m[Kh[m[K = new EthernetPrimitives();
[2.576s]                          [01;35m[K^[m[K
[2.843s] In file included from [01m[K/home/riccardochiaretti/alba_v2_hmi/src/hmi_node/src/main.cpp:2:0[m[K:
[2.843s] [01m[K/home/riccardochiaretti/alba_v2_hmi/src/hmi_node/src/ethernet_primitives.hpp:[m[K In member function ‘[01m[Kint EthernetPrimitives::init_server_socket()[m[K’:
[2.843s] [01m[K/home/riccardochiaretti/alba_v2_hmi/src/hmi_node/src/ethernet_primitives.hpp:70:9:[m[K [01;35m[Kwarning: [m[Kcontrol reaches end of non-void function [[01;35m[K-Wreturn-type[m[K]
[2.843s]          [01;35m[K}[m[K
[2.843s]          [01;35m[K^[m[K
[2.856s] make[2]: *** [CMakeFiles/hmi_node.dir/src/main.cpp.o] Error 1
[2.856s] make[1]: *** [CMakeFiles/hmi_node.dir/all] Error 2
[2.856s] make: *** [all] Error 2
