[0.081s] -- Found ament_cmake: 0.8.2 (/home/riccardochiaretti/ros2_eloquent/install/ament_cmake/share/ament_cmake/cmake)
[0.405s] -- Using PYTHON_EXECUTABLE: /usr/bin/python3
[0.948s] -- Override CMake install command with custom implementation using symlinks instead of copying resources
[0.958s] -- Found rclcpp: 0.8.4 (/home/riccardochiaretti/ros2_eloquent/install/rclcpp/share/rclcpp/cmake)
[1.001s] -- Found rosidl_adapter: 0.8.2 (/home/riccardochiaretti/ros2_eloquent/install/rosidl_adapter/share/rosidl_adapter/cmake)
[1.021s] -- Found rmw_implementation_cmake: 0.8.1 (/home/riccardochiaretti/ros2_eloquent/install/rmw_implementation_cmake/share/rmw_implementation_cmake/cmake)
[1.046s] -- Using RMW implementation 'rmw_fastrtps_cpp' as default
[1.079s] -- Found geometry_msgs: 0.8.1 (/home/riccardochiaretti/ros2_eloquent/install/geometry_msgs/share/geometry_msgs/cmake)
[1.345s] -- Found ament_lint_auto: 0.8.1 (/home/riccardochiaretti/ros2_eloquent/install/ament_lint_auto/share/ament_lint_auto/cmake)
[1.721s] -- Added test 'copyright' to check for copyright in CMake / C / C++ / Python code
[1.722s] -- Added test 'cppcheck' to perform static code analysis on C / C++ code
[1.722s] -- Configured cppcheck include dirs: 
[1.723s] -- Added test 'cpplint' to check C / C++ code against the Google style
[1.723s] -- Added test 'lint_cmake' to check CMake code style
[1.724s] -- Added test 'uncrustify' to check C / C++ code style
[1.724s] -- Added test 'xmllint' to check XML markup files
[1.727s] -- Configuring done
[1.747s] -- Generating done
[1.748s] -- Build files have been written to: /home/riccardochiaretti/alba_v2_hmi/build/hmi_node
[1.788s] [35m[1mScanning dependencies of target hmi_node[0m
[1.823s] [ 50%] [32mBuilding CXX object CMakeFiles/hmi_node.dir/src/main.cpp.o[0m
[2.856s] CMakeFiles/hmi_node.dir/build.make:62: recipe for target 'CMakeFiles/hmi_node.dir/src/main.cpp.o' failed
[2.856s] CMakeFiles/Makefile2:131: recipe for target 'CMakeFiles/hmi_node.dir/all' failed
[2.856s] Makefile:140: recipe for target 'all' failed
