[0.081s] -- Found ament_cmake: 0.8.2 (/home/riccardochiaretti/ros2_eloquent/install/ament_cmake/share/ament_cmake/cmake)
[0.405s] -- Using PYTHON_EXECUTABLE: /usr/bin/python3
[0.948s] -- Override CMake install command with custom implementation using symlinks instead of copying resources
[0.958s] -- Found rclcpp: 0.8.4 (/home/riccardochiaretti/ros2_eloquent/install/rclcpp/share/rclcpp/cmake)
[1.001s] -- Found rosidl_adapter: 0.8.2 (/home/riccardochiaretti/ros2_eloquent/install/rosidl_adapter/share/rosidl_adapter/cmake)
[1.021s] -- Found rmw_implementation_cmake: 0.8.1 (/home/riccardochiaretti/ros2_eloquent/install/rmw_implementation_cmake/share/rmw_implementation_cmake/cmake)
[1.046s] -- Using RMW implementation 'rmw_fastrtps_cpp' as default
[1.079s] -- Found geometry_msgs: 0.8.1 (/home/riccardochiaretti/ros2_eloquent/install/geometry_msgs/share/geometry_msgs/cmake)
[1.345s] -- Found ament_lint_auto: 0.8.1 (/home/riccardochiaretti/ros2_eloquent/install/ament_lint_auto/share/ament_lint_auto/cmake)
[1.721s] -- Added test 'copyright' to check for copyright in CMake / C / C++ / Python code
[1.722s] -- Added test 'cppcheck' to perform static code analysis on C / C++ code
[1.722s] -- Configured cppcheck include dirs: 
[1.723s] -- Added test 'cpplint' to check C / C++ code against the Google style
[1.723s] -- Added test 'lint_cmake' to check CMake code style
[1.724s] -- Added test 'uncrustify' to check C / C++ code style
[1.724s] -- Added test 'xmllint' to check XML markup files
[1.727s] -- Configuring done
[1.747s] -- Generating done
[1.748s] -- Build files have been written to: /home/riccardochiaretti/alba_v2_hmi/build/hmi_node
[1.788s] [35m[1mScanning dependencies of target hmi_node[0m
[1.823s] [ 50%] [32mBuilding CXX object CMakeFiles/hmi_node.dir/src/main.cpp.o[0m
[2.573s] In file included from [01m[K/home/riccardochiaretti/alba_v2_hmi/src/hmi_node/src/main.cpp:2:0[m[K:
[2.573s] [01m[K/home/riccardochiaretti/alba_v2_hmi/src/hmi_node/src/ethernet_primitives.hpp:[m[K In member function ‘[01m[Kint EthernetPrimitives::open_socket_client()[m[K’:
[2.573s] [01m[K/home/riccardochiaretti/alba_v2_hmi/src/hmi_node/src/ethernet_primitives.hpp:128:18:[m[K [01;31m[Kerror: [m[K‘[01m[Ksock[m[K’ was not declared in this scope
[2.573s]              if (([01;31m[Ksock[m[K = socket(AF_INET, SOCK_STREAM, 0)) < 0)
[2.573s]                   [01;31m[K^~~~[m[K
[2.573s] [01m[K/home/riccardochiaretti/alba_v2_hmi/src/hmi_node/src/ethernet_primitives.hpp:128:18:[m[K [01;36m[Knote: [m[Ksuggested alternative: ‘[01m[Klockf[m[K’
[2.573s]              if (([01;36m[Ksock[m[K = socket(AF_INET, SOCK_STREAM, 0)) < 0)
[2.574s]                   [01;36m[K^~~~[m[K
[2.574s]                   [32m[Klockf[m[K
[2.574s] [01m[K/home/riccardochiaretti/alba_v2_hmi/src/hmi_node/src/ethernet_primitives.hpp:145:25:[m[K [01;31m[Kerror: [m[K‘[01m[Ksock[m[K’ was not declared in this scope
[2.574s]              if (connect([01;31m[Ksock[m[K, (struct sockaddr *)&serv_addr, sizeof(serv_addr)) < 0)
[2.574s]                          [01;31m[K^~~~[m[K
[2.574s] [01m[K/home/riccardochiaretti/alba_v2_hmi/src/hmi_node/src/ethernet_primitives.hpp:145:25:[m[K [01;36m[Knote: [m[Ksuggested alternative: ‘[01m[Klockf[m[K’
[2.574s]              if (connect([01;36m[Ksock[m[K, (struct sockaddr *)&serv_addr, sizeof(serv_addr)) < 0)
[2.574s]                          [01;36m[K^~~~[m[K
[2.574s]                          [32m[Klockf[m[K
[2.575s] [01m[K/home/riccardochiaretti/alba_v2_hmi/src/hmi_node/src/ethernet_primitives.hpp:151:18:[m[K [01;31m[Kerror: [m[K‘[01m[Ksock[m[K’ was not declared in this scope
[2.575s]              send([01;31m[Ksock[m[K , hello , strlen(hello) , 0 );
[2.575s]                   [01;31m[K^~~~[m[K
[2.575s] [01m[K/home/riccardochiaretti/alba_v2_hmi/src/hmi_node/src/ethernet_primitives.hpp:151:18:[m[K [01;36m[Knote: [m[Ksuggested alternative: ‘[01m[Klockf[m[K’
[2.575s]              send([01;36m[Ksock[m[K , hello , strlen(hello) , 0 );
[2.575s]                   [01;36m[K^~~~[m[K
[2.575s]                   [32m[Klockf[m[K
[2.575s] [01m[K/home/riccardochiaretti/alba_v2_hmi/src/hmi_node/src/ethernet_primitives.hpp:151:25:[m[K [01;31m[Kerror: [m[K‘[01m[Khello[m[K’ was not declared in this scope
[2.575s]              send(sock , [01;31m[Khello[m[K , strlen(hello) , 0 );
[2.575s]                          [01;31m[K^~~~~[m[K
[2.575s] [01m[K/home/riccardochiaretti/alba_v2_hmi/src/hmi_node/src/ethernet_primitives.hpp:151:25:[m[K [01;36m[Knote: [m[Ksuggested alternative: ‘[01m[Kftello[m[K’
[2.575s]              send(sock , [01;36m[Khello[m[K , strlen(hello) , 0 );
[2.575s]                          [01;36m[K^~~~~[m[K
[2.575s]                          [32m[Kftello[m[K
[2.576s] [01m[K/home/riccardochiaretti/alba_v2_hmi/src/hmi_node/src/main.cpp:[m[K In function ‘[01m[Kint main(int, char**)[m[K’:
[2.576s] [01m[K/home/riccardochiaretti/alba_v2_hmi/src/hmi_node/src/main.cpp:7:25:[m[K [01;35m[Kwarning: [m[Kunused variable ‘[01m[Kh[m[K’ [[01;35m[K-Wunused-variable[m[K]
[2.576s]      EthernetPrimitives *[01;35m[Kh[m[K = new EthernetPrimitives();
[2.576s]                          [01;35m[K^[m[K
[2.843s] In file included from [01m[K/home/riccardochiaretti/alba_v2_hmi/src/hmi_node/src/main.cpp:2:0[m[K:
[2.843s] [01m[K/home/riccardochiaretti/alba_v2_hmi/src/hmi_node/src/ethernet_primitives.hpp:[m[K In member function ‘[01m[Kint EthernetPrimitives::init_server_socket()[m[K’:
[2.843s] [01m[K/home/riccardochiaretti/alba_v2_hmi/src/hmi_node/src/ethernet_primitives.hpp:70:9:[m[K [01;35m[Kwarning: [m[Kcontrol reaches end of non-void function [[01;35m[K-Wreturn-type[m[K]
[2.843s]          [01;35m[K}[m[K
[2.843s]          [01;35m[K^[m[K
[2.856s] CMakeFiles/hmi_node.dir/build.make:62: recipe for target 'CMakeFiles/hmi_node.dir/src/main.cpp.o' failed
[2.856s] CMakeFiles/Makefile2:131: recipe for target 'CMakeFiles/hmi_node.dir/all' failed
[2.856s] Makefile:140: recipe for target 'all' failed
[2.856s] make[2]: *** [CMakeFiles/hmi_node.dir/src/main.cpp.o] Error 1
[2.856s] make[1]: *** [CMakeFiles/hmi_node.dir/all] Error 2
[2.856s] make: *** [all] Error 2
