[0.080s] -- Found ament_cmake: 0.8.2 (/home/riccardochiaretti/ros2_eloquent/install/ament_cmake/share/ament_cmake/cmake)
[0.389s] -- Using PYTHON_EXECUTABLE: /usr/bin/python3
[0.916s] -- Override CMake install command with custom implementation using symlinks instead of copying resources
[0.921s] -- Found rclcpp: 0.8.4 (/home/riccardochiaretti/ros2_eloquent/install/rclcpp/share/rclcpp/cmake)
[0.964s] -- Found rosidl_adapter: 0.8.2 (/home/riccardochiaretti/ros2_eloquent/install/rosidl_adapter/share/rosidl_adapter/cmake)
[0.984s] -- Found rmw_implementation_cmake: 0.8.1 (/home/riccardochiaretti/ros2_eloquent/install/rmw_implementation_cmake/share/rmw_implementation_cmake/cmake)
[1.008s] -- Using RMW implementation 'rmw_fastrtps_cpp' as default
[1.034s] -- Found geometry_msgs: 0.8.1 (/home/riccardochiaretti/ros2_eloquent/install/geometry_msgs/share/geometry_msgs/cmake)
[1.044s] -- Found tf2_geometry_msgs: 0.12.5 (/home/riccardochiaretti/ros2_eloquent/install/tf2_geometry_msgs/share/tf2_geometry_msgs/cmake)
[1.127s] -- Found nav_msgs: 0.8.1 (/home/riccardochiaretti/ros2_eloquent/install/nav_msgs/share/nav_msgs/cmake)
[1.136s] -- Found ament_index_cpp: 0.7.2 (/home/riccardochiaretti/ros2_eloquent/install/ament_index_cpp/share/ament_index_cpp/cmake)
[1.138s] -- Found yaml_cpp_vendor: 7.0.0 (/home/riccardochiaretti/ros2_eloquent/install/yaml_cpp_vendor/share/yaml_cpp_vendor/cmake)
[1.138s] -- Setting yaml-cpp_DIR to: '/home/riccardochiaretti/ros2_eloquent/install/yaml_cpp_vendor/share/yaml_cpp_vendor/cmake/../../../opt/yaml_cpp_vendor/lib/cmake/yaml-cpp'
[1.839s] -- Found ament_lint_auto: 0.8.1 (/home/riccardochiaretti/ros2_eloquent/install/ament_lint_auto/share/ament_lint_auto/cmake)
[2.200s] -- Added test 'copyright' to check for copyright in CMake / C / C++ / Python code
[2.201s] -- Added test 'cppcheck' to perform static code analysis on C / C++ code
[2.202s] -- Configured cppcheck include dirs: 
[2.202s] -- Added test 'cpplint' to check C / C++ code against the Google style
[2.203s] -- Added test 'flake8' to check Python code syntax and style conventions
[2.203s] -- Added test 'lint_cmake' to check CMake code style
[2.204s] -- Added test 'pep257' to check Python code against some of the style conventions in PEP 257
[2.204s] -- Added test 'uncrustify' to check C / C++ code style
[2.205s] -- Added test 'xmllint' to check XML markup files
[2.207s] -- Configuring done
[2.239s] -- Generating done
[2.240s] -- Build files have been written to: /home/riccardochiaretti/alba_v2_hmi/build/hmi_node
[2.281s] [35m[1mScanning dependencies of target hmi_node_client[0m
[2.306s] [ 50%] Built target hmi_node_server
[2.326s] [ 75%] [32mBuilding CXX object CMakeFiles/hmi_node_client.dir/src/client.cpp.o[0m
[4.934s] [100%] [32m[1mLinking CXX executable hmi_node_client[0m
[5.332s] [100%] Built target hmi_node_client
[5.532s] [ 50%] Built target hmi_node_server
[5.532s] [100%] Built target hmi_node_client
[5.567s] [36mInstall the project...[0m
[5.582s] -- Install configuration: ""
[5.583s] -- Execute custom install script
[5.583s] -- Symlinking: /home/riccardochiaretti/alba_v2_hmi/install/hmi_node/lib/hmi_node/hmi_node_server
[5.599s] -- Symlinking: /home/riccardochiaretti/alba_v2_hmi/install/hmi_node/lib/hmi_node/hmi_node_client
[5.615s] -- Symlinking: /home/riccardochiaretti/alba_v2_hmi/install/hmi_node/share/hmi_node//launch/hmi_node_launch.launch.py
[5.631s] -- Symlinking: /home/riccardochiaretti/alba_v2_hmi/install/hmi_node/share/ament_index/resource_index/package_run_dependencies/hmi_node
[5.647s] -- Symlinking: /home/riccardochiaretti/alba_v2_hmi/install/hmi_node/share/ament_index/resource_index/parent_prefix_path/hmi_node
[5.663s] -- Symlinking: /home/riccardochiaretti/alba_v2_hmi/install/hmi_node/share/hmi_node/environment/ament_prefix_path.sh
[5.679s] -- Symlinking: /home/riccardochiaretti/alba_v2_hmi/install/hmi_node/share/hmi_node/environment/ament_prefix_path.dsv
[5.694s] -- Symlinking: /home/riccardochiaretti/alba_v2_hmi/install/hmi_node/share/hmi_node/environment/path.sh
[5.710s] -- Symlinking: /home/riccardochiaretti/alba_v2_hmi/install/hmi_node/share/hmi_node/environment/path.dsv
[5.726s] -- Symlinking: /home/riccardochiaretti/alba_v2_hmi/install/hmi_node/share/hmi_node/local_setup.bash
[5.741s] -- Symlinking: /home/riccardochiaretti/alba_v2_hmi/install/hmi_node/share/hmi_node/local_setup.sh
[5.757s] -- Symlinking: /home/riccardochiaretti/alba_v2_hmi/install/hmi_node/share/hmi_node/local_setup.zsh
[5.772s] -- Symlinking: /home/riccardochiaretti/alba_v2_hmi/install/hmi_node/share/hmi_node/local_setup.dsv
[5.788s] -- Symlinking: /home/riccardochiaretti/alba_v2_hmi/install/hmi_node/share/hmi_node/package.dsv
[5.804s] -- Symlinking: /home/riccardochiaretti/alba_v2_hmi/install/hmi_node/share/ament_index/resource_index/packages/hmi_node
[5.820s] -- Symlinking: /home/riccardochiaretti/alba_v2_hmi/install/hmi_node/share/hmi_node/cmake/hmi_nodeConfig.cmake
[5.835s] -- Symlinking: /home/riccardochiaretti/alba_v2_hmi/install/hmi_node/share/hmi_node/cmake/hmi_nodeConfig-version.cmake
[5.851s] -- Symlinking: /home/riccardochiaretti/alba_v2_hmi/install/hmi_node/share/hmi_node/package.xml
