Determining if the pthread_create exist failed with the following output:
Change Dir: /home/riccardochiaretti/alba_v2_hmi/src/build-hmi_node-Desktop-Debug/CMakeFiles/CMakeTmp

Run Build Command:"/usr/bin/make" "cmTC_dd8db/fast"
/usr/bin/make -f CMakeFiles/cmTC_dd8db.dir/build.make CMakeFiles/cmTC_dd8db.dir/build
make[1]: Entering directory '/home/riccardochiaretti/alba_v2_hmi/src/build-hmi_node-Desktop-Debug/CMakeFiles/CMakeTmp'
Building C object CMakeFiles/cmTC_dd8db.dir/CheckSymbolExists.c.o
/usr/bin/gcc    -o CMakeFiles/cmTC_dd8db.dir/CheckSymbolExists.c.o   -c /home/riccardochiaretti/alba_v2_hmi/src/build-hmi_node-Desktop-Debug/CMakeFiles/CMakeTmp/CheckSymbolExists.c
Linking C executable cmTC_dd8db
/usr/bin/cmake -E cmake_link_script CMakeFiles/cmTC_dd8db.dir/link.txt --verbose=1
/usr/bin/gcc      CMakeFiles/cmTC_dd8db.dir/CheckSymbolExists.c.o  -o cmTC_dd8db 
CMakeFiles/cmTC_dd8db.dir/CheckSymbolExists.c.o: In function `main':
CheckSymbolExists.c:(.text+0x1b): undefined reference to `pthread_create'
collect2: error: ld returned 1 exit status
CMakeFiles/cmTC_dd8db.dir/build.make:97: recipe for target 'cmTC_dd8db' failed
make[1]: *** [cmTC_dd8db] Error 1
make[1]: Leaving directory '/home/riccardochiaretti/alba_v2_hmi/src/build-hmi_node-Desktop-Debug/CMakeFiles/CMakeTmp'
Makefile:126: recipe for target 'cmTC_dd8db/fast' failed
make: *** [cmTC_dd8db/fast] Error 2

File /home/riccardochiaretti/alba_v2_hmi/src/build-hmi_node-Desktop-Debug/CMakeFiles/CMakeTmp/CheckSymbolExists.c:
/* */
#include <pthread.h>

int main(int argc, char** argv)
{
  (void)argv;
#ifndef pthread_create
  return ((int*)(&pthread_create))[argc];
#else
  (void)argc;
  return 0;
#endif
}

Determining if the function pthread_create exists in the pthreads failed with the following output:
Change Dir: /home/riccardochiaretti/alba_v2_hmi/src/build-hmi_node-Desktop-Debug/CMakeFiles/CMakeTmp

Run Build Command:"/usr/bin/make" "cmTC_3869c/fast"
/usr/bin/make -f CMakeFiles/cmTC_3869c.dir/build.make CMakeFiles/cmTC_3869c.dir/build
make[1]: Entering directory '/home/riccardochiaretti/alba_v2_hmi/src/build-hmi_node-Desktop-Debug/CMakeFiles/CMakeTmp'
Building C object CMakeFiles/cmTC_3869c.dir/CheckFunctionExists.c.o
/usr/bin/gcc   -DCHECK_FUNCTION_EXISTS=pthread_create   -o CMakeFiles/cmTC_3869c.dir/CheckFunctionExists.c.o   -c /usr/share/cmake-3.10/Modules/CheckFunctionExists.c
Linking C executable cmTC_3869c
/usr/bin/cmake -E cmake_link_script CMakeFiles/cmTC_3869c.dir/link.txt --verbose=1
/usr/bin/gcc  -DCHECK_FUNCTION_EXISTS=pthread_create    CMakeFiles/cmTC_3869c.dir/CheckFunctionExists.c.o  -o cmTC_3869c -lpthreads 
/usr/bin/ld: cannot find -lpthreads
collect2: error: ld returned 1 exit status
CMakeFiles/cmTC_3869c.dir/build.make:97: recipe for target 'cmTC_3869c' failed
make[1]: *** [cmTC_3869c] Error 1
make[1]: Leaving directory '/home/riccardochiaretti/alba_v2_hmi/src/build-hmi_node-Desktop-Debug/CMakeFiles/CMakeTmp'
Makefile:126: recipe for target 'cmTC_3869c/fast' failed
make: *** [cmTC_3869c/fast] Error 2


