[0.078s] -- Found ament_cmake: 0.8.2 (/home/riccardochiaretti/ros2_eloquent/install/ament_cmake/share/ament_cmake/cmake)
[0.457s] -- Using PYTHON_EXECUTABLE: /usr/bin/python3
[1.079s] -- Override CMake install command with custom implementation using symlinks instead of copying resources
[1.089s] -- Found rclcpp: 0.8.4 (/home/riccardochiaretti/ros2_eloquent/install/rclcpp/share/rclcpp/cmake)
[1.141s] -- Found rosidl_adapter: 0.8.2 (/home/riccardochiaretti/ros2_eloquent/install/rosidl_adapter/share/rosidl_adapter/cmake)
[1.164s] -- Found rmw_implementation_cmake: 0.8.1 (/home/riccardochiaretti/ros2_eloquent/install/rmw_implementation_cmake/share/rmw_implementation_cmake/cmake)
[1.194s] -- Using RMW implementation 'rmw_fastrtps_cpp' as default
[1.499s] -- Found ament_lint_auto: 0.8.1 (/home/riccardochiaretti/ros2_eloquent/install/ament_lint_auto/share/ament_lint_auto/cmake)
[2.067s] -- Added test 'copyright' to check for copyright in CMake / C / C++ / Python code
[2.074s] -- Added test 'cppcheck' to perform static code analysis on C / C++ code
[2.075s] -- Configured cppcheck include dirs: 
[2.081s] -- Added test 'cpplint' to check C / C++ code against the Google style
[2.088s] -- Added test 'lint_cmake' to check CMake code style
[2.093s] -- Added test 'uncrustify' to check C / C++ code style
[2.097s] -- Added test 'xmllint' to check XML markup files
[2.109s] -- Configuring done
[2.138s] -- Generating done
[2.139s] -- Build files have been written to: /home/riccardochiaretti/alba_v2_hmi/build/hmi_node
[2.236s] [35m[1mScanning dependencies of target hmi_node[0m
[2.371s] [ 50%] [32mBuilding CXX object CMakeFiles/hmi_node.dir/src/main.cpp.o[0m
[3.379s] CMakeFiles/hmi_node.dir/build.make:62: recipe for target 'CMakeFiles/hmi_node.dir/src/main.cpp.o' failed
[3.380s] CMakeFiles/Makefile2:131: recipe for target 'CMakeFiles/hmi_node.dir/all' failed
[3.380s] Makefile:140: recipe for target 'all' failed
