[0.079s] -- Found ament_cmake: 0.8.2 (/home/riccardochiaretti/ros2_eloquent/install/ament_cmake/share/ament_cmake/cmake)
[0.386s] -- Using PYTHON_EXECUTABLE: /usr/bin/python3
[0.924s] -- Override CMake install command with custom implementation using symlinks instead of copying resources
[0.929s] -- Found rclcpp: 0.8.4 (/home/riccardochiaretti/ros2_eloquent/install/rclcpp/share/rclcpp/cmake)
[0.971s] -- Found rosidl_adapter: 0.8.2 (/home/riccardochiaretti/ros2_eloquent/install/rosidl_adapter/share/rosidl_adapter/cmake)
[0.992s] -- Found rmw_implementation_cmake: 0.8.1 (/home/riccardochiaretti/ros2_eloquent/install/rmw_implementation_cmake/share/rmw_implementation_cmake/cmake)
[1.016s] -- Using RMW implementation 'rmw_fastrtps_cpp' as default
[1.042s] -- Found geometry_msgs: 0.8.1 (/home/riccardochiaretti/ros2_eloquent/install/geometry_msgs/share/geometry_msgs/cmake)
[1.050s] -- Found ament_index_cpp: 0.7.2 (/home/riccardochiaretti/ros2_eloquent/install/ament_index_cpp/share/ament_index_cpp/cmake)
[1.052s] -- Found yaml_cpp_vendor: 7.0.0 (/home/riccardochiaretti/ros2_eloquent/install/yaml_cpp_vendor/share/yaml_cpp_vendor/cmake)
[1.052s] -- Setting yaml-cpp_DIR to: '/home/riccardochiaretti/ros2_eloquent/install/yaml_cpp_vendor/share/yaml_cpp_vendor/cmake/../../../opt/yaml_cpp_vendor/lib/cmake/yaml-cpp'
[1.537s] -- Found ament_lint_auto: 0.8.1 (/home/riccardochiaretti/ros2_eloquent/install/ament_lint_auto/share/ament_lint_auto/cmake)
[1.895s] -- Added test 'copyright' to check for copyright in CMake / C / C++ / Python code
[1.896s] -- Added test 'cppcheck' to perform static code analysis on C / C++ code
[1.896s] -- Configured cppcheck include dirs: 
[1.897s] -- Added test 'cpplint' to check C / C++ code against the Google style
[1.897s] -- Added test 'flake8' to check Python code syntax and style conventions
[1.898s] -- Added test 'lint_cmake' to check CMake code style
[1.898s] -- Added test 'pep257' to check Python code against some of the style conventions in PEP 257
[1.899s] -- Added test 'uncrustify' to check C / C++ code style
[1.899s] -- Added test 'xmllint' to check XML markup files
[1.901s] -- Configuring done
[1.922s] -- Generating done
[1.924s] -- Build files have been written to: /home/riccardochiaretti/alba_v2_hmi/build/hmi_node
[1.971s] [35m[1mScanning dependencies of target hmi_node_client[0m
[1.972s] [35m[1mScanning dependencies of target hmi_node_server[0m
[2.008s] [ 25%] [32mBuilding CXX object CMakeFiles/hmi_node_client.dir/src/client.cpp.o[0m
[2.014s] [ 50%] [32mBuilding CXX object CMakeFiles/hmi_node_server.dir/src/server.cpp.o[0m
[2.975s] [ 75%] [32m[1mLinking CXX executable hmi_node_client[0m
[3.174s] [ 75%] Built target hmi_node_client
[3.986s] [100%] [32m[1mLinking CXX executable hmi_node_server[0m
[4.219s] CMakeFiles/hmi_node_server.dir/build.make:145: recipe for target 'hmi_node_server' failed
[4.220s] CMakeFiles/Makefile2:131: recipe for target 'CMakeFiles/hmi_node_server.dir/all' failed
[4.220s] Makefile:140: recipe for target 'all' failed
