[0.034s] Invoking command in '/home/riccardochiaretti/alba_v2_hmi/build/hmi_node': CMAKE_PREFIX_PATH=${CMAKE_PREFIX_PATH}:/home/riccardochiaretti/ros2_eloquent/install/ros2bag:/home/riccardochiaretti/ros2_eloquent/install/tracetools_launch:/home/riccardochiaretti/ros2_eloquent/install/topic_monitor:/home/riccardochiaretti/ros2_eloquent/install/examples_tf2_py:/home/riccardochiaretti/ros2_eloquent/install/sros2:/home/riccardochiaretti/ros2_eloquent/install/rqt_topic:/home/riccardochiaretti/ros2_eloquent/install/rqt_reconfigure:/home/riccardochiaretti/ros2_eloquent/install/rqt_action:/home/riccardochiaretti/ros2_eloquent/install/rqt:/home/riccardochiaretti/ros2_eloquent/install/rqt_graph:/home/riccardochiaretti/ros2_eloquent/install/rqt_gui_py:/home/riccardochiaretti/ros2_eloquent/install/rqt_gui:/home/riccardochiaretti/ros2_eloquent/install/ros2trace:/home/riccardochiaretti/ros2_eloquent/install/ros2topic:/home/riccardochiaretti/ros2_eloquent/install/ros2test:/home/riccardochiaretti/ros2_eloquent/install/ros2srv:/home/riccardochiaretti/ros2_eloquent/install/ros2component:/home/riccardochiaretti/ros2_eloquent/install/ros2param:/home/riccardochiaretti/ros2_eloquent/install/ros2lifecycle:/home/riccardochiaretti/ros2_eloquent/install/ros2service:/home/riccardochiaretti/ros2_eloquent/install/ros2run:/home/riccardochiaretti/ros2_eloquent/install/ros2launch:/home/riccardochiaretti/ros2_eloquent/install/ros2pkg:/home/riccardochiaretti/ros2_eloquent/install/ros2node:/home/riccardochiaretti/ros2_eloquent/install/ros2multicast:/home/riccardochiaretti/ros2_eloquent/install/ros2msg:/home/riccardochiaretti/ros2_eloquent/install/ros2interface:/home/riccardochiaretti/ros2_eloquent/install/ros2doctor:/home/riccardochiaretti/ros2_eloquent/install/ros2action:/home/riccardochiaretti/ros2_eloquent/install/ros2cli:/home/riccardochiaretti/ros2_eloquent/install/quality_of_service_demo_py:/home/riccardochiaretti/ros2_eloquent/install/launch_testing_ros:/home/riccardochiaretti/ros2_eloquent/install/launch_ros:/home/riccardochiaretti/ros2_eloquent/install/examples_rclpy_minimal_subscriber:/home/riccardochiaretti/ros2_eloquent/install/examples_rclpy_minimal_service:/home/riccardochiaretti/ros2_eloquent/install/examples_rclpy_minimal_publisher:/home/riccardochiaretti/ros2_eloquent/install/examples_rclpy_minimal_client:/home/riccardochiaretti/ros2_eloquent/install/examples_rclpy_minimal_action_server:/home/riccardochiaretti/ros2_eloquent/install/examples_rclpy_minimal_action_client:/home/riccardochiaretti/ros2_eloquent/install/examples_rclpy_executors:/home/riccardochiaretti/ros2_eloquent/install/demo_nodes_py:/home/riccardochiaretti/ros2_eloquent/install/action_tutorials_py:/home/riccardochiaretti/ros2_eloquent/install/ament_uncrustify:/home/riccardochiaretti/ros2_eloquent/install/tracetools_trace:/home/riccardochiaretti/ros2_eloquent/install/tracetools_read:/home/riccardochiaretti/ros2_eloquent/install/test_launch_ros:/home/riccardochiaretti/ros2_eloquent/install/rosidl_runtime_py:/home/riccardochiaretti/ros2_eloquent/install/launch_yaml:/home/riccardochiaretti/ros2_eloquent/install/launch_xml:/home/riccardochiaretti/ros2_eloquent/install/launch_testing:/home/riccardochiaretti/ros2_eloquent/install/launch:/home/riccardochiaretti/ros2_eloquent/install/osrf_pycommon:/home/riccardochiaretti/ros2_eloquent/install/domain_coordinator:/home/riccardochiaretti/ros2_eloquent/install/ament_xmllint:/home/riccardochiaretti/ros2_eloquent/install/ament_pyflakes:/home/riccardochiaretti/ros2_eloquent/install/ament_pep8:/home/riccardochiaretti/ros2_eloquent/install/ament_pep257:/home/riccardochiaretti/ros2_eloquent/install/ament_pclint:/home/riccardochiaretti/ros2_eloquent/install/ament_package:/home/riccardochiaretti/ros2_eloquent/install/ament_mypy:/home/riccardochiaretti/ros2_eloquent/install/ament_lint_cmake:/home/riccardochiaretti/ros2_eloquent/install/ament_flake8:/home/riccardochiaretti/ros2_eloquent/install/ament_copyright:/home/riccardochiaretti/ros2_eloquent/install/ament_lint:/home/riccardochiaretti/ros2_eloquent/install/ament_index_python:/home/riccardochiaretti/ros2_eloquent/install/ament_cpplint:/home/riccardochiaretti/ros2_eloquent/install/ament_cppcheck:/home/riccardochiaretti/ros2_eloquent/install/ament_clang_tidy:/home/riccardochiaretti/ros2_eloquent/install/ament_clang_format /usr/bin/cmake --build /home/riccardochiaretti/alba_v2_hmi/build/hmi_node -- -j12 -l12
[0.079s] -- Found ament_cmake: 0.8.2 (/home/riccardochiaretti/ros2_eloquent/install/ament_cmake/share/ament_cmake/cmake)
[0.386s] -- Using PYTHON_EXECUTABLE: /usr/bin/python3
[0.924s] -- Override CMake install command with custom implementation using symlinks instead of copying resources
[0.929s] -- Found rclcpp: 0.8.4 (/home/riccardochiaretti/ros2_eloquent/install/rclcpp/share/rclcpp/cmake)
[0.971s] -- Found rosidl_adapter: 0.8.2 (/home/riccardochiaretti/ros2_eloquent/install/rosidl_adapter/share/rosidl_adapter/cmake)
[0.992s] -- Found rmw_implementation_cmake: 0.8.1 (/home/riccardochiaretti/ros2_eloquent/install/rmw_implementation_cmake/share/rmw_implementation_cmake/cmake)
[1.016s] -- Using RMW implementation 'rmw_fastrtps_cpp' as default
[1.042s] -- Found geometry_msgs: 0.8.1 (/home/riccardochiaretti/ros2_eloquent/install/geometry_msgs/share/geometry_msgs/cmake)
[1.050s] -- Found ament_index_cpp: 0.7.2 (/home/riccardochiaretti/ros2_eloquent/install/ament_index_cpp/share/ament_index_cpp/cmake)
[1.052s] -- Found yaml_cpp_vendor: 7.0.0 (/home/riccardochiaretti/ros2_eloquent/install/yaml_cpp_vendor/share/yaml_cpp_vendor/cmake)
[1.052s] -- Setting yaml-cpp_DIR to: '/home/riccardochiaretti/ros2_eloquent/install/yaml_cpp_vendor/share/yaml_cpp_vendor/cmake/../../../opt/yaml_cpp_vendor/lib/cmake/yaml-cpp'
[1.537s] -- Found ament_lint_auto: 0.8.1 (/home/riccardochiaretti/ros2_eloquent/install/ament_lint_auto/share/ament_lint_auto/cmake)
[1.895s] -- Added test 'copyright' to check for copyright in CMake / C / C++ / Python code
[1.896s] -- Added test 'cppcheck' to perform static code analysis on C / C++ code
[1.896s] -- Configured cppcheck include dirs: 
[1.897s] -- Added test 'cpplint' to check C / C++ code against the Google style
[1.897s] -- Added test 'flake8' to check Python code syntax and style conventions
[1.898s] -- Added test 'lint_cmake' to check CMake code style
[1.898s] -- Added test 'pep257' to check Python code against some of the style conventions in PEP 257
[1.899s] -- Added test 'uncrustify' to check C / C++ code style
[1.899s] -- Added test 'xmllint' to check XML markup files
[1.901s] -- Configuring done
[1.922s] -- Generating done
[1.924s] -- Build files have been written to: /home/riccardochiaretti/alba_v2_hmi/build/hmi_node
[1.971s] [35m[1mScanning dependencies of target hmi_node_client[0m
[1.972s] [35m[1mScanning dependencies of target hmi_node_server[0m
[2.008s] [ 25%] [32mBuilding CXX object CMakeFiles/hmi_node_client.dir/src/client.cpp.o[0m
[2.014s] [ 50%] [32mBuilding CXX object CMakeFiles/hmi_node_server.dir/src/server.cpp.o[0m
[2.975s] [ 75%] [32m[1mLinking CXX executable hmi_node_client[0m
[3.174s] [ 75%] Built target hmi_node_client
[3.986s] [100%] [32m[1mLinking CXX executable hmi_node_server[0m
[4.217s] CMakeFiles/hmi_node_server.dir/src/server.cpp.o: In function `Server::Server()':
[4.218s] server.cpp:(.text+0x2ab): undefined reference to `vtable for Server'
[4.218s] server.cpp:(.text+0x2bc): undefined reference to `vtable for Server'
[4.218s] collect2: error: ld returned 1 exit status
[4.219s] make[2]: *** [hmi_node_server] Error 1
[4.219s] CMakeFiles/hmi_node_server.dir/build.make:145: recipe for target 'hmi_node_server' failed
[4.219s] make[1]: *** [CMakeFiles/hmi_node_server.dir/all] Error 2
[4.220s] CMakeFiles/Makefile2:131: recipe for target 'CMakeFiles/hmi_node_server.dir/all' failed
[4.220s] Makefile:140: recipe for target 'all' failed
[4.220s] make: *** [all] Error 2
[4.221s] Invoked command in '/home/riccardochiaretti/alba_v2_hmi/build/hmi_node' returned '2': CMAKE_PREFIX_PATH=${CMAKE_PREFIX_PATH}:/home/riccardochiaretti/ros2_eloquent/install/ros2bag:/home/riccardochiaretti/ros2_eloquent/install/tracetools_launch:/home/riccardochiaretti/ros2_eloquent/install/topic_monitor:/home/riccardochiaretti/ros2_eloquent/install/examples_tf2_py:/home/riccardochiaretti/ros2_eloquent/install/sros2:/home/riccardochiaretti/ros2_eloquent/install/rqt_topic:/home/riccardochiaretti/ros2_eloquent/install/rqt_reconfigure:/home/riccardochiaretti/ros2_eloquent/install/rqt_action:/home/riccardochiaretti/ros2_eloquent/install/rqt:/home/riccardochiaretti/ros2_eloquent/install/rqt_graph:/home/riccardochiaretti/ros2_eloquent/install/rqt_gui_py:/home/riccardochiaretti/ros2_eloquent/install/rqt_gui:/home/riccardochiaretti/ros2_eloquent/install/ros2trace:/home/riccardochiaretti/ros2_eloquent/install/ros2topic:/home/riccardochiaretti/ros2_eloquent/install/ros2test:/home/riccardochiaretti/ros2_eloquent/install/ros2srv:/home/riccardochiaretti/ros2_eloquent/install/ros2component:/home/riccardochiaretti/ros2_eloquent/install/ros2param:/home/riccardochiaretti/ros2_eloquent/install/ros2lifecycle:/home/riccardochiaretti/ros2_eloquent/install/ros2service:/home/riccardochiaretti/ros2_eloquent/install/ros2run:/home/riccardochiaretti/ros2_eloquent/install/ros2launch:/home/riccardochiaretti/ros2_eloquent/install/ros2pkg:/home/riccardochiaretti/ros2_eloquent/install/ros2node:/home/riccardochiaretti/ros2_eloquent/install/ros2multicast:/home/riccardochiaretti/ros2_eloquent/install/ros2msg:/home/riccardochiaretti/ros2_eloquent/install/ros2interface:/home/riccardochiaretti/ros2_eloquent/install/ros2doctor:/home/riccardochiaretti/ros2_eloquent/install/ros2action:/home/riccardochiaretti/ros2_eloquent/install/ros2cli:/home/riccardochiaretti/ros2_eloquent/install/quality_of_service_demo_py:/home/riccardochiaretti/ros2_eloquent/install/launch_testing_ros:/home/riccardochiaretti/ros2_eloquent/install/launch_ros:/home/riccardochiaretti/ros2_eloquent/install/examples_rclpy_minimal_subscriber:/home/riccardochiaretti/ros2_eloquent/install/examples_rclpy_minimal_service:/home/riccardochiaretti/ros2_eloquent/install/examples_rclpy_minimal_publisher:/home/riccardochiaretti/ros2_eloquent/install/examples_rclpy_minimal_client:/home/riccardochiaretti/ros2_eloquent/install/examples_rclpy_minimal_action_server:/home/riccardochiaretti/ros2_eloquent/install/examples_rclpy_minimal_action_client:/home/riccardochiaretti/ros2_eloquent/install/examples_rclpy_executors:/home/riccardochiaretti/ros2_eloquent/install/demo_nodes_py:/home/riccardochiaretti/ros2_eloquent/install/action_tutorials_py:/home/riccardochiaretti/ros2_eloquent/install/ament_uncrustify:/home/riccardochiaretti/ros2_eloquent/install/tracetools_trace:/home/riccardochiaretti/ros2_eloquent/install/tracetools_read:/home/riccardochiaretti/ros2_eloquent/install/test_launch_ros:/home/riccardochiaretti/ros2_eloquent/install/rosidl_runtime_py:/home/riccardochiaretti/ros2_eloquent/install/launch_yaml:/home/riccardochiaretti/ros2_eloquent/install/launch_xml:/home/riccardochiaretti/ros2_eloquent/install/launch_testing:/home/riccardochiaretti/ros2_eloquent/install/launch:/home/riccardochiaretti/ros2_eloquent/install/osrf_pycommon:/home/riccardochiaretti/ros2_eloquent/install/domain_coordinator:/home/riccardochiaretti/ros2_eloquent/install/ament_xmllint:/home/riccardochiaretti/ros2_eloquent/install/ament_pyflakes:/home/riccardochiaretti/ros2_eloquent/install/ament_pep8:/home/riccardochiaretti/ros2_eloquent/install/ament_pep257:/home/riccardochiaretti/ros2_eloquent/install/ament_pclint:/home/riccardochiaretti/ros2_eloquent/install/ament_package:/home/riccardochiaretti/ros2_eloquent/install/ament_mypy:/home/riccardochiaretti/ros2_eloquent/install/ament_lint_cmake:/home/riccardochiaretti/ros2_eloquent/install/ament_flake8:/home/riccardochiaretti/ros2_eloquent/install/ament_copyright:/home/riccardochiaretti/ros2_eloquent/install/ament_lint:/home/riccardochiaretti/ros2_eloquent/install/ament_index_python:/home/riccardochiaretti/ros2_eloquent/install/ament_cpplint:/home/riccardochiaretti/ros2_eloquent/install/ament_cppcheck:/home/riccardochiaretti/ros2_eloquent/install/ament_clang_tidy:/home/riccardochiaretti/ros2_eloquent/install/ament_clang_format /usr/bin/cmake --build /home/riccardochiaretti/alba_v2_hmi/build/hmi_node -- -j12 -l12
